<?xml version="1.0" encoding="UTF-8"?>
<testsuite xmlns:xsi="http://www.w3.org/2001/XMLSchema-instance" xsi:noNamespaceSchemaLocation="https://maven.apache.org/surefire/maven-surefire-plugin/xsd/surefire-test-report.xsd" version="3.0.1" name="code.with.vanilson.cucumber.runner.CucumberRunnerTest" time="76.116" tests="15" errors="0" skipped="0" failures="0">
  <properties>
    <property name="java.specification.version" value="17"/>
    <property name="sun.cpu.isalist" value="amd64"/>
    <property name="sun.jnu.encoding" value="Cp1252"/>
    <property name="java.class.path" value="C:\Users\vamuhong\Documents\Formation 2023\backend\demo-cucumber\target\test-classes;C:\Users\vamuhong\Documents\Formation 2023\backend\demo-cucumber\target\classes;C:\Users\vamuhong\.m2\repository\org\springframework\boot\spring-boot-starter-data-jpa\3.0.1\spring-boot-starter-data-jpa-3.0.1.jar;C:\Users\vamuhong\.m2\repository\org\springframework\boot\spring-boot-starter-aop\3.0.1\spring-boot-starter-aop-3.0.1.jar;C:\Users\vamuhong\.m2\repository\org\springframework\spring-aop\6.0.3\spring-aop-6.0.3.jar;C:\Users\vamuhong\.m2\repository\org\aspectj\aspectjweaver\1.9.19\aspectjweaver-1.9.19.jar;C:\Users\vamuhong\.m2\repository\org\springframework\boot\spring-boot-starter-jdbc\3.0.1\spring-boot-starter-jdbc-3.0.1.jar;C:\Users\vamuhong\.m2\repository\com\zaxxer\HikariCP\5.0.1\HikariCP-5.0.1.jar;C:\Users\vamuhong\.m2\repository\org\springframework\spring-jdbc\6.0.3\spring-jdbc-6.0.3.jar;C:\Users\vamuhong\.m2\repository\org\hibernate\orm\hibernate-core\6.1.6.Final\hibernate-core-6.1.6.Final.jar;C:\Users\vamuhong\.m2\repository\jakarta\persistence\jakarta.persistence-api\3.1.0\jakarta.persistence-api-3.1.0.jar;C:\Users\vamuhong\.m2\repository\jakarta\transaction\jakarta.transaction-api\2.0.1\jakarta.transaction-api-2.0.1.jar;C:\Users\vamuhong\.m2\repository\org\jboss\logging\jboss-logging\3.5.0.Final\jboss-logging-3.5.0.Final.jar;C:\Users\vamuhong\.m2\repository\org\hibernate\common\hibernate-commons-annotations\6.0.2.Final\hibernate-commons-annotations-6.0.2.Final.jar;C:\Users\vamuhong\.m2\repository\org\jboss\jandex\2.4.2.Final\jandex-2.4.2.Final.jar;C:\Users\vamuhong\.m2\repository\com\fasterxml\classmate\1.5.1\classmate-1.5.1.jar;C:\Users\vamuhong\.m2\repository\org\glassfish\jaxb\jaxb-runtime\4.0.1\jaxb-runtime-4.0.1.jar;C:\Users\vamuhong\.m2\repository\org\glassfish\jaxb\jaxb-core\4.0.1\jaxb-core-4.0.1.jar;C:\Users\vamuhong\.m2\repository\org\eclipse\angus\angus-activation\1.0.0\angus-activation-1.0.0.jar;C:\Users\vamuhong\.m2\repository\org\glassfish\jaxb\txw2\4.0.1\txw2-4.0.1.jar;C:\Users\vamuhong\.m2\repository\com\sun\istack\istack-commons-runtime\4.1.1\istack-commons-runtime-4.1.1.jar;C:\Users\vamuhong\.m2\repository\jakarta\inject\jakarta.inject-api\2.0.0\jakarta.inject-api-2.0.0.jar;C:\Users\vamuhong\.m2\repository\org\antlr\antlr4-runtime\4.10.1\antlr4-runtime-4.10.1.jar;C:\Users\vamuhong\.m2\repository\org\springframework\data\spring-data-jpa\3.0.0\spring-data-jpa-3.0.0.jar;C:\Users\vamuhong\.m2\repository\org\springframework\data\spring-data-commons\3.0.0\spring-data-commons-3.0.0.jar;C:\Users\vamuhong\.m2\repository\org\springframework\spring-orm\6.0.3\spring-orm-6.0.3.jar;C:\Users\vamuhong\.m2\repository\org\springframework\spring-context\6.0.3\spring-context-6.0.3.jar;C:\Users\vamuhong\.m2\repository\org\springframework\spring-tx\6.0.3\spring-tx-6.0.3.jar;C:\Users\vamuhong\.m2\repository\org\springframework\spring-beans\6.0.3\spring-beans-6.0.3.jar;C:\Users\vamuhong\.m2\repository\jakarta\annotation\jakarta.annotation-api\2.1.1\jakarta.annotation-api-2.1.1.jar;C:\Users\vamuhong\.m2\repository\org\slf4j\slf4j-api\2.0.6\slf4j-api-2.0.6.jar;C:\Users\vamuhong\.m2\repository\org\springframework\spring-aspects\6.0.3\spring-aspects-6.0.3.jar;C:\Users\vamuhong\.m2\repository\org\springframework\boot\spring-boot-starter-validation\3.0.1\spring-boot-starter-validation-3.0.1.jar;C:\Users\vamuhong\.m2\repository\org\springframework\boot\spring-boot-starter\3.0.1\spring-boot-starter-3.0.1.jar;C:\Users\vamuhong\.m2\repository\org\springframework\boot\spring-boot-starter-logging\3.0.1\spring-boot-starter-logging-3.0.1.jar;C:\Users\vamuhong\.m2\repository\ch\qos\logback\logback-classic\1.4.5\logback-classic-1.4.5.jar;C:\Users\vamuhong\.m2\repository\ch\qos\logback\logback-core\1.4.5\logback-core-1.4.5.jar;C:\Users\vamuhong\.m2\repository\org\apache\logging\log4j\log4j-to-slf4j\2.19.0\log4j-to-slf4j-2.19.0.jar;C:\Users\vamuhong\.m2\repository\org\apache\logging\log4j\log4j-api\2.19.0\log4j-api-2.19.0.jar;C:\Users\vamuhong\.m2\repository\org\slf4j\jul-to-slf4j\2.0.6\jul-to-slf4j-2.0.6.jar;C:\Users\vamuhong\.m2\repository\org\yaml\snakeyaml\1.33\snakeyaml-1.33.jar;C:\Users\vamuhong\.m2\repository\org\apache\tomcat\embed\tomcat-embed-el\10.1.4\tomcat-embed-el-10.1.4.jar;C:\Users\vamuhong\.m2\repository\org\hibernate\validator\hibernate-validator\8.0.0.Final\hibernate-validator-8.0.0.Final.jar;C:\Users\vamuhong\.m2\repository\jakarta\validation\jakarta.validation-api\3.0.2\jakarta.validation-api-3.0.2.jar;C:\Users\vamuhong\.m2\repository\org\springframework\boot\spring-boot-starter-web\3.0.1\spring-boot-starter-web-3.0.1.jar;C:\Users\vamuhong\.m2\repository\org\springframework\boot\spring-boot-starter-json\3.0.1\spring-boot-starter-json-3.0.1.jar;C:\Users\vamuhong\.m2\repository\com\fasterxml\jackson\core\jackson-databind\2.14.1\jackson-databind-2.14.1.jar;C:\Users\vamuhong\.m2\repository\com\fasterxml\jackson\core\jackson-annotations\2.14.1\jackson-annotations-2.14.1.jar;C:\Users\vamuhong\.m2\repository\com\fasterxml\jackson\core\jackson-core\2.14.1\jackson-core-2.14.1.jar;C:\Users\vamuhong\.m2\repository\com\fasterxml\jackson\datatype\jackson-datatype-jdk8\2.14.1\jackson-datatype-jdk8-2.14.1.jar;C:\Users\vamuhong\.m2\repository\com\fasterxml\jackson\datatype\jackson-datatype-jsr310\2.14.1\jackson-datatype-jsr310-2.14.1.jar;C:\Users\vamuhong\.m2\repository\com\fasterxml\jackson\module\jackson-module-parameter-names\2.14.1\jackson-module-parameter-names-2.14.1.jar;C:\Users\vamuhong\.m2\repository\org\springframework\boot\spring-boot-starter-tomcat\3.0.1\spring-boot-starter-tomcat-3.0.1.jar;C:\Users\vamuhong\.m2\repository\org\apache\tomcat\embed\tomcat-embed-core\10.1.4\tomcat-embed-core-10.1.4.jar;C:\Users\vamuhong\.m2\repository\org\apache\tomcat\embed\tomcat-embed-websocket\10.1.4\tomcat-embed-websocket-10.1.4.jar;C:\Users\vamuhong\.m2\repository\org\springframework\spring-web\6.0.3\spring-web-6.0.3.jar;C:\Users\vamuhong\.m2\repository\io\micrometer\micrometer-observation\1.10.2\micrometer-observation-1.10.2.jar;C:\Users\vamuhong\.m2\repository\io\micrometer\micrometer-commons\1.10.2\micrometer-commons-1.10.2.jar;C:\Users\vamuhong\.m2\repository\org\springframework\spring-webmvc\6.0.3\spring-webmvc-6.0.3.jar;C:\Users\vamuhong\.m2\repository\org\springframework\spring-expression\6.0.3\spring-expression-6.0.3.jar;C:\Users\vamuhong\.m2\repository\jakarta\platform\jakarta.jakartaee-api\9.0.0\jakarta.jakartaee-api-9.0.0.jar;C:\Users\vamuhong\.m2\repository\org\springframework\boot\spring-boot-devtools\3.0.1\spring-boot-devtools-3.0.1.jar;C:\Users\vamuhong\.m2\repository\org\springframework\boot\spring-boot\3.0.1\spring-boot-3.0.1.jar;C:\Users\vamuhong\.m2\repository\org\springframework\boot\spring-boot-autoconfigure\3.0.1\spring-boot-autoconfigure-3.0.1.jar;C:\Users\vamuhong\.m2\repository\com\h2database\h2\2.1.214\h2-2.1.214.jar;C:\Users\vamuhong\.m2\repository\org\projectlombok\lombok\1.18.24\lombok-1.18.24.jar;C:\Users\vamuhong\.m2\repository\org\postgresql\postgresql\42.7.3\postgresql-42.7.3.jar;C:\Users\vamuhong\.m2\repository\org\checkerframework\checker-qual\3.42.0\checker-qual-3.42.0.jar;C:\Users\vamuhong\.m2\repository\org\apache\commons\commons-lang3\3.14.0\commons-lang3-3.14.0.jar;C:\Users\vamuhong\.m2\repository\commons-validator\commons-validator\1.7\commons-validator-1.7.jar;C:\Users\vamuhong\.m2\repository\commons-beanutils\commons-beanutils\1.9.4\commons-beanutils-1.9.4.jar;C:\Users\vamuhong\.m2\repository\commons-digester\commons-digester\2.1\commons-digester-2.1.jar;C:\Users\vamuhong\.m2\repository\commons-logging\commons-logging\1.2\commons-logging-1.2.jar;C:\Users\vamuhong\.m2\repository\commons-collections\commons-collections\3.2.2\commons-collections-3.2.2.jar;C:\Users\vamuhong\.m2\repository\org\mockito\mockito-core\3.11.2\mockito-core-3.11.2.jar;C:\Users\vamuhong\.m2\repository\net\bytebuddy\byte-buddy\1.12.20\byte-buddy-1.12.20.jar;C:\Users\vamuhong\.m2\repository\net\bytebuddy\byte-buddy-agent\1.12.20\byte-buddy-agent-1.12.20.jar;C:\Users\vamuhong\.m2\repository\org\objenesis\objenesis\3.2\objenesis-3.2.jar;C:\Users\vamuhong\.m2\repository\org\junit\jupiter\junit-jupiter-api\5.8.2\junit-jupiter-api-5.8.2.jar;C:\Users\vamuhong\.m2\repository\org\opentest4j\opentest4j\1.2.0\opentest4j-1.2.0.jar;C:\Users\vamuhong\.m2\repository\org\junit\platform\junit-platform-commons\1.9.1\junit-platform-commons-1.9.1.jar;C:\Users\vamuhong\.m2\repository\org\apiguardian\apiguardian-api\1.1.2\apiguardian-api-1.1.2.jar;C:\Users\vamuhong\.m2\repository\org\junit\jupiter\junit-jupiter-engine\5.8.2\junit-jupiter-engine-5.8.2.jar;C:\Users\vamuhong\.m2\repository\org\junit\platform\junit-platform-engine\1.9.1\junit-platform-engine-1.9.1.jar;C:\Users\vamuhong\.m2\repository\org\junit\jupiter\junit-jupiter-params\5.8.2\junit-jupiter-params-5.8.2.jar;C:\Users\vamuhong\.m2\repository\org\junit\platform\junit-platform-suite\1.8.2\junit-platform-suite-1.8.2.jar;C:\Users\vamuhong\.m2\repository\org\junit\platform\junit-platform-suite-api\1.9.1\junit-platform-suite-api-1.9.1.jar;C:\Users\vamuhong\.m2\repository\org\junit\platform\junit-platform-suite-engine\1.9.1\junit-platform-suite-engine-1.9.1.jar;C:\Users\vamuhong\.m2\repository\org\junit\platform\junit-platform-suite-commons\1.9.1\junit-platform-suite-commons-1.9.1.jar;C:\Users\vamuhong\.m2\repository\org\junit\platform\junit-platform-launcher\1.9.1\junit-platform-launcher-1.9.1.jar;C:\Users\vamuhong\.m2\repository\io\cucumber\cucumber-junit-platform-engine\7.0.0\cucumber-junit-platform-engine-7.0.0.jar;C:\Users\vamuhong\.m2\repository\io\cucumber\cucumber-core\7.0.0\cucumber-core-7.0.0.jar;C:\Users\vamuhong\.m2\repository\io\cucumber\cucumber-gherkin\7.0.0\cucumber-gherkin-7.0.0.jar;C:\Users\vamuhong\.m2\repository\io\cucumber\cucumber-gherkin-messages\7.0.0\cucumber-gherkin-messages-7.0.0.jar;C:\Users\vamuhong\.m2\repository\io\cucumber\messages\17.1.1\messages-17.1.1.jar;C:\Users\vamuhong\.m2\repository\io\cucumber\tag-expressions\4.0.2\tag-expressions-4.0.2.jar;C:\Users\vamuhong\.m2\repository\io\cucumber\cucumber-expressions\13.0.1\cucumber-expressions-13.0.1.jar;C:\Users\vamuhong\.m2\repository\io\cucumber\datatable\7.0.0\datatable-7.0.0.jar;C:\Users\vamuhong\.m2\repository\io\cucumber\cucumber-plugin\7.0.0\cucumber-plugin-7.0.0.jar;C:\Users\vamuhong\.m2\repository\io\cucumber\docstring\7.0.0\docstring-7.0.0.jar;C:\Users\vamuhong\.m2\repository\io\cucumber\html-formatter\17.0.0\html-formatter-17.0.0.jar;C:\Users\vamuhong\.m2\repository\io\cucumber\create-meta\6.0.1\create-meta-6.0.1.jar;C:\Users\vamuhong\.m2\repository\io\cucumber\cucumber-java\7.0.0\cucumber-java-7.0.0.jar;C:\Users\vamuhong\.m2\repository\io\cucumber\cucumber-spring\7.0.0\cucumber-spring-7.0.0.jar;C:\Users\vamuhong\.m2\repository\org\springframework\boot\spring-boot-starter-test\3.0.1\spring-boot-starter-test-3.0.1.jar;C:\Users\vamuhong\.m2\repository\org\springframework\boot\spring-boot-test\3.0.1\spring-boot-test-3.0.1.jar;C:\Users\vamuhong\.m2\repository\org\springframework\boot\spring-boot-test-autoconfigure\3.0.1\spring-boot-test-autoconfigure-3.0.1.jar;C:\Users\vamuhong\.m2\repository\com\jayway\jsonpath\json-path\2.7.0\json-path-2.7.0.jar;C:\Users\vamuhong\.m2\repository\net\minidev\json-smart\2.4.8\json-smart-2.4.8.jar;C:\Users\vamuhong\.m2\repository\net\minidev\accessors-smart\2.4.8\accessors-smart-2.4.8.jar;C:\Users\vamuhong\.m2\repository\org\ow2\asm\asm\9.1\asm-9.1.jar;C:\Users\vamuhong\.m2\repository\jakarta\xml\bind\jakarta.xml.bind-api\4.0.0\jakarta.xml.bind-api-4.0.0.jar;C:\Users\vamuhong\.m2\repository\jakarta\activation\jakarta.activation-api\2.1.0\jakarta.activation-api-2.1.0.jar;C:\Users\vamuhong\.m2\repository\org\assertj\assertj-core\3.23.1\assertj-core-3.23.1.jar;C:\Users\vamuhong\.m2\repository\org\hamcrest\hamcrest\2.2\hamcrest-2.2.jar;C:\Users\vamuhong\.m2\repository\org\junit\jupiter\junit-jupiter\5.9.1\junit-jupiter-5.9.1.jar;C:\Users\vamuhong\.m2\repository\org\mockito\mockito-junit-jupiter\4.8.1\mockito-junit-jupiter-4.8.1.jar;C:\Users\vamuhong\.m2\repository\org\skyscreamer\jsonassert\1.5.1\jsonassert-1.5.1.jar;C:\Users\vamuhong\.m2\repository\com\vaadin\external\google\android-json\0.0.20131108.vaadin1\android-json-0.0.20131108.vaadin1.jar;C:\Users\vamuhong\.m2\repository\org\springframework\spring-core\6.0.3\spring-core-6.0.3.jar;C:\Users\vamuhong\.m2\repository\org\springframework\spring-jcl\6.0.3\spring-jcl-6.0.3.jar;C:\Users\vamuhong\.m2\repository\org\springframework\spring-test\6.0.3\spring-test-6.0.3.jar;C:\Users\vamuhong\.m2\repository\org\xmlunit\xmlunit-core\2.9.0\xmlunit-core-2.9.0.jar;"/>
    <property name="java.vm.vendor" value="Oracle Corporation"/>
    <property name="sun.arch.data.model" value="64"/>
    <property name="user.variant" value=""/>
    <property name="catalina.useNaming" value="false"/>
    <property name="java.vendor.url" value="https://java.oracle.com/"/>
    <property name="user.timezone" value="Europe/Lisbon"/>
    <property name="org.jboss.logging.provider" value="slf4j"/>
    <property name="user.country.format" value="PT"/>
    <property name="os.name" value="Windows 11"/>
    <property name="java.vm.specification.version" value="17"/>
    <property name="sun.java.launcher" value="SUN_STANDARD"/>
    <property name="user.country" value="US"/>
    <property name="sun.boot.library.path" value="C:\Program Files\Java\jdk-17\bin"/>
    <property name="sun.java.command" value="C:\Users\vamuhong\AppData\Local\Temp\surefire7784696623716526373\surefirebooter-20240701131750601_3.jar C:\Users\vamuhong\AppData\Local\Temp\surefire7784696623716526373 2024-07-01T13-17-50_297-jvmRun1 surefire-20240701131750601_1tmp surefire_0-20240701131750601_2tmp"/>
    <property name="jdk.debug" value="release"/>
    <property name="surefire.test.class.path" value="C:\Users\vamuhong\Documents\Formation 2023\backend\demo-cucumber\target\test-classes;C:\Users\vamuhong\Documents\Formation 2023\backend\demo-cucumber\target\classes;C:\Users\vamuhong\.m2\repository\org\springframework\boot\spring-boot-starter-data-jpa\3.0.1\spring-boot-starter-data-jpa-3.0.1.jar;C:\Users\vamuhong\.m2\repository\org\springframework\boot\spring-boot-starter-aop\3.0.1\spring-boot-starter-aop-3.0.1.jar;C:\Users\vamuhong\.m2\repository\org\springframework\spring-aop\6.0.3\spring-aop-6.0.3.jar;C:\Users\vamuhong\.m2\repository\org\aspectj\aspectjweaver\1.9.19\aspectjweaver-1.9.19.jar;C:\Users\vamuhong\.m2\repository\org\springframework\boot\spring-boot-starter-jdbc\3.0.1\spring-boot-starter-jdbc-3.0.1.jar;C:\Users\vamuhong\.m2\repository\com\zaxxer\HikariCP\5.0.1\HikariCP-5.0.1.jar;C:\Users\vamuhong\.m2\repository\org\springframework\spring-jdbc\6.0.3\spring-jdbc-6.0.3.jar;C:\Users\vamuhong\.m2\repository\org\hibernate\orm\hibernate-core\6.1.6.Final\hibernate-core-6.1.6.Final.jar;C:\Users\vamuhong\.m2\repository\jakarta\persistence\jakarta.persistence-api\3.1.0\jakarta.persistence-api-3.1.0.jar;C:\Users\vamuhong\.m2\repository\jakarta\transaction\jakarta.transaction-api\2.0.1\jakarta.transaction-api-2.0.1.jar;C:\Users\vamuhong\.m2\repository\org\jboss\logging\jboss-logging\3.5.0.Final\jboss-logging-3.5.0.Final.jar;C:\Users\vamuhong\.m2\repository\org\hibernate\common\hibernate-commons-annotations\6.0.2.Final\hibernate-commons-annotations-6.0.2.Final.jar;C:\Users\vamuhong\.m2\repository\org\jboss\jandex\2.4.2.Final\jandex-2.4.2.Final.jar;C:\Users\vamuhong\.m2\repository\com\fasterxml\classmate\1.5.1\classmate-1.5.1.jar;C:\Users\vamuhong\.m2\repository\org\glassfish\jaxb\jaxb-runtime\4.0.1\jaxb-runtime-4.0.1.jar;C:\Users\vamuhong\.m2\repository\org\glassfish\jaxb\jaxb-core\4.0.1\jaxb-core-4.0.1.jar;C:\Users\vamuhong\.m2\repository\org\eclipse\angus\angus-activation\1.0.0\angus-activation-1.0.0.jar;C:\Users\vamuhong\.m2\repository\org\glassfish\jaxb\txw2\4.0.1\txw2-4.0.1.jar;C:\Users\vamuhong\.m2\repository\com\sun\istack\istack-commons-runtime\4.1.1\istack-commons-runtime-4.1.1.jar;C:\Users\vamuhong\.m2\repository\jakarta\inject\jakarta.inject-api\2.0.0\jakarta.inject-api-2.0.0.jar;C:\Users\vamuhong\.m2\repository\org\antlr\antlr4-runtime\4.10.1\antlr4-runtime-4.10.1.jar;C:\Users\vamuhong\.m2\repository\org\springframework\data\spring-data-jpa\3.0.0\spring-data-jpa-3.0.0.jar;C:\Users\vamuhong\.m2\repository\org\springframework\data\spring-data-commons\3.0.0\spring-data-commons-3.0.0.jar;C:\Users\vamuhong\.m2\repository\org\springframework\spring-orm\6.0.3\spring-orm-6.0.3.jar;C:\Users\vamuhong\.m2\repository\org\springframework\spring-context\6.0.3\spring-context-6.0.3.jar;C:\Users\vamuhong\.m2\repository\org\springframework\spring-tx\6.0.3\spring-tx-6.0.3.jar;C:\Users\vamuhong\.m2\repository\org\springframework\spring-beans\6.0.3\spring-beans-6.0.3.jar;C:\Users\vamuhong\.m2\repository\jakarta\annotation\jakarta.annotation-api\2.1.1\jakarta.annotation-api-2.1.1.jar;C:\Users\vamuhong\.m2\repository\org\slf4j\slf4j-api\2.0.6\slf4j-api-2.0.6.jar;C:\Users\vamuhong\.m2\repository\org\springframework\spring-aspects\6.0.3\spring-aspects-6.0.3.jar;C:\Users\vamuhong\.m2\repository\org\springframework\boot\spring-boot-starter-validation\3.0.1\spring-boot-starter-validation-3.0.1.jar;C:\Users\vamuhong\.m2\repository\org\springframework\boot\spring-boot-starter\3.0.1\spring-boot-starter-3.0.1.jar;C:\Users\vamuhong\.m2\repository\org\springframework\boot\spring-boot-starter-logging\3.0.1\spring-boot-starter-logging-3.0.1.jar;C:\Users\vamuhong\.m2\repository\ch\qos\logback\logback-classic\1.4.5\logback-classic-1.4.5.jar;C:\Users\vamuhong\.m2\repository\ch\qos\logback\logback-core\1.4.5\logback-core-1.4.5.jar;C:\Users\vamuhong\.m2\repository\org\apache\logging\log4j\log4j-to-slf4j\2.19.0\log4j-to-slf4j-2.19.0.jar;C:\Users\vamuhong\.m2\repository\org\apache\logging\log4j\log4j-api\2.19.0\log4j-api-2.19.0.jar;C:\Users\vamuhong\.m2\repository\org\slf4j\jul-to-slf4j\2.0.6\jul-to-slf4j-2.0.6.jar;C:\Users\vamuhong\.m2\repository\org\yaml\snakeyaml\1.33\snakeyaml-1.33.jar;C:\Users\vamuhong\.m2\repository\org\apache\tomcat\embed\tomcat-embed-el\10.1.4\tomcat-embed-el-10.1.4.jar;C:\Users\vamuhong\.m2\repository\org\hibernate\validator\hibernate-validator\8.0.0.Final\hibernate-validator-8.0.0.Final.jar;C:\Users\vamuhong\.m2\repository\jakarta\validation\jakarta.validation-api\3.0.2\jakarta.validation-api-3.0.2.jar;C:\Users\vamuhong\.m2\repository\org\springframework\boot\spring-boot-starter-web\3.0.1\spring-boot-starter-web-3.0.1.jar;C:\Users\vamuhong\.m2\repository\org\springframework\boot\spring-boot-starter-json\3.0.1\spring-boot-starter-json-3.0.1.jar;C:\Users\vamuhong\.m2\repository\com\fasterxml\jackson\core\jackson-databind\2.14.1\jackson-databind-2.14.1.jar;C:\Users\vamuhong\.m2\repository\com\fasterxml\jackson\core\jackson-annotations\2.14.1\jackson-annotations-2.14.1.jar;C:\Users\vamuhong\.m2\repository\com\fasterxml\jackson\core\jackson-core\2.14.1\jackson-core-2.14.1.jar;C:\Users\vamuhong\.m2\repository\com\fasterxml\jackson\datatype\jackson-datatype-jdk8\2.14.1\jackson-datatype-jdk8-2.14.1.jar;C:\Users\vamuhong\.m2\repository\com\fasterxml\jackson\datatype\jackson-datatype-jsr310\2.14.1\jackson-datatype-jsr310-2.14.1.jar;C:\Users\vamuhong\.m2\repository\com\fasterxml\jackson\module\jackson-module-parameter-names\2.14.1\jackson-module-parameter-names-2.14.1.jar;C:\Users\vamuhong\.m2\repository\org\springframework\boot\spring-boot-starter-tomcat\3.0.1\spring-boot-starter-tomcat-3.0.1.jar;C:\Users\vamuhong\.m2\repository\org\apache\tomcat\embed\tomcat-embed-core\10.1.4\tomcat-embed-core-10.1.4.jar;C:\Users\vamuhong\.m2\repository\org\apache\tomcat\embed\tomcat-embed-websocket\10.1.4\tomcat-embed-websocket-10.1.4.jar;C:\Users\vamuhong\.m2\repository\org\springframework\spring-web\6.0.3\spring-web-6.0.3.jar;C:\Users\vamuhong\.m2\repository\io\micrometer\micrometer-observation\1.10.2\micrometer-observation-1.10.2.jar;C:\Users\vamuhong\.m2\repository\io\micrometer\micrometer-commons\1.10.2\micrometer-commons-1.10.2.jar;C:\Users\vamuhong\.m2\repository\org\springframework\spring-webmvc\6.0.3\spring-webmvc-6.0.3.jar;C:\Users\vamuhong\.m2\repository\org\springframework\spring-expression\6.0.3\spring-expression-6.0.3.jar;C:\Users\vamuhong\.m2\repository\jakarta\platform\jakarta.jakartaee-api\9.0.0\jakarta.jakartaee-api-9.0.0.jar;C:\Users\vamuhong\.m2\repository\org\springframework\boot\spring-boot-devtools\3.0.1\spring-boot-devtools-3.0.1.jar;C:\Users\vamuhong\.m2\repository\org\springframework\boot\spring-boot\3.0.1\spring-boot-3.0.1.jar;C:\Users\vamuhong\.m2\repository\org\springframework\boot\spring-boot-autoconfigure\3.0.1\spring-boot-autoconfigure-3.0.1.jar;C:\Users\vamuhong\.m2\repository\com\h2database\h2\2.1.214\h2-2.1.214.jar;C:\Users\vamuhong\.m2\repository\org\projectlombok\lombok\1.18.24\lombok-1.18.24.jar;C:\Users\vamuhong\.m2\repository\org\postgresql\postgresql\42.7.3\postgresql-42.7.3.jar;C:\Users\vamuhong\.m2\repository\org\checkerframework\checker-qual\3.42.0\checker-qual-3.42.0.jar;C:\Users\vamuhong\.m2\repository\org\apache\commons\commons-lang3\3.14.0\commons-lang3-3.14.0.jar;C:\Users\vamuhong\.m2\repository\commons-validator\commons-validator\1.7\commons-validator-1.7.jar;C:\Users\vamuhong\.m2\repository\commons-beanutils\commons-beanutils\1.9.4\commons-beanutils-1.9.4.jar;C:\Users\vamuhong\.m2\repository\commons-digester\commons-digester\2.1\commons-digester-2.1.jar;C:\Users\vamuhong\.m2\repository\commons-logging\commons-logging\1.2\commons-logging-1.2.jar;C:\Users\vamuhong\.m2\repository\commons-collections\commons-collections\3.2.2\commons-collections-3.2.2.jar;C:\Users\vamuhong\.m2\repository\org\mockito\mockito-core\3.11.2\mockito-core-3.11.2.jar;C:\Users\vamuhong\.m2\repository\net\bytebuddy\byte-buddy\1.12.20\byte-buddy-1.12.20.jar;C:\Users\vamuhong\.m2\repository\net\bytebuddy\byte-buddy-agent\1.12.20\byte-buddy-agent-1.12.20.jar;C:\Users\vamuhong\.m2\repository\org\objenesis\objenesis\3.2\objenesis-3.2.jar;C:\Users\vamuhong\.m2\repository\org\junit\jupiter\junit-jupiter-api\5.8.2\junit-jupiter-api-5.8.2.jar;C:\Users\vamuhong\.m2\repository\org\opentest4j\opentest4j\1.2.0\opentest4j-1.2.0.jar;C:\Users\vamuhong\.m2\repository\org\junit\platform\junit-platform-commons\1.9.1\junit-platform-commons-1.9.1.jar;C:\Users\vamuhong\.m2\repository\org\apiguardian\apiguardian-api\1.1.2\apiguardian-api-1.1.2.jar;C:\Users\vamuhong\.m2\repository\org\junit\jupiter\junit-jupiter-engine\5.8.2\junit-jupiter-engine-5.8.2.jar;C:\Users\vamuhong\.m2\repository\org\junit\platform\junit-platform-engine\1.9.1\junit-platform-engine-1.9.1.jar;C:\Users\vamuhong\.m2\repository\org\junit\jupiter\junit-jupiter-params\5.8.2\junit-jupiter-params-5.8.2.jar;C:\Users\vamuhong\.m2\repository\org\junit\platform\junit-platform-suite\1.8.2\junit-platform-suite-1.8.2.jar;C:\Users\vamuhong\.m2\repository\org\junit\platform\junit-platform-suite-api\1.9.1\junit-platform-suite-api-1.9.1.jar;C:\Users\vamuhong\.m2\repository\org\junit\platform\junit-platform-suite-engine\1.9.1\junit-platform-suite-engine-1.9.1.jar;C:\Users\vamuhong\.m2\repository\org\junit\platform\junit-platform-suite-commons\1.9.1\junit-platform-suite-commons-1.9.1.jar;C:\Users\vamuhong\.m2\repository\org\junit\platform\junit-platform-launcher\1.9.1\junit-platform-launcher-1.9.1.jar;C:\Users\vamuhong\.m2\repository\io\cucumber\cucumber-junit-platform-engine\7.0.0\cucumber-junit-platform-engine-7.0.0.jar;C:\Users\vamuhong\.m2\repository\io\cucumber\cucumber-core\7.0.0\cucumber-core-7.0.0.jar;C:\Users\vamuhong\.m2\repository\io\cucumber\cucumber-gherkin\7.0.0\cucumber-gherkin-7.0.0.jar;C:\Users\vamuhong\.m2\repository\io\cucumber\cucumber-gherkin-messages\7.0.0\cucumber-gherkin-messages-7.0.0.jar;C:\Users\vamuhong\.m2\repository\io\cucumber\messages\17.1.1\messages-17.1.1.jar;C:\Users\vamuhong\.m2\repository\io\cucumber\tag-expressions\4.0.2\tag-expressions-4.0.2.jar;C:\Users\vamuhong\.m2\repository\io\cucumber\cucumber-expressions\13.0.1\cucumber-expressions-13.0.1.jar;C:\Users\vamuhong\.m2\repository\io\cucumber\datatable\7.0.0\datatable-7.0.0.jar;C:\Users\vamuhong\.m2\repository\io\cucumber\cucumber-plugin\7.0.0\cucumber-plugin-7.0.0.jar;C:\Users\vamuhong\.m2\repository\io\cucumber\docstring\7.0.0\docstring-7.0.0.jar;C:\Users\vamuhong\.m2\repository\io\cucumber\html-formatter\17.0.0\html-formatter-17.0.0.jar;C:\Users\vamuhong\.m2\repository\io\cucumber\create-meta\6.0.1\create-meta-6.0.1.jar;C:\Users\vamuhong\.m2\repository\io\cucumber\cucumber-java\7.0.0\cucumber-java-7.0.0.jar;C:\Users\vamuhong\.m2\repository\io\cucumber\cucumber-spring\7.0.0\cucumber-spring-7.0.0.jar;C:\Users\vamuhong\.m2\repository\org\springframework\boot\spring-boot-starter-test\3.0.1\spring-boot-starter-test-3.0.1.jar;C:\Users\vamuhong\.m2\repository\org\springframework\boot\spring-boot-test\3.0.1\spring-boot-test-3.0.1.jar;C:\Users\vamuhong\.m2\repository\org\springframework\boot\spring-boot-test-autoconfigure\3.0.1\spring-boot-test-autoconfigure-3.0.1.jar;C:\Users\vamuhong\.m2\repository\com\jayway\jsonpath\json-path\2.7.0\json-path-2.7.0.jar;C:\Users\vamuhong\.m2\repository\net\minidev\json-smart\2.4.8\json-smart-2.4.8.jar;C:\Users\vamuhong\.m2\repository\net\minidev\accessors-smart\2.4.8\accessors-smart-2.4.8.jar;C:\Users\vamuhong\.m2\repository\org\ow2\asm\asm\9.1\asm-9.1.jar;C:\Users\vamuhong\.m2\repository\jakarta\xml\bind\jakarta.xml.bind-api\4.0.0\jakarta.xml.bind-api-4.0.0.jar;C:\Users\vamuhong\.m2\repository\jakarta\activation\jakarta.activation-api\2.1.0\jakarta.activation-api-2.1.0.jar;C:\Users\vamuhong\.m2\repository\org\assertj\assertj-core\3.23.1\assertj-core-3.23.1.jar;C:\Users\vamuhong\.m2\repository\org\hamcrest\hamcrest\2.2\hamcrest-2.2.jar;C:\Users\vamuhong\.m2\repository\org\junit\jupiter\junit-jupiter\5.9.1\junit-jupiter-5.9.1.jar;C:\Users\vamuhong\.m2\repository\org\mockito\mockito-junit-jupiter\4.8.1\mockito-junit-jupiter-4.8.1.jar;C:\Users\vamuhong\.m2\repository\org\skyscreamer\jsonassert\1.5.1\jsonassert-1.5.1.jar;C:\Users\vamuhong\.m2\repository\com\vaadin\external\google\android-json\0.0.20131108.vaadin1\android-json-0.0.20131108.vaadin1.jar;C:\Users\vamuhong\.m2\repository\org\springframework\spring-core\6.0.3\spring-core-6.0.3.jar;C:\Users\vamuhong\.m2\repository\org\springframework\spring-jcl\6.0.3\spring-jcl-6.0.3.jar;C:\Users\vamuhong\.m2\repository\org\springframework\spring-test\6.0.3\spring-test-6.0.3.jar;C:\Users\vamuhong\.m2\repository\org\xmlunit\xmlunit-core\2.9.0\xmlunit-core-2.9.0.jar;"/>
    <property name="sun.cpu.endian" value="little"/>
    <property name="user.home" value="C:\Users\vamuhong"/>
    <property name="user.language" value="en"/>
    <property name="java.specification.vendor" value="Oracle Corporation"/>
    <property name="java.version.date" value="2023-07-18"/>
    <property name="java.home" value="C:\Program Files\Java\jdk-17"/>
    <property name="file.separator" value="\"/>
    <property name="basedir" value="C:\Users\vamuhong\Documents\Formation 2023\backend\demo-cucumber"/>
    <property name="java.vm.compressedOopsMode" value="Zero based"/>
    <property name="line.separator" value="&#10;"/>
    <property name="java.vm.specification.vendor" value="Oracle Corporation"/>
    <property name="java.specification.name" value="Java Platform API Specification"/>
    <property name="FILE_LOG_CHARSET" value="windows-1252"/>
    <property name="java.awt.headless" value="true"/>
    <property name="surefire.real.class.path" value="C:\Users\vamuhong\AppData\Local\Temp\surefire7784696623716526373\surefirebooter-20240701131750601_3.jar"/>
    <property name="user.script" value=""/>
    <property name="sun.management.compiler" value="HotSpot 64-Bit Tiered Compilers"/>
    <property name="java.runtime.version" value="17.0.8+9-LTS-211"/>
    <property name="user.name" value="vamuhong"/>
    <property name="path.separator" value=";"/>
    <property name="os.version" value="10.0"/>
    <property name="java.runtime.name" value="Java(TM) SE Runtime Environment"/>
    <property name="file.encoding" value="Cp1252"/>
    <property name="java.vm.name" value="Java HotSpot(TM) 64-Bit Server VM"/>
    <property name="localRepository" value="C:\Users\vamuhong\.m2\repository"/>
    <property name="java.vendor.url.bug" value="https://bugreport.java.com/bugreport/"/>
    <property name="java.io.tmpdir" value="C:\Users\vamuhong\AppData\Local\Temp\"/>
    <property name="catalina.home" value="C:\Users\vamuhong\AppData\Local\Temp\tomcat.0.11131682687499533458"/>
    <property name="com.zaxxer.hikari.pool_number" value="1"/>
    <property name="java.version" value="17.0.8"/>
    <property name="user.dir" value="C:\Users\vamuhong\Documents\Formation 2023\backend\demo-cucumber"/>
    <property name="os.arch" value="amd64"/>
    <property name="java.vm.specification.name" value="Java Virtual Machine Specification"/>
    <property name="PID" value="18604"/>
    <property name="user.language.format" value="pt"/>
    <property name="sun.os.patch.level" value=""/>
    <property name="CONSOLE_LOG_CHARSET" value="windows-1252"/>
    <property name="catalina.base" value="C:\Users\vamuhong\AppData\Local\Temp\tomcat.0.11131682687499533458"/>
    <property name="native.encoding" value="Cp1252"/>
    <property name="java.library.path" value="C:\Program Files\Java\jdk-17\bin;C:\WINDOWS\Sun\Java\bin;C:\WINDOWS\system32;C:\WINDOWS;C:\Program Files\Java\jdk17.0.11_9\bin;C:\Program Files\Java\jdk-17\bin;C:\Program Files\Common Files\Oracle\Java\javapath;C:\Program Files (x86)\Common Files\Oracle\Java\java8path;C:\Program Files (x86)\Common Files\Oracle\Java\javapath;c:\Oracle\Ora81\bin;C:\Program Files (x86)\Oracle\jre\1.1.7\bin;C:\Program Files\apache-maven-3.8.6\bin;C:\WINDOWS\system32;C:\WINDOWS;C:\WINDOWS\System32\Wbem;C:\WINDOWS\System32\WindowsPowerShell\v1.0\;C:\WINDOWS\System32\OpenSSH\;C:\kafka_2.13-2.8.0\bin\windows;C:\Program Files\Microsoft VS Code\bin;c:\Oracle\Ora81\orb\bin;C:\kube;C:\ProgramData\chocolatey\bin;C:\Program Files\NVM;C:\Program Files\nodejs;C:\Program Files\Git\cmd;C:\Program Files\nodejs\;C:\Program Files\Git LFS;C:\Program Files\Java\jdk-17\bin;C:\Program Files\Common Files\Oracle\Java\javapath;C:\Program Files (x86)\Common Files\Oracle\Java\java8path;C:\Program Files (x86)\Common Files\Oracle\Java\javapath;c:\Oracle\Ora81\bin;C:\Program Files (x86)\Oracle\jre\1.1.7\bin;C:\Program Files\apache-maven-3.8.6\bin;C:\WINDOWS\system32;C:\WINDOWS;C:\WINDOWS\System32\Wbem;C:\WINDOWS\System32\WindowsPowerShell\v1.0\;C:\WINDOWS\System32\OpenSSH\;C:\kafka_2.13-2.8.0\bin\windows;C:\Program Files\Microsoft VS Code\bin;c:\Oracle\Ora81\orb\bin;C:\kube;C:\ProgramData\chocolatey\bin;C:\Program Files\nodejs\;C:\Program Files\NVM;C:\Program Files\nodejs;C:\Program Files\Git\cmd;C:\Users\vamuhong\AppData\Local\Microsoft\WindowsApps;C:\kafka_2.13-2.8.0\bin\windows;C:\Users\vamuhong\AppData\Local\Programs\Microsoft VS Code\bin;C:\Program Files\JetBrains\DataSpell 2023.3.4\bin;C:\Program Files\JetBrains\DataGrip 2023.3.4\bin;C:\Users\vamuhong\AppData\Roaming\npm;."/>
    <property name="java.vm.info" value="mixed mode, sharing"/>
    <property name="java.vendor" value="Oracle Corporation"/>
    <property name="java.vm.version" value="17.0.8+9-LTS-211"/>
    <property name="sun.io.unicode.encoding" value="UnicodeLittle"/>
    <property name="java.class.version" value="61.0"/>
  </properties>
  <testcase name="Create 100 smurfs" classname="Create Smurf aliens" time="27.206">
    <system-out><![CDATA[13:17:53.236 [main] DEBUG org.springframework.boot.test.context.SpringBootTestContextBootstrapper - Neither @ContextConfiguration nor @ContextHierarchy found for test class [CucumberSpringConfiguration]: using SpringBootContextLoader
13:17:53.248 [main] DEBUG org.springframework.test.context.support.AbstractContextLoader - Could not detect default resource locations for test class [code.with.vanilson.cucumber.config.CucumberSpringConfiguration]: no resource found for suffixes {-context.xml, Context.groovy}.
13:17:53.250 [main] INFO org.springframework.test.context.support.AnnotationConfigContextLoaderUtils - Could not detect default configuration classes for test class [code.with.vanilson.cucumber.config.CucumberSpringConfiguration]: CucumberSpringConfiguration does not declare any static, non-private, non-final, nested classes annotated with @Configuration.
13:17:53.305 [main] DEBUG org.springframework.boot.test.context.SpringBootTestContextBootstrapper - Using ContextCustomizers for test class [CucumberSpringConfiguration]: [ExcludeFilterContextCustomizer, DuplicateJsonObjectContextCustomizer, MockitoContextCustomizer, TestRestTemplateContextCustomizer, DisableObservabilityContextCustomizer, PropertyMappingContextCustomizer, Customizer]
13:17:53.482 [main] DEBUG org.springframework.context.annotation.ClassPathScanningCandidateComponentProvider - Identified candidate component class: file [C:\Users\vamuhong\Documents\Formation 2023\backend\demo-cucumber\target\classes\code\with\vanilson\cucumber\DemoCucumberApplication.class]
13:17:53.488 [main] INFO org.springframework.boot.test.context.SpringBootTestContextBootstrapper - Found @SpringBootConfiguration code.with.vanilson.cucumber.DemoCucumberApplication for test class code.with.vanilson.cucumber.config.CucumberSpringConfiguration
13:17:53.774 [main] DEBUG org.springframework.boot.test.context.SpringBootTestContextBootstrapper - Using TestExecutionListeners for test class [CucumberSpringConfiguration]: [ServletTestExecutionListener, DirtiesContextBeforeModesTestExecutionListener, ApplicationEventsTestExecutionListener, MockitoTestExecutionListener, DependencyInjectionTestExecutionListener, DirtiesContextTestExecutionListener, TransactionalTestExecutionListener, SqlScriptsTestExecutionListener, EventPublishingTestExecutionListener, ResetMocksTestExecutionListener, RestDocsTestExecutionListener, MockRestServiceServerResetTestExecutionListener, MockMvcPrintOnlyOnFailureTestExecutionListener, WebDriverTestExecutionListener, MockWebServiceServerTestExecutionListener]

  .   ____          _            __ _ _
 /\\ / ___'_ __ _ _(_)_ __  __ _ \ \ \ \
( ( )\___ | '_ | '_| | '_ \/ _` | \ \ \ \
 \\/  ___)| |_)| | | | | || (_| |  ) ) ) )
  '  |____| .__|_| |_|_| |_\__, | / / / /
 =========|_|==============|___/=/_/_/_/
 :: Spring Boot ::                (v3.0.1)

2024-07-01T13:17:54.521+01:00  INFO 18604 --- [           main] c.w.v.c.c.CucumberSpringConfiguration    : Starting CucumberSpringConfiguration using Java 17.0.8 with PID 18604 (started by vamuhong in C:\Users\vamuhong\Documents\Formation 2023\backend\demo-cucumber)
2024-07-01T13:17:54.525+01:00  INFO 18604 --- [           main] c.w.v.c.c.CucumberSpringConfiguration    : No active profile set, falling back to 1 default profile: "default"
2024-07-01T13:17:55.877+01:00  INFO 18604 --- [           main] .s.d.r.c.RepositoryConfigurationDelegate : Bootstrapping Spring Data JPA repositories in DEFAULT mode.
2024-07-01T13:17:56.026+01:00  INFO 18604 --- [           main] .s.d.r.c.RepositoryConfigurationDelegate : Finished Spring Data repository scanning in 131 ms. Found 3 JPA repository interfaces.
2024-07-01T13:17:57.361+01:00  INFO 18604 --- [           main] o.s.b.w.embedded.tomcat.TomcatWebServer  : Tomcat initialized with port(s): 0 (http)
2024-07-01T13:17:57.384+01:00  INFO 18604 --- [           main] o.apache.catalina.core.StandardService   : Starting service [Tomcat]
2024-07-01T13:17:57.385+01:00  INFO 18604 --- [           main] o.apache.catalina.core.StandardEngine    : Starting Servlet engine: [Apache Tomcat/10.1.4]
2024-07-01T13:17:57.762+01:00  INFO 18604 --- [           main] o.a.c.c.C.[Tomcat].[localhost].[/]       : Initializing Spring embedded WebApplicationContext
2024-07-01T13:17:57.766+01:00  INFO 18604 --- [           main] w.s.c.ServletWebServerApplicationContext : Root WebApplicationContext: initialization completed in 3191 ms
2024-07-01T13:17:57.841+01:00  INFO 18604 --- [           main] com.zaxxer.hikari.HikariDataSource       : HikariPool-1 - Starting...
2024-07-01T13:17:58.334+01:00  INFO 18604 --- [           main] com.zaxxer.hikari.pool.HikariPool        : HikariPool-1 - Added connection conn0: url=jdbc:h2:mem:cucumberdb user=SA
2024-07-01T13:17:58.337+01:00  INFO 18604 --- [           main] com.zaxxer.hikari.HikariDataSource       : HikariPool-1 - Start completed.
2024-07-01T13:17:58.374+01:00  INFO 18604 --- [           main] o.s.b.a.h2.H2ConsoleAutoConfiguration    : H2 console available at '/h2-console'. Database available at 'jdbc:h2:mem:cucumberdb'
2024-07-01T13:17:58.670+01:00  INFO 18604 --- [           main] o.hibernate.jpa.internal.util.LogHelper  : HHH000204: Processing PersistenceUnitInfo [name: default]
2024-07-01T13:17:58.807+01:00  INFO 18604 --- [           main] org.hibernate.Version                    : HHH000412: Hibernate ORM core version 6.1.6.Final
2024-07-01T13:17:59.250+01:00  WARN 18604 --- [           main] org.hibernate.orm.deprecation            : HHH90000021: Encountered deprecated setting [javax.persistence.sharedCache.mode], use [jakarta.persistence.sharedCache.mode] instead
2024-07-01T13:17:59.618+01:00  INFO 18604 --- [           main] SQL dialect                              : HHH000400: Using dialect: org.hibernate.dialect.H2Dialect
2024-07-01T13:18:01.135+01:00  INFO 18604 --- [           main] o.h.e.t.j.p.i.JtaPlatformInitiator       : HHH000490: Using JtaPlatform implementation: [org.hibernate.engine.transaction.jta.platform.internal.NoJtaPlatform]
2024-07-01T13:18:01.147+01:00  INFO 18604 --- [           main] j.LocalContainerEntityManagerFactoryBean : Initialized JPA EntityManagerFactory for persistence unit 'default'
2024-07-01T13:18:02.646+01:00  INFO 18604 --- [           main] c.w.v.c.s.a.WeightIncreaseEntityListener : Listened for object with type Alien
2024-07-01T13:18:02.647+01:00  WARN 18604 --- [           main] c.w.v.c.s.a.WeightIncreaseEntityListener : Weight Gain service has been disabled
2024-07-01T13:18:02.690+01:00  INFO 18604 --- [           main] c.w.v.c.s.a.WeightIncreaseEntityListener : Listened for object with type Alien
2024-07-01T13:18:02.691+01:00  WARN 18604 --- [           main] c.w.v.c.s.a.WeightIncreaseEntityListener : Weight Gain service has been disabled
2024-07-01T13:18:02.692+01:00  INFO 18604 --- [           main] c.w.v.c.s.a.WeightIncreaseEntityListener : Listened for object with type Alien
2024-07-01T13:18:02.692+01:00  WARN 18604 --- [           main] c.w.v.c.s.a.WeightIncreaseEntityListener : Weight Gain service has been disabled
2024-07-01T13:18:02.693+01:00  INFO 18604 --- [           main] c.w.v.c.s.a.WeightIncreaseEntityListener : Listened for object with type Alien
2024-07-01T13:18:02.693+01:00  WARN 18604 --- [           main] c.w.v.c.s.a.WeightIncreaseEntityListener : Weight Gain service has been disabled
2024-07-01T13:18:02.694+01:00  INFO 18604 --- [           main] c.w.v.c.s.a.WeightIncreaseEntityListener : Listened for object with type Alien
2024-07-01T13:18:02.695+01:00  WARN 18604 --- [           main] c.w.v.c.s.a.WeightIncreaseEntityListener : Weight Gain service has been disabled
2024-07-01T13:18:02.695+01:00  INFO 18604 --- [           main] c.w.v.c.s.a.WeightIncreaseEntityListener : Listened for object with type Alien
2024-07-01T13:18:02.696+01:00  WARN 18604 --- [           main] c.w.v.c.s.a.WeightIncreaseEntityListener : Weight Gain service has been disabled
2024-07-01T13:18:02.697+01:00  INFO 18604 --- [           main] c.w.v.c.s.a.WeightIncreaseEntityListener : Listened for object with type Alien
2024-07-01T13:18:02.697+01:00  WARN 18604 --- [           main] c.w.v.c.s.a.WeightIncreaseEntityListener : Weight Gain service has been disabled
2024-07-01T13:18:02.698+01:00  INFO 18604 --- [           main] c.w.v.c.s.a.WeightIncreaseEntityListener : Listened for object with type Alien
2024-07-01T13:18:02.698+01:00  WARN 18604 --- [           main] c.w.v.c.s.a.WeightIncreaseEntityListener : Weight Gain service has been disabled
2024-07-01T13:18:02.699+01:00  INFO 18604 --- [           main] c.w.v.c.s.a.WeightIncreaseEntityListener : Listened for object with type Alien
2024-07-01T13:18:02.699+01:00  WARN 18604 --- [           main] c.w.v.c.s.a.WeightIncreaseEntityListener : Weight Gain service has been disabled
2024-07-01T13:18:02.700+01:00  INFO 18604 --- [           main] c.w.v.c.s.a.WeightIncreaseEntityListener : Listened for object with type Alien
2024-07-01T13:18:02.700+01:00  WARN 18604 --- [           main] c.w.v.c.s.a.WeightIncreaseEntityListener : Weight Gain service has been disabled
2024-07-01T13:18:02.888+01:00  WARN 18604 --- [           main] JpaBaseConfiguration$JpaWebConfiguration : spring.jpa.open-in-view is enabled by default. Therefore, database queries may be performed during view rendering. Explicitly configure spring.jpa.open-in-view to disable this warning
2024-07-01T13:18:03.703+01:00  INFO 18604 --- [           main] o.s.b.w.embedded.tomcat.TomcatWebServer  : Tomcat started on port(s): 51257 (http) with context path ''
2024-07-01T13:18:03.721+01:00  INFO 18604 --- [           main] c.w.v.c.c.CucumberSpringConfiguration    : Started CucumberSpringConfiguration in 9.87 seconds (process running for 12.604)

Scenario: Create 100 smurfs                                 &amp#27;[90m# features/alien/AlienTest.feature:3&amp#27;[0m
2024-07-01T13:18:04.174+01:00  INFO 18604 --- [           main] c.w.v.cucumber.space.alien.AlienService  : Delete all aliens
  &amp#27;[32mGiven &amp#27;[0m&amp#27;[32mNo aliens exists&amp#27;[0m                                    &amp#27;[90m# code.with.vanilson.cucumber.glue.CucumberAlienSteps.noAliens()&amp#27;[0m
2024-07-01T13:18:04.456+01:00  INFO 18604 --- [           main] c.w.v.c.s.a.WeightIncreaseEntityListener : Listened for object with type Alien
2024-07-01T13:18:04.456+01:00  WARN 18604 --- [           main] c.w.v.c.s.a.WeightIncreaseEntityListener : Weight Gain service has been disabled
2024-07-01T13:18:04.457+01:00  INFO 18604 --- [           main] c.w.v.cucumber.space.alien.AlienService  : An alien has been created! Alien(id=11, type=Smurf, fullName=Mike, weight=39, runSpeed=0, height=57)
2024-07-01T13:18:04.614+01:00  INFO 18604 --- [           main] c.w.v.c.s.a.WeightIncreaseEntityListener : Listened for object with type Alien
2024-07-01T13:18:04.614+01:00  WARN 18604 --- [           main] c.w.v.c.s.a.WeightIncreaseEntityListener : Weight Gain service has been disabled
2024-07-01T13:18:04.616+01:00  INFO 18604 --- [           main] c.w.v.cucumber.space.alien.AlienService  : An alien has been created! Alien(id=12, type=Smurf, fullName=Mike, weight=9, runSpeed=0, height=99)
2024-07-01T13:18:04.769+01:00  INFO 18604 --- [           main] c.w.v.c.s.a.WeightIncreaseEntityListener : Listened for object with type Alien
2024-07-01T13:18:04.770+01:00  WARN 18604 --- [           main] c.w.v.c.s.a.WeightIncreaseEntityListener : Weight Gain service has been disabled
2024-07-01T13:18:04.771+01:00  INFO 18604 --- [           main] c.w.v.cucumber.space.alien.AlienService  : An alien has been created! Alien(id=13, type=Smurf, fullName=Mike, weight=17, runSpeed=0, height=43)
2024-07-01T13:18:04.925+01:00  INFO 18604 --- [           main] c.w.v.c.s.a.WeightIncreaseEntityListener : Listened for object with type Alien
2024-07-01T13:18:04.925+01:00  WARN 18604 --- [           main] c.w.v.c.s.a.WeightIncreaseEntityListener : Weight Gain service has been disabled
2024-07-01T13:18:04.927+01:00  INFO 18604 --- [           main] c.w.v.cucumber.space.alien.AlienService  : An alien has been created! Alien(id=14, type=Smurf, fullName=Mike, weight=3, runSpeed=0, height=70)
2024-07-01T13:18:05.082+01:00  INFO 18604 --- [           main] c.w.v.c.s.a.WeightIncreaseEntityListener : Listened for object with type Alien
2024-07-01T13:18:05.082+01:00  WARN 18604 --- [           main] c.w.v.c.s.a.WeightIncreaseEntityListener : Weight Gain service has been disabled
2024-07-01T13:18:05.083+01:00  INFO 18604 --- [           main] c.w.v.cucumber.space.alien.AlienService  : An alien has been created! Alien(id=15, type=Smurf, fullName=Mike, weight=7, runSpeed=0, height=33)
2024-07-01T13:18:05.241+01:00  INFO 18604 --- [           main] c.w.v.c.s.a.WeightIncreaseEntityListener : Listened for object with type Alien
2024-07-01T13:18:05.242+01:00  WARN 18604 --- [           main] c.w.v.c.s.a.WeightIncreaseEntityListener : Weight Gain service has been disabled
2024-07-01T13:18:05.243+01:00  INFO 18604 --- [           main] c.w.v.cucumber.space.alien.AlienService  : An alien has been created! Alien(id=16, type=Smurf, fullName=Mike, weight=47, runSpeed=0, height=1)
2024-07-01T13:18:05.398+01:00  INFO 18604 --- [           main] c.w.v.c.s.a.WeightIncreaseEntityListener : Listened for object with type Alien
2024-07-01T13:18:05.398+01:00  WARN 18604 --- [           main] c.w.v.c.s.a.WeightIncreaseEntityListener : Weight Gain service has been disabled
2024-07-01T13:18:05.399+01:00  INFO 18604 --- [           main] c.w.v.cucumber.space.alien.AlienService  : An alien has been created! Alien(id=17, type=Smurf, fullName=Mike, weight=78, runSpeed=0, height=32)
2024-07-01T13:18:05.555+01:00  INFO 18604 --- [           main] c.w.v.c.s.a.WeightIncreaseEntityListener : Listened for object with type Alien
2024-07-01T13:18:05.555+01:00  WARN 18604 --- [           main] c.w.v.c.s.a.WeightIncreaseEntityListener : Weight Gain service has been disabled
2024-07-01T13:18:05.556+01:00  INFO 18604 --- [           main] c.w.v.cucumber.space.alien.AlienService  : An alien has been created! Alien(id=18, type=Smurf, fullName=Mike, weight=81, runSpeed=0, height=78)
2024-07-01T13:18:05.712+01:00  INFO 18604 --- [           main] c.w.v.c.s.a.WeightIncreaseEntityListener : Listened for object with type Alien
2024-07-01T13:18:05.712+01:00  WARN 18604 --- [           main] c.w.v.c.s.a.WeightIncreaseEntityListener : Weight Gain service has been disabled
2024-07-01T13:18:05.714+01:00  INFO 18604 --- [           main] c.w.v.cucumber.space.alien.AlienService  : An alien has been created! Alien(id=19, type=Smurf, fullName=Mike, weight=70, runSpeed=0, height=16)
2024-07-01T13:18:05.869+01:00  INFO 18604 --- [           main] c.w.v.c.s.a.WeightIncreaseEntityListener : Listened for object with type Alien
2024-07-01T13:18:05.870+01:00  WARN 18604 --- [           main] c.w.v.c.s.a.WeightIncreaseEntityListener : Weight Gain service has been disabled
2024-07-01T13:18:05.872+01:00  INFO 18604 --- [           main] c.w.v.cucumber.space.alien.AlienService  : An alien has been created! Alien(id=20, type=Smurf, fullName=Mike, weight=21, runSpeed=0, height=23)
2024-07-01T13:18:06.027+01:00  INFO 18604 --- [           main] c.w.v.c.s.a.WeightIncreaseEntityListener : Listened for object with type Alien
2024-07-01T13:18:06.028+01:00  WARN 18604 --- [           main] c.w.v.c.s.a.WeightIncreaseEntityListener : Weight Gain service has been disabled
2024-07-01T13:18:06.029+01:00  INFO 18604 --- [           main] c.w.v.cucumber.space.alien.AlienService  : An alien has been created! Alien(id=21, type=Smurf, fullName=Mike, weight=5, runSpeed=0, height=16)
2024-07-01T13:18:06.184+01:00  INFO 18604 --- [           main] c.w.v.c.s.a.WeightIncreaseEntityListener : Listened for object with type Alien
2024-07-01T13:18:06.185+01:00  WARN 18604 --- [           main] c.w.v.c.s.a.WeightIncreaseEntityListener : Weight Gain service has been disabled
2024-07-01T13:18:06.186+01:00  INFO 18604 --- [           main] c.w.v.cucumber.space.alien.AlienService  : An alien has been created! Alien(id=22, type=Smurf, fullName=Mike, weight=31, runSpeed=0, height=54)
2024-07-01T13:18:06.341+01:00  INFO 18604 --- [           main] c.w.v.c.s.a.WeightIncreaseEntityListener : Listened for object with type Alien
2024-07-01T13:18:06.342+01:00  WARN 18604 --- [           main] c.w.v.c.s.a.WeightIncreaseEntityListener : Weight Gain service has been disabled
2024-07-01T13:18:06.344+01:00  INFO 18604 --- [           main] c.w.v.cucumber.space.alien.AlienService  : An alien has been created! Alien(id=23, type=Smurf, fullName=Mike, weight=13, runSpeed=0, height=67)
2024-07-01T13:18:06.497+01:00  INFO 18604 --- [           main] c.w.v.c.s.a.WeightIncreaseEntityListener : Listened for object with type Alien
2024-07-01T13:18:06.497+01:00  WARN 18604 --- [           main] c.w.v.c.s.a.WeightIncreaseEntityListener : Weight Gain service has been disabled
2024-07-01T13:18:06.499+01:00  INFO 18604 --- [           main] c.w.v.cucumber.space.alien.AlienService  : An alien has been created! Alien(id=24, type=Smurf, fullName=Mike, weight=0, runSpeed=0, height=55)
2024-07-01T13:18:06.654+01:00  INFO 18604 --- [           main] c.w.v.c.s.a.WeightIncreaseEntityListener : Listened for object with type Alien
2024-07-01T13:18:06.655+01:00  WARN 18604 --- [           main] c.w.v.c.s.a.WeightIncreaseEntityListener : Weight Gain service has been disabled
2024-07-01T13:18:06.656+01:00  INFO 18604 --- [           main] c.w.v.cucumber.space.alien.AlienService  : An alien has been created! Alien(id=25, type=Smurf, fullName=Mike, weight=32, runSpeed=0, height=82)
2024-07-01T13:18:06.812+01:00  INFO 18604 --- [           main] c.w.v.c.s.a.WeightIncreaseEntityListener : Listened for object with type Alien
2024-07-01T13:18:06.813+01:00  WARN 18604 --- [           main] c.w.v.c.s.a.WeightIncreaseEntityListener : Weight Gain service has been disabled
2024-07-01T13:18:06.814+01:00  INFO 18604 --- [           main] c.w.v.cucumber.space.alien.AlienService  : An alien has been created! Alien(id=26, type=Smurf, fullName=Mike, weight=73, runSpeed=0, height=43)
2024-07-01T13:18:06.968+01:00  INFO 18604 --- [           main] c.w.v.c.s.a.WeightIncreaseEntityListener : Listened for object with type Alien
2024-07-01T13:18:06.969+01:00  WARN 18604 --- [           main] c.w.v.c.s.a.WeightIncreaseEntityListener : Weight Gain service has been disabled
2024-07-01T13:18:06.970+01:00  INFO 18604 --- [           main] c.w.v.cucumber.space.alien.AlienService  : An alien has been created! Alien(id=27, type=Smurf, fullName=Mike, weight=83, runSpeed=0, height=84)
2024-07-01T13:18:07.126+01:00  INFO 18604 --- [           main] c.w.v.c.s.a.WeightIncreaseEntityListener : Listened for object with type Alien
2024-07-01T13:18:07.127+01:00  WARN 18604 --- [           main] c.w.v.c.s.a.WeightIncreaseEntityListener : Weight Gain service has been disabled
2024-07-01T13:18:07.128+01:00  INFO 18604 --- [           main] c.w.v.cucumber.space.alien.AlienService  : An alien has been created! Alien(id=28, type=Smurf, fullName=Mike, weight=54, runSpeed=0, height=98)
2024-07-01T13:18:07.282+01:00  INFO 18604 --- [           main] c.w.v.c.s.a.WeightIncreaseEntityListener : Listened for object with type Alien
2024-07-01T13:18:07.282+01:00  WARN 18604 --- [           main] c.w.v.c.s.a.WeightIncreaseEntityListener : Weight Gain service has been disabled
2024-07-01T13:18:07.283+01:00  INFO 18604 --- [           main] c.w.v.cucumber.space.alien.AlienService  : An alien has been created! Alien(id=29, type=Smurf, fullName=Mike, weight=86, runSpeed=0, height=85)
2024-07-01T13:18:07.439+01:00  INFO 18604 --- [           main] c.w.v.c.s.a.WeightIncreaseEntityListener : Listened for object with type Alien
2024-07-01T13:18:07.439+01:00  WARN 18604 --- [           main] c.w.v.c.s.a.WeightIncreaseEntityListener : Weight Gain service has been disabled
2024-07-01T13:18:07.440+01:00  INFO 18604 --- [           main] c.w.v.cucumber.space.alien.AlienService  : An alien has been created! Alien(id=30, type=Smurf, fullName=Mike, weight=28, runSpeed=0, height=53)
2024-07-01T13:18:07.595+01:00  INFO 18604 --- [           main] c.w.v.c.s.a.WeightIncreaseEntityListener : Listened for object with type Alien
2024-07-01T13:18:07.595+01:00  WARN 18604 --- [           main] c.w.v.c.s.a.WeightIncreaseEntityListener : Weight Gain service has been disabled
2024-07-01T13:18:07.597+01:00  INFO 18604 --- [           main] c.w.v.cucumber.space.alien.AlienService  : An alien has been created! Alien(id=31, type=Smurf, fullName=Mike, weight=35, runSpeed=0, height=99)
2024-07-01T13:18:07.754+01:00  INFO 18604 --- [           main] c.w.v.c.s.a.WeightIncreaseEntityListener : Listened for object with type Alien
2024-07-01T13:18:07.754+01:00  WARN 18604 --- [           main] c.w.v.c.s.a.WeightIncreaseEntityListener : Weight Gain service has been disabled
2024-07-01T13:18:07.755+01:00  INFO 18604 --- [           main] c.w.v.cucumber.space.alien.AlienService  : An alien has been created! Alien(id=32, type=Smurf, fullName=Mike, weight=53, runSpeed=0, height=55)
2024-07-01T13:18:07.910+01:00  INFO 18604 --- [           main] c.w.v.c.s.a.WeightIncreaseEntityListener : Listened for object with type Alien
2024-07-01T13:18:07.910+01:00  WARN 18604 --- [           main] c.w.v.c.s.a.WeightIncreaseEntityListener : Weight Gain service has been disabled
2024-07-01T13:18:07.912+01:00  INFO 18604 --- [           main] c.w.v.cucumber.space.alien.AlienService  : An alien has been created! Alien(id=33, type=Smurf, fullName=Mike, weight=58, runSpeed=0, height=44)
2024-07-01T13:18:08.068+01:00  INFO 18604 --- [           main] c.w.v.c.s.a.WeightIncreaseEntityListener : Listened for object with type Alien
2024-07-01T13:18:08.068+01:00  WARN 18604 --- [           main] c.w.v.c.s.a.WeightIncreaseEntityListener : Weight Gain service has been disabled
2024-07-01T13:18:08.070+01:00  INFO 18604 --- [           main] c.w.v.cucumber.space.alien.AlienService  : An alien has been created! Alien(id=34, type=Smurf, fullName=Mike, weight=66, runSpeed=0, height=66)
2024-07-01T13:18:08.226+01:00  INFO 18604 --- [           main] c.w.v.c.s.a.WeightIncreaseEntityListener : Listened for object with type Alien
2024-07-01T13:18:08.226+01:00  WARN 18604 --- [           main] c.w.v.c.s.a.WeightIncreaseEntityListener : Weight Gain service has been disabled
2024-07-01T13:18:08.228+01:00  INFO 18604 --- [           main] c.w.v.cucumber.space.alien.AlienService  : An alien has been created! Alien(id=35, type=Smurf, fullName=Mike, weight=42, runSpeed=0, height=74)
2024-07-01T13:18:08.384+01:00  INFO 18604 --- [           main] c.w.v.c.s.a.WeightIncreaseEntityListener : Listened for object with type Alien
2024-07-01T13:18:08.384+01:00  WARN 18604 --- [           main] c.w.v.c.s.a.WeightIncreaseEntityListener : Weight Gain service has been disabled
2024-07-01T13:18:08.385+01:00  INFO 18604 --- [           main] c.w.v.cucumber.space.alien.AlienService  : An alien has been created! Alien(id=36, type=Smurf, fullName=Mike, weight=64, runSpeed=0, height=95)
2024-07-01T13:18:08.539+01:00  INFO 18604 --- [           main] c.w.v.c.s.a.WeightIncreaseEntityListener : Listened for object with type Alien
2024-07-01T13:18:08.539+01:00  WARN 18604 --- [           main] c.w.v.c.s.a.WeightIncreaseEntityListener : Weight Gain service has been disabled
2024-07-01T13:18:08.541+01:00  INFO 18604 --- [           main] c.w.v.cucumber.space.alien.AlienService  : An alien has been created! Alien(id=37, type=Smurf, fullName=Mike, weight=97, runSpeed=0, height=1)
2024-07-01T13:18:08.698+01:00  INFO 18604 --- [           main] c.w.v.c.s.a.WeightIncreaseEntityListener : Listened for object with type Alien
2024-07-01T13:18:08.698+01:00  WARN 18604 --- [           main] c.w.v.c.s.a.WeightIncreaseEntityListener : Weight Gain service has been disabled
2024-07-01T13:18:08.699+01:00  INFO 18604 --- [           main] c.w.v.cucumber.space.alien.AlienService  : An alien has been created! Alien(id=38, type=Smurf, fullName=Mike, weight=25, runSpeed=0, height=98)
2024-07-01T13:18:08.854+01:00  INFO 18604 --- [           main] c.w.v.c.s.a.WeightIncreaseEntityListener : Listened for object with type Alien
2024-07-01T13:18:08.854+01:00  WARN 18604 --- [           main] c.w.v.c.s.a.WeightIncreaseEntityListener : Weight Gain service has been disabled
2024-07-01T13:18:08.856+01:00  INFO 18604 --- [           main] c.w.v.cucumber.space.alien.AlienService  : An alien has been created! Alien(id=39, type=Smurf, fullName=Mike, weight=57, runSpeed=0, height=0)
2024-07-01T13:18:09.010+01:00  INFO 18604 --- [           main] c.w.v.c.s.a.WeightIncreaseEntityListener : Listened for object with type Alien
2024-07-01T13:18:09.011+01:00  WARN 18604 --- [           main] c.w.v.c.s.a.WeightIncreaseEntityListener : Weight Gain service has been disabled
2024-07-01T13:18:09.012+01:00  INFO 18604 --- [           main] c.w.v.cucumber.space.alien.AlienService  : An alien has been created! Alien(id=40, type=Smurf, fullName=Mike, weight=56, runSpeed=0, height=4)
2024-07-01T13:18:09.166+01:00  INFO 18604 --- [           main] c.w.v.c.s.a.WeightIncreaseEntityListener : Listened for object with type Alien
2024-07-01T13:18:09.166+01:00  WARN 18604 --- [           main] c.w.v.c.s.a.WeightIncreaseEntityListener : Weight Gain service has been disabled
2024-07-01T13:18:09.168+01:00  INFO 18604 --- [           main] c.w.v.cucumber.space.alien.AlienService  : An alien has been created! Alien(id=41, type=Smurf, fullName=Mike, weight=56, runSpeed=0, height=82)
2024-07-01T13:18:09.323+01:00  INFO 18604 --- [           main] c.w.v.c.s.a.WeightIncreaseEntityListener : Listened for object with type Alien
2024-07-01T13:18:09.323+01:00  WARN 18604 --- [           main] c.w.v.c.s.a.WeightIncreaseEntityListener : Weight Gain service has been disabled
2024-07-01T13:18:09.325+01:00  INFO 18604 --- [           main] c.w.v.cucumber.space.alien.AlienService  : An alien has been created! Alien(id=42, type=Smurf, fullName=Mike, weight=26, runSpeed=0, height=64)
2024-07-01T13:18:09.482+01:00  INFO 18604 --- [           main] c.w.v.c.s.a.WeightIncreaseEntityListener : Listened for object with type Alien
2024-07-01T13:18:09.482+01:00  WARN 18604 --- [           main] c.w.v.c.s.a.WeightIncreaseEntityListener : Weight Gain service has been disabled
2024-07-01T13:18:09.484+01:00  INFO 18604 --- [           main] c.w.v.cucumber.space.alien.AlienService  : An alien has been created! Alien(id=43, type=Smurf, fullName=Mike, weight=57, runSpeed=0, height=98)
2024-07-01T13:18:09.640+01:00  INFO 18604 --- [           main] c.w.v.c.s.a.WeightIncreaseEntityListener : Listened for object with type Alien
2024-07-01T13:18:09.640+01:00  WARN 18604 --- [           main] c.w.v.c.s.a.WeightIncreaseEntityListener : Weight Gain service has been disabled
2024-07-01T13:18:09.642+01:00  INFO 18604 --- [           main] c.w.v.cucumber.space.alien.AlienService  : An alien has been created! Alien(id=44, type=Smurf, fullName=Mike, weight=62, runSpeed=0, height=3)
2024-07-01T13:18:09.798+01:00  INFO 18604 --- [           main] c.w.v.c.s.a.WeightIncreaseEntityListener : Listened for object with type Alien
2024-07-01T13:18:09.798+01:00  WARN 18604 --- [           main] c.w.v.c.s.a.WeightIncreaseEntityListener : Weight Gain service has been disabled
2024-07-01T13:18:09.800+01:00  INFO 18604 --- [           main] c.w.v.cucumber.space.alien.AlienService  : An alien has been created! Alien(id=45, type=Smurf, fullName=Mike, weight=6, runSpeed=0, height=47)
2024-07-01T13:18:09.955+01:00  INFO 18604 --- [           main] c.w.v.c.s.a.WeightIncreaseEntityListener : Listened for object with type Alien
2024-07-01T13:18:09.955+01:00  WARN 18604 --- [           main] c.w.v.c.s.a.WeightIncreaseEntityListener : Weight Gain service has been disabled
2024-07-01T13:18:09.956+01:00  INFO 18604 --- [           main] c.w.v.cucumber.space.alien.AlienService  : An alien has been created! Alien(id=46, type=Smurf, fullName=Mike, weight=49, runSpeed=0, height=99)
2024-07-01T13:18:10.111+01:00  INFO 18604 --- [           main] c.w.v.c.s.a.WeightIncreaseEntityListener : Listened for object with type Alien
2024-07-01T13:18:10.111+01:00  WARN 18604 --- [           main] c.w.v.c.s.a.WeightIncreaseEntityListener : Weight Gain service has been disabled
2024-07-01T13:18:10.113+01:00  INFO 18604 --- [           main] c.w.v.cucumber.space.alien.AlienService  : An alien has been created! Alien(id=47, type=Smurf, fullName=Mike, weight=97, runSpeed=0, height=89)
2024-07-01T13:18:10.270+01:00  INFO 18604 --- [           main] c.w.v.c.s.a.WeightIncreaseEntityListener : Listened for object with type Alien
2024-07-01T13:18:10.270+01:00  WARN 18604 --- [           main] c.w.v.c.s.a.WeightIncreaseEntityListener : Weight Gain service has been disabled
2024-07-01T13:18:10.272+01:00  INFO 18604 --- [           main] c.w.v.cucumber.space.alien.AlienService  : An alien has been created! Alien(id=48, type=Smurf, fullName=Mike, weight=76, runSpeed=0, height=90)
2024-07-01T13:18:10.426+01:00  INFO 18604 --- [           main] c.w.v.c.s.a.WeightIncreaseEntityListener : Listened for object with type Alien
2024-07-01T13:18:10.426+01:00  WARN 18604 --- [           main] c.w.v.c.s.a.WeightIncreaseEntityListener : Weight Gain service has been disabled
2024-07-01T13:18:10.427+01:00  INFO 18604 --- [           main] c.w.v.cucumber.space.alien.AlienService  : An alien has been created! Alien(id=49, type=Smurf, fullName=Mike, weight=78, runSpeed=0, height=6)
2024-07-01T13:18:10.584+01:00  INFO 18604 --- [           main] c.w.v.c.s.a.WeightIncreaseEntityListener : Listened for object with type Alien
2024-07-01T13:18:10.584+01:00  WARN 18604 --- [           main] c.w.v.c.s.a.WeightIncreaseEntityListener : Weight Gain service has been disabled
2024-07-01T13:18:10.586+01:00  INFO 18604 --- [           main] c.w.v.cucumber.space.alien.AlienService  : An alien has been created! Alien(id=50, type=Smurf, fullName=Mike, weight=40, runSpeed=0, height=37)
2024-07-01T13:18:10.742+01:00  INFO 18604 --- [           main] c.w.v.c.s.a.WeightIncreaseEntityListener : Listened for object with type Alien
2024-07-01T13:18:10.742+01:00  WARN 18604 --- [           main] c.w.v.c.s.a.WeightIncreaseEntityListener : Weight Gain service has been disabled
2024-07-01T13:18:10.743+01:00  INFO 18604 --- [           main] c.w.v.cucumber.space.alien.AlienService  : An alien has been created! Alien(id=51, type=Smurf, fullName=Mike, weight=6, runSpeed=0, height=4)
2024-07-01T13:18:10.899+01:00  INFO 18604 --- [           main] c.w.v.c.s.a.WeightIncreaseEntityListener : Listened for object with type Alien
2024-07-01T13:18:10.899+01:00  WARN 18604 --- [           main] c.w.v.c.s.a.WeightIncreaseEntityListener : Weight Gain service has been disabled
2024-07-01T13:18:10.900+01:00  INFO 18604 --- [           main] c.w.v.cucumber.space.alien.AlienService  : An alien has been created! Alien(id=52, type=Smurf, fullName=Mike, weight=41, runSpeed=0, height=98)
2024-07-01T13:18:11.055+01:00  INFO 18604 --- [           main] c.w.v.c.s.a.WeightIncreaseEntityListener : Listened for object with type Alien
2024-07-01T13:18:11.055+01:00  WARN 18604 --- [           main] c.w.v.c.s.a.WeightIncreaseEntityListener : Weight Gain service has been disabled
2024-07-01T13:18:11.056+01:00  INFO 18604 --- [           main] c.w.v.cucumber.space.alien.AlienService  : An alien has been created! Alien(id=53, type=Smurf, fullName=Mike, weight=26, runSpeed=0, height=17)
2024-07-01T13:18:11.214+01:00  INFO 18604 --- [           main] c.w.v.c.s.a.WeightIncreaseEntityListener : Listened for object with type Alien
2024-07-01T13:18:11.214+01:00  WARN 18604 --- [           main] c.w.v.c.s.a.WeightIncreaseEntityListener : Weight Gain service has been disabled
2024-07-01T13:18:11.215+01:00  INFO 18604 --- [           main] c.w.v.cucumber.space.alien.AlienService  : An alien has been created! Alien(id=54, type=Smurf, fullName=Mike, weight=12, runSpeed=0, height=68)
2024-07-01T13:18:11.370+01:00  INFO 18604 --- [           main] c.w.v.c.s.a.WeightIncreaseEntityListener : Listened for object with type Alien
2024-07-01T13:18:11.370+01:00  WARN 18604 --- [           main] c.w.v.c.s.a.WeightIncreaseEntityListener : Weight Gain service has been disabled
2024-07-01T13:18:11.372+01:00  INFO 18604 --- [           main] c.w.v.cucumber.space.alien.AlienService  : An alien has been created! Alien(id=55, type=Smurf, fullName=Mike, weight=75, runSpeed=0, height=97)
2024-07-01T13:18:11.528+01:00  INFO 18604 --- [           main] c.w.v.c.s.a.WeightIncreaseEntityListener : Listened for object with type Alien
2024-07-01T13:18:11.528+01:00  WARN 18604 --- [           main] c.w.v.c.s.a.WeightIncreaseEntityListener : Weight Gain service has been disabled
2024-07-01T13:18:11.529+01:00  INFO 18604 --- [           main] c.w.v.cucumber.space.alien.AlienService  : An alien has been created! Alien(id=56, type=Smurf, fullName=Mike, weight=44, runSpeed=0, height=36)
2024-07-01T13:18:11.685+01:00  INFO 18604 --- [           main] c.w.v.c.s.a.WeightIncreaseEntityListener : Listened for object with type Alien
2024-07-01T13:18:11.685+01:00  WARN 18604 --- [           main] c.w.v.c.s.a.WeightIncreaseEntityListener : Weight Gain service has been disabled
2024-07-01T13:18:11.686+01:00  INFO 18604 --- [           main] c.w.v.cucumber.space.alien.AlienService  : An alien has been created! Alien(id=57, type=Smurf, fullName=Mike, weight=31, runSpeed=0, height=61)
2024-07-01T13:18:11.843+01:00  INFO 18604 --- [           main] c.w.v.c.s.a.WeightIncreaseEntityListener : Listened for object with type Alien
2024-07-01T13:18:11.843+01:00  WARN 18604 --- [           main] c.w.v.c.s.a.WeightIncreaseEntityListener : Weight Gain service has been disabled
2024-07-01T13:18:11.844+01:00  INFO 18604 --- [           main] c.w.v.cucumber.space.alien.AlienService  : An alien has been created! Alien(id=58, type=Smurf, fullName=Mike, weight=26, runSpeed=0, height=7)
2024-07-01T13:18:12.001+01:00  INFO 18604 --- [           main] c.w.v.c.s.a.WeightIncreaseEntityListener : Listened for object with type Alien
2024-07-01T13:18:12.001+01:00  WARN 18604 --- [           main] c.w.v.c.s.a.WeightIncreaseEntityListener : Weight Gain service has been disabled
2024-07-01T13:18:12.004+01:00  INFO 18604 --- [           main] c.w.v.cucumber.space.alien.AlienService  : An alien has been created! Alien(id=59, type=Smurf, fullName=Mike, weight=49, runSpeed=0, height=81)
2024-07-01T13:18:12.161+01:00  INFO 18604 --- [           main] c.w.v.c.s.a.WeightIncreaseEntityListener : Listened for object with type Alien
2024-07-01T13:18:12.161+01:00  WARN 18604 --- [           main] c.w.v.c.s.a.WeightIncreaseEntityListener : Weight Gain service has been disabled
2024-07-01T13:18:12.162+01:00  INFO 18604 --- [           main] c.w.v.cucumber.space.alien.AlienService  : An alien has been created! Alien(id=60, type=Smurf, fullName=Mike, weight=40, runSpeed=0, height=32)
  &amp#27;[32mWhen &amp#27;[0m&amp#27;[32mCreate &amp#27;[0m&amp#27;[32m&amp#27;[1m50&amp#27;[0m&amp#27;[32m alien with name &amp#27;[0m&amp#27;[32m&amp#27;[1m"Mike"&amp#27;[0m&amp#27;[32m and type &amp#27;[0m&amp#27;[32m&amp#27;[1m"Smurf"&amp#27;[0m    &amp#27;[90m# code.with.vanilson.cucumber.glue.CucumberAlienSteps.whenClientCalls(int,java.lang.String,java.lang.String)&amp#27;[0m
  &amp#27;[32mThen &amp#27;[0m&amp#27;[32mTotal number of aliens should be &amp#27;[0m&amp#27;[32m&amp#27;[1m50&amp#27;[0m                  &amp#27;[90m# code.with.vanilson.cucumber.glue.CucumberAlienSteps.thenStatusCodee(int)&amp#27;[0m
2024-07-01T13:18:12.335+01:00  INFO 18604 --- [           main] c.w.v.c.s.a.WeightIncreaseEntityListener : Listened for object with type Alien
2024-07-01T13:18:12.336+01:00  WARN 18604 --- [           main] c.w.v.c.s.a.WeightIncreaseEntityListener : Weight Gain service has been disabled
2024-07-01T13:18:12.337+01:00  INFO 18604 --- [           main] c.w.v.cucumber.space.alien.AlienService  : An alien has been created! Alien(id=61, type=Smurf, fullName=Harriet, weight=87, runSpeed=0, height=69)
2024-07-01T13:18:12.493+01:00  INFO 18604 --- [           main] c.w.v.c.s.a.WeightIncreaseEntityListener : Listened for object with type Alien
2024-07-01T13:18:12.493+01:00  WARN 18604 --- [           main] c.w.v.c.s.a.WeightIncreaseEntityListener : Weight Gain service has been disabled
2024-07-01T13:18:12.494+01:00  INFO 18604 --- [           main] c.w.v.cucumber.space.alien.AlienService  : An alien has been created! Alien(id=62, type=Smurf, fullName=Harriet, weight=73, runSpeed=0, height=64)
2024-07-01T13:18:12.650+01:00  INFO 18604 --- [           main] c.w.v.c.s.a.WeightIncreaseEntityListener : Listened for object with type Alien
2024-07-01T13:18:12.650+01:00  WARN 18604 --- [           main] c.w.v.c.s.a.WeightIncreaseEntityListener : Weight Gain service has been disabled
2024-07-01T13:18:12.651+01:00  INFO 18604 --- [           main] c.w.v.cucumber.space.alien.AlienService  : An alien has been created! Alien(id=63, type=Smurf, fullName=Harriet, weight=98, runSpeed=0, height=48)
2024-07-01T13:18:12.808+01:00  INFO 18604 --- [           main] c.w.v.c.s.a.WeightIncreaseEntityListener : Listened for object with type Alien
2024-07-01T13:18:12.809+01:00  WARN 18604 --- [           main] c.w.v.c.s.a.WeightIncreaseEntityListener : Weight Gain service has been disabled
2024-07-01T13:18:12.810+01:00  INFO 18604 --- [           main] c.w.v.cucumber.space.alien.AlienService  : An alien has been created! Alien(id=64, type=Smurf, fullName=Harriet, weight=6, runSpeed=0, height=76)
2024-07-01T13:18:12.966+01:00  INFO 18604 --- [           main] c.w.v.c.s.a.WeightIncreaseEntityListener : Listened for object with type Alien
2024-07-01T13:18:12.966+01:00  WARN 18604 --- [           main] c.w.v.c.s.a.WeightIncreaseEntityListener : Weight Gain service has been disabled
2024-07-01T13:18:12.967+01:00  INFO 18604 --- [           main] c.w.v.cucumber.space.alien.AlienService  : An alien has been created! Alien(id=65, type=Smurf, fullName=Harriet, weight=71, runSpeed=0, height=64)
2024-07-01T13:18:13.124+01:00  INFO 18604 --- [           main] c.w.v.c.s.a.WeightIncreaseEntityListener : Listened for object with type Alien
2024-07-01T13:18:13.124+01:00  WARN 18604 --- [           main] c.w.v.c.s.a.WeightIncreaseEntityListener : Weight Gain service has been disabled
2024-07-01T13:18:13.125+01:00  INFO 18604 --- [           main] c.w.v.cucumber.space.alien.AlienService  : An alien has been created! Alien(id=66, type=Smurf, fullName=Harriet, weight=41, runSpeed=0, height=55)
2024-07-01T13:18:13.281+01:00  INFO 18604 --- [           main] c.w.v.c.s.a.WeightIncreaseEntityListener : Listened for object with type Alien
2024-07-01T13:18:13.281+01:00  WARN 18604 --- [           main] c.w.v.c.s.a.WeightIncreaseEntityListener : Weight Gain service has been disabled
2024-07-01T13:18:13.282+01:00  INFO 18604 --- [           main] c.w.v.cucumber.space.alien.AlienService  : An alien has been created! Alien(id=67, type=Smurf, fullName=Harriet, weight=4, runSpeed=0, height=40)
2024-07-01T13:18:13.438+01:00  INFO 18604 --- [           main] c.w.v.c.s.a.WeightIncreaseEntityListener : Listened for object with type Alien
2024-07-01T13:18:13.439+01:00  WARN 18604 --- [           main] c.w.v.c.s.a.WeightIncreaseEntityListener : Weight Gain service has been disabled
2024-07-01T13:18:13.440+01:00  INFO 18604 --- [           main] c.w.v.cucumber.space.alien.AlienService  : An alien has been created! Alien(id=68, type=Smurf, fullName=Harriet, weight=52, runSpeed=0, height=17)
2024-07-01T13:18:13.596+01:00  INFO 18604 --- [           main] c.w.v.c.s.a.WeightIncreaseEntityListener : Listened for object with type Alien
2024-07-01T13:18:13.596+01:00  WARN 18604 --- [           main] c.w.v.c.s.a.WeightIncreaseEntityListener : Weight Gain service has been disabled
2024-07-01T13:18:13.598+01:00  INFO 18604 --- [           main] c.w.v.cucumber.space.alien.AlienService  : An alien has been created! Alien(id=69, type=Smurf, fullName=Harriet, weight=97, runSpeed=0, height=36)
2024-07-01T13:18:13.754+01:00  INFO 18604 --- [           main] c.w.v.c.s.a.WeightIncreaseEntityListener : Listened for object with type Alien
2024-07-01T13:18:13.754+01:00  WARN 18604 --- [           main] c.w.v.c.s.a.WeightIncreaseEntityListener : Weight Gain service has been disabled
2024-07-01T13:18:13.755+01:00  INFO 18604 --- [           main] c.w.v.cucumber.space.alien.AlienService  : An alien has been created! Alien(id=70, type=Smurf, fullName=Harriet, weight=99, runSpeed=0, height=16)
2024-07-01T13:18:13.913+01:00  INFO 18604 --- [           main] c.w.v.c.s.a.WeightIncreaseEntityListener : Listened for object with type Alien
2024-07-01T13:18:13.914+01:00  WARN 18604 --- [           main] c.w.v.c.s.a.WeightIncreaseEntityListener : Weight Gain service has been disabled
2024-07-01T13:18:13.915+01:00  INFO 18604 --- [           main] c.w.v.cucumber.space.alien.AlienService  : An alien has been created! Alien(id=71, type=Smurf, fullName=Harriet, weight=79, runSpeed=0, height=70)
2024-07-01T13:18:14.068+01:00  INFO 18604 --- [           main] c.w.v.c.s.a.WeightIncreaseEntityListener : Listened for object with type Alien
2024-07-01T13:18:14.068+01:00  WARN 18604 --- [           main] c.w.v.c.s.a.WeightIncreaseEntityListener : Weight Gain service has been disabled
2024-07-01T13:18:14.069+01:00  INFO 18604 --- [           main] c.w.v.cucumber.space.alien.AlienService  : An alien has been created! Alien(id=72, type=Smurf, fullName=Harriet, weight=1, runSpeed=0, height=69)
2024-07-01T13:18:14.227+01:00  INFO 18604 --- [           main] c.w.v.c.s.a.WeightIncreaseEntityListener : Listened for object with type Alien
2024-07-01T13:18:14.227+01:00  WARN 18604 --- [           main] c.w.v.c.s.a.WeightIncreaseEntityListener : Weight Gain service has been disabled
2024-07-01T13:18:14.227+01:00  INFO 18604 --- [           main] c.w.v.cucumber.space.alien.AlienService  : An alien has been created! Alien(id=73, type=Smurf, fullName=Harriet, weight=53, runSpeed=0, height=61)
2024-07-01T13:18:14.381+01:00  INFO 18604 --- [           main] c.w.v.c.s.a.WeightIncreaseEntityListener : Listened for object with type Alien
2024-07-01T13:18:14.381+01:00  WARN 18604 --- [           main] c.w.v.c.s.a.WeightIncreaseEntityListener : Weight Gain service has been disabled
2024-07-01T13:18:14.383+01:00  INFO 18604 --- [           main] c.w.v.cucumber.space.alien.AlienService  : An alien has been created! Alien(id=74, type=Smurf, fullName=Harriet, weight=69, runSpeed=0, height=11)
2024-07-01T13:18:14.539+01:00  INFO 18604 --- [           main] c.w.v.c.s.a.WeightIncreaseEntityListener : Listened for object with type Alien
2024-07-01T13:18:14.539+01:00  WARN 18604 --- [           main] c.w.v.c.s.a.WeightIncreaseEntityListener : Weight Gain service has been disabled
2024-07-01T13:18:14.540+01:00  INFO 18604 --- [           main] c.w.v.cucumber.space.alien.AlienService  : An alien has been created! Alien(id=75, type=Smurf, fullName=Harriet, weight=16, runSpeed=0, height=62)
2024-07-01T13:18:14.697+01:00  INFO 18604 --- [           main] c.w.v.c.s.a.WeightIncreaseEntityListener : Listened for object with type Alien
2024-07-01T13:18:14.697+01:00  WARN 18604 --- [           main] c.w.v.c.s.a.WeightIncreaseEntityListener : Weight Gain service has been disabled
2024-07-01T13:18:14.699+01:00  INFO 18604 --- [           main] c.w.v.cucumber.space.alien.AlienService  : An alien has been created! Alien(id=76, type=Smurf, fullName=Harriet, weight=23, runSpeed=0, height=79)
2024-07-01T13:18:14.856+01:00  INFO 18604 --- [           main] c.w.v.c.s.a.WeightIncreaseEntityListener : Listened for object with type Alien
2024-07-01T13:18:14.856+01:00  WARN 18604 --- [           main] c.w.v.c.s.a.WeightIncreaseEntityListener : Weight Gain service has been disabled
2024-07-01T13:18:14.858+01:00  INFO 18604 --- [           main] c.w.v.cucumber.space.alien.AlienService  : An alien has been created! Alien(id=77, type=Smurf, fullName=Harriet, weight=52, runSpeed=0, height=80)
2024-07-01T13:18:15.012+01:00  INFO 18604 --- [           main] c.w.v.c.s.a.WeightIncreaseEntityListener : Listened for object with type Alien
2024-07-01T13:18:15.013+01:00  WARN 18604 --- [           main] c.w.v.c.s.a.WeightIncreaseEntityListener : Weight Gain service has been disabled
2024-07-01T13:18:15.014+01:00  INFO 18604 --- [           main] c.w.v.cucumber.space.alien.AlienService  : An alien has been created! Alien(id=78, type=Smurf, fullName=Harriet, weight=17, runSpeed=0, height=82)
2024-07-01T13:18:15.170+01:00  INFO 18604 --- [           main] c.w.v.c.s.a.WeightIncreaseEntityListener : Listened for object with type Alien
2024-07-01T13:18:15.170+01:00  WARN 18604 --- [           main] c.w.v.c.s.a.WeightIncreaseEntityListener : Weight Gain service has been disabled
2024-07-01T13:18:15.171+01:00  INFO 18604 --- [           main] c.w.v.cucumber.space.alien.AlienService  : An alien has been created! Alien(id=79, type=Smurf, fullName=Harriet, weight=18, runSpeed=0, height=22)
2024-07-01T13:18:15.327+01:00  INFO 18604 --- [           main] c.w.v.c.s.a.WeightIncreaseEntityListener : Listened for object with type Alien
2024-07-01T13:18:15.327+01:00  WARN 18604 --- [           main] c.w.v.c.s.a.WeightIncreaseEntityListener : Weight Gain service has been disabled
2024-07-01T13:18:15.328+01:00  INFO 18604 --- [           main] c.w.v.cucumber.space.alien.AlienService  : An alien has been created! Alien(id=80, type=Smurf, fullName=Harriet, weight=25, runSpeed=0, height=36)
2024-07-01T13:18:15.484+01:00  INFO 18604 --- [           main] c.w.v.c.s.a.WeightIncreaseEntityListener : Listened for object with type Alien
2024-07-01T13:18:15.484+01:00  WARN 18604 --- [           main] c.w.v.c.s.a.WeightIncreaseEntityListener : Weight Gain service has been disabled
2024-07-01T13:18:15.485+01:00  INFO 18604 --- [           main] c.w.v.cucumber.space.alien.AlienService  : An alien has been created! Alien(id=81, type=Smurf, fullName=Harriet, weight=20, runSpeed=0, height=41)
2024-07-01T13:18:15.641+01:00  INFO 18604 --- [           main] c.w.v.c.s.a.WeightIncreaseEntityListener : Listened for object with type Alien
2024-07-01T13:18:15.641+01:00  WARN 18604 --- [           main] c.w.v.c.s.a.WeightIncreaseEntityListener : Weight Gain service has been disabled
2024-07-01T13:18:15.643+01:00  INFO 18604 --- [           main] c.w.v.cucumber.space.alien.AlienService  : An alien has been created! Alien(id=82, type=Smurf, fullName=Harriet, weight=7, runSpeed=0, height=22)
2024-07-01T13:18:15.795+01:00  INFO 18604 --- [           main] c.w.v.c.s.a.WeightIncreaseEntityListener : Listened for object with type Alien
2024-07-01T13:18:15.795+01:00  WARN 18604 --- [           main] c.w.v.c.s.a.WeightIncreaseEntityListener : Weight Gain service has been disabled
2024-07-01T13:18:15.796+01:00  INFO 18604 --- [           main] c.w.v.cucumber.space.alien.AlienService  : An alien has been created! Alien(id=83, type=Smurf, fullName=Harriet, weight=38, runSpeed=0, height=87)
2024-07-01T13:18:15.952+01:00  INFO 18604 --- [           main] c.w.v.c.s.a.WeightIncreaseEntityListener : Listened for object with type Alien
2024-07-01T13:18:15.952+01:00  WARN 18604 --- [           main] c.w.v.c.s.a.WeightIncreaseEntityListener : Weight Gain service has been disabled
2024-07-01T13:18:15.953+01:00  INFO 18604 --- [           main] c.w.v.cucumber.space.alien.AlienService  : An alien has been created! Alien(id=84, type=Smurf, fullName=Harriet, weight=83, runSpeed=0, height=53)
2024-07-01T13:18:16.107+01:00  INFO 18604 --- [           main] c.w.v.c.s.a.WeightIncreaseEntityListener : Listened for object with type Alien
2024-07-01T13:18:16.107+01:00  WARN 18604 --- [           main] c.w.v.c.s.a.WeightIncreaseEntityListener : Weight Gain service has been disabled
2024-07-01T13:18:16.109+01:00  INFO 18604 --- [           main] c.w.v.cucumber.space.alien.AlienService  : An alien has been created! Alien(id=85, type=Smurf, fullName=Harriet, weight=88, runSpeed=0, height=20)
2024-07-01T13:18:16.264+01:00  INFO 18604 --- [           main] c.w.v.c.s.a.WeightIncreaseEntityListener : Listened for object with type Alien
2024-07-01T13:18:16.264+01:00  WARN 18604 --- [           main] c.w.v.c.s.a.WeightIncreaseEntityListener : Weight Gain service has been disabled
2024-07-01T13:18:16.265+01:00  INFO 18604 --- [           main] c.w.v.cucumber.space.alien.AlienService  : An alien has been created! Alien(id=86, type=Smurf, fullName=Harriet, weight=91, runSpeed=0, height=96)
2024-07-01T13:18:16.423+01:00  INFO 18604 --- [           main] c.w.v.c.s.a.WeightIncreaseEntityListener : Listened for object with type Alien
2024-07-01T13:18:16.423+01:00  WARN 18604 --- [           main] c.w.v.c.s.a.WeightIncreaseEntityListener : Weight Gain service has been disabled
2024-07-01T13:18:16.424+01:00  INFO 18604 --- [           main] c.w.v.cucumber.space.alien.AlienService  : An alien has been created! Alien(id=87, type=Smurf, fullName=Harriet, weight=54, runSpeed=0, height=76)
2024-07-01T13:18:16.581+01:00  INFO 18604 --- [           main] c.w.v.c.s.a.WeightIncreaseEntityListener : Listened for object with type Alien
2024-07-01T13:18:16.581+01:00  WARN 18604 --- [           main] c.w.v.c.s.a.WeightIncreaseEntityListener : Weight Gain service has been disabled
2024-07-01T13:18:16.582+01:00  INFO 18604 --- [           main] c.w.v.cucumber.space.alien.AlienService  : An alien has been created! Alien(id=88, type=Smurf, fullName=Harriet, weight=7, runSpeed=0, height=43)
2024-07-01T13:18:16.740+01:00  INFO 18604 --- [           main] c.w.v.c.s.a.WeightIncreaseEntityListener : Listened for object with type Alien
2024-07-01T13:18:16.740+01:00  WARN 18604 --- [           main] c.w.v.c.s.a.WeightIncreaseEntityListener : Weight Gain service has been disabled
2024-07-01T13:18:16.741+01:00  INFO 18604 --- [           main] c.w.v.cucumber.space.alien.AlienService  : An alien has been created! Alien(id=89, type=Smurf, fullName=Harriet, weight=22, runSpeed=0, height=83)
2024-07-01T13:18:16.899+01:00  INFO 18604 --- [           main] c.w.v.c.s.a.WeightIncreaseEntityListener : Listened for object with type Alien
2024-07-01T13:18:16.899+01:00  WARN 18604 --- [           main] c.w.v.c.s.a.WeightIncreaseEntityListener : Weight Gain service has been disabled
2024-07-01T13:18:16.901+01:00  INFO 18604 --- [           main] c.w.v.cucumber.space.alien.AlienService  : An alien has been created! Alien(id=90, type=Smurf, fullName=Harriet, weight=91, runSpeed=0, height=58)
2024-07-01T13:18:17.054+01:00  INFO 18604 --- [           main] c.w.v.c.s.a.WeightIncreaseEntityListener : Listened for object with type Alien
2024-07-01T13:18:17.054+01:00  WARN 18604 --- [           main] c.w.v.c.s.a.WeightIncreaseEntityListener : Weight Gain service has been disabled
2024-07-01T13:18:17.055+01:00  INFO 18604 --- [           main] c.w.v.cucumber.space.alien.AlienService  : An alien has been created! Alien(id=91, type=Smurf, fullName=Harriet, weight=42, runSpeed=0, height=91)
2024-07-01T13:18:17.212+01:00  INFO 18604 --- [           main] c.w.v.c.s.a.WeightIncreaseEntityListener : Listened for object with type Alien
2024-07-01T13:18:17.212+01:00  WARN 18604 --- [           main] c.w.v.c.s.a.WeightIncreaseEntityListener : Weight Gain service has been disabled
2024-07-01T13:18:17.213+01:00  INFO 18604 --- [           main] c.w.v.cucumber.space.alien.AlienService  : An alien has been created! Alien(id=92, type=Smurf, fullName=Harriet, weight=50, runSpeed=0, height=53)
2024-07-01T13:18:17.373+01:00  INFO 18604 --- [           main] c.w.v.c.s.a.WeightIncreaseEntityListener : Listened for object with type Alien
2024-07-01T13:18:17.373+01:00  WARN 18604 --- [           main] c.w.v.c.s.a.WeightIncreaseEntityListener : Weight Gain service has been disabled
2024-07-01T13:18:17.374+01:00  INFO 18604 --- [           main] c.w.v.cucumber.space.alien.AlienService  : An alien has been created! Alien(id=93, type=Smurf, fullName=Harriet, weight=78, runSpeed=0, height=56)
2024-07-01T13:18:17.531+01:00  INFO 18604 --- [           main] c.w.v.c.s.a.WeightIncreaseEntityListener : Listened for object with type Alien
2024-07-01T13:18:17.531+01:00  WARN 18604 --- [           main] c.w.v.c.s.a.WeightIncreaseEntityListener : Weight Gain service has been disabled
2024-07-01T13:18:17.532+01:00  INFO 18604 --- [           main] c.w.v.cucumber.space.alien.AlienService  : An alien has been created! Alien(id=94, type=Smurf, fullName=Harriet, weight=70, runSpeed=0, height=46)
2024-07-01T13:18:17.688+01:00  INFO 18604 --- [           main] c.w.v.c.s.a.WeightIncreaseEntityListener : Listened for object with type Alien
2024-07-01T13:18:17.688+01:00  WARN 18604 --- [           main] c.w.v.c.s.a.WeightIncreaseEntityListener : Weight Gain service has been disabled
2024-07-01T13:18:17.689+01:00  INFO 18604 --- [           main] c.w.v.cucumber.space.alien.AlienService  : An alien has been created! Alien(id=95, type=Smurf, fullName=Harriet, weight=52, runSpeed=0, height=35)
2024-07-01T13:18:17.845+01:00  INFO 18604 --- [           main] c.w.v.c.s.a.WeightIncreaseEntityListener : Listened for object with type Alien
2024-07-01T13:18:17.845+01:00  WARN 18604 --- [           main] c.w.v.c.s.a.WeightIncreaseEntityListener : Weight Gain service has been disabled
2024-07-01T13:18:17.846+01:00  INFO 18604 --- [           main] c.w.v.cucumber.space.alien.AlienService  : An alien has been created! Alien(id=96, type=Smurf, fullName=Harriet, weight=78, runSpeed=0, height=8)
2024-07-01T13:18:17.999+01:00  INFO 18604 --- [           main] c.w.v.c.s.a.WeightIncreaseEntityListener : Listened for object with type Alien
2024-07-01T13:18:17.999+01:00  WARN 18604 --- [           main] c.w.v.c.s.a.WeightIncreaseEntityListener : Weight Gain service has been disabled
2024-07-01T13:18:18.000+01:00  INFO 18604 --- [           main] c.w.v.cucumber.space.alien.AlienService  : An alien has been created! Alien(id=97, type=Smurf, fullName=Harriet, weight=63, runSpeed=0, height=34)
2024-07-01T13:18:18.157+01:00  INFO 18604 --- [           main] c.w.v.c.s.a.WeightIncreaseEntityListener : Listened for object with type Alien
2024-07-01T13:18:18.157+01:00  WARN 18604 --- [           main] c.w.v.c.s.a.WeightIncreaseEntityListener : Weight Gain service has been disabled
2024-07-01T13:18:18.158+01:00  INFO 18604 --- [           main] c.w.v.cucumber.space.alien.AlienService  : An alien has been created! Alien(id=98, type=Smurf, fullName=Harriet, weight=83, runSpeed=0, height=41)
2024-07-01T13:18:18.314+01:00  INFO 18604 --- [           main] c.w.v.c.s.a.WeightIncreaseEntityListener : Listened for object with type Alien
2024-07-01T13:18:18.314+01:00  WARN 18604 --- [           main] c.w.v.c.s.a.WeightIncreaseEntityListener : Weight Gain service has been disabled
2024-07-01T13:18:18.315+01:00  INFO 18604 --- [           main] c.w.v.cucumber.space.alien.AlienService  : An alien has been created! Alien(id=99, type=Smurf, fullName=Harriet, weight=31, runSpeed=0, height=7)
2024-07-01T13:18:18.472+01:00  INFO 18604 --- [           main] c.w.v.c.s.a.WeightIncreaseEntityListener : Listened for object with type Alien
2024-07-01T13:18:18.472+01:00  WARN 18604 --- [           main] c.w.v.c.s.a.WeightIncreaseEntityListener : Weight Gain service has been disabled
2024-07-01T13:18:18.473+01:00  INFO 18604 --- [           main] c.w.v.cucumber.space.alien.AlienService  : An alien has been created! Alien(id=100, type=Smurf, fullName=Harriet, weight=79, runSpeed=0, height=7)
2024-07-01T13:18:18.628+01:00  INFO 18604 --- [           main] c.w.v.c.s.a.WeightIncreaseEntityListener : Listened for object with type Alien
2024-07-01T13:18:18.628+01:00  WARN 18604 --- [           main] c.w.v.c.s.a.WeightIncreaseEntityListener : Weight Gain service has been disabled
2024-07-01T13:18:18.629+01:00  INFO 18604 --- [           main] c.w.v.cucumber.space.alien.AlienService  : An alien has been created! Alien(id=101, type=Smurf, fullName=Harriet, weight=5, runSpeed=0, height=46)
2024-07-01T13:18:18.783+01:00  INFO 18604 --- [           main] c.w.v.c.s.a.WeightIncreaseEntityListener : Listened for object with type Alien
2024-07-01T13:18:18.783+01:00  WARN 18604 --- [           main] c.w.v.c.s.a.WeightIncreaseEntityListener : Weight Gain service has been disabled
2024-07-01T13:18:18.784+01:00  INFO 18604 --- [           main] c.w.v.cucumber.space.alien.AlienService  : An alien has been created! Alien(id=102, type=Smurf, fullName=Harriet, weight=77, runSpeed=0, height=43)
2024-07-01T13:18:18.942+01:00  INFO 18604 --- [           main] c.w.v.c.s.a.WeightIncreaseEntityListener : Listened for object with type Alien
2024-07-01T13:18:18.942+01:00  WARN 18604 --- [           main] c.w.v.c.s.a.WeightIncreaseEntityListener : Weight Gain service has been disabled
2024-07-01T13:18:18.943+01:00  INFO 18604 --- [           main] c.w.v.cucumber.space.alien.AlienService  : An alien has been created! Alien(id=103, type=Smurf, fullName=Harriet, weight=56, runSpeed=0, height=82)
2024-07-01T13:18:19.100+01:00  INFO 18604 --- [           main] c.w.v.c.s.a.WeightIncreaseEntityListener : Listened for object with type Alien
2024-07-01T13:18:19.100+01:00  WARN 18604 --- [           main] c.w.v.c.s.a.WeightIncreaseEntityListener : Weight Gain service has been disabled
2024-07-01T13:18:19.102+01:00  INFO 18604 --- [           main] c.w.v.cucumber.space.alien.AlienService  : An alien has been created! Alien(id=104, type=Smurf, fullName=Harriet, weight=80, runSpeed=0, height=94)
2024-07-01T13:18:19.257+01:00  INFO 18604 --- [           main] c.w.v.c.s.a.WeightIncreaseEntityListener : Listened for object with type Alien
2024-07-01T13:18:19.257+01:00  WARN 18604 --- [           main] c.w.v.c.s.a.WeightIncreaseEntityListener : Weight Gain service has been disabled
2024-07-01T13:18:19.258+01:00  INFO 18604 --- [           main] c.w.v.cucumber.space.alien.AlienService  : An alien has been created! Alien(id=105, type=Smurf, fullName=Harriet, weight=70, runSpeed=0, height=45)
2024-07-01T13:18:19.417+01:00  INFO 18604 --- [           main] c.w.v.c.s.a.WeightIncreaseEntityListener : Listened for object with type Alien
2024-07-01T13:18:19.417+01:00  WARN 18604 --- [           main] c.w.v.c.s.a.WeightIncreaseEntityListener : Weight Gain service has been disabled
2024-07-01T13:18:19.418+01:00  INFO 18604 --- [           main] c.w.v.cucumber.space.alien.AlienService  : An alien has been created! Alien(id=106, type=Smurf, fullName=Harriet, weight=78, runSpeed=0, height=85)
2024-07-01T13:18:19.574+01:00  INFO 18604 --- [           main] c.w.v.c.s.a.WeightIncreaseEntityListener : Listened for object with type Alien
2024-07-01T13:18:19.575+01:00  WARN 18604 --- [           main] c.w.v.c.s.a.WeightIncreaseEntityListener : Weight Gain service has been disabled
2024-07-01T13:18:19.576+01:00  INFO 18604 --- [           main] c.w.v.cucumber.space.alien.AlienService  : An alien has been created! Alien(id=107, type=Smurf, fullName=Harriet, weight=10, runSpeed=0, height=4)
2024-07-01T13:18:19.732+01:00  INFO 18604 --- [           main] c.w.v.c.s.a.WeightIncreaseEntityListener : Listened for object with type Alien
2024-07-01T13:18:19.732+01:00  WARN 18604 --- [           main] c.w.v.c.s.a.WeightIncreaseEntityListener : Weight Gain service has been disabled
2024-07-01T13:18:19.733+01:00  INFO 18604 --- [           main] c.w.v.cucumber.space.alien.AlienService  : An alien has been created! Alien(id=108, type=Smurf, fullName=Harriet, weight=95, runSpeed=0, height=4)
2024-07-01T13:18:19.889+01:00  INFO 18604 --- [           main] c.w.v.c.s.a.WeightIncreaseEntityListener : Listened for object with type Alien
2024-07-01T13:18:19.889+01:00  WARN 18604 --- [           main] c.w.v.c.s.a.WeightIncreaseEntityListener : Weight Gain service has been disabled
2024-07-01T13:18:19.890+01:00  INFO 18604 --- [           main] c.w.v.cucumber.space.alien.AlienService  : An alien has been created! Alien(id=109, type=Smurf, fullName=Harriet, weight=71, runSpeed=0, height=27)
2024-07-01T13:18:20.047+01:00  INFO 18604 --- [           main] c.w.v.c.s.a.WeightIncreaseEntityListener : Listened for object with type Alien
2024-07-01T13:18:20.047+01:00  WARN 18604 --- [           main] c.w.v.c.s.a.WeightIncreaseEntityListener : Weight Gain service has been disabled
2024-07-01T13:18:20.048+01:00  INFO 18604 --- [           main] c.w.v.cucumber.space.alien.AlienService  : An alien has been created! Alien(id=110, type=Smurf, fullName=Harriet, weight=47, runSpeed=0, height=21)
  &amp#27;[32mWhen &amp#27;[0m&amp#27;[32mCreate &amp#27;[0m&amp#27;[32m&amp#27;[1m50&amp#27;[0m&amp#27;[32m alien with name &amp#27;[0m&amp#27;[32m&amp#27;[1m"Harriet"&amp#27;[0m&amp#27;[32m and type &amp#27;[0m&amp#27;[32m&amp#27;[1m"Smurf"&amp#27;[0m &amp#27;[90m# code.with.vanilson.cucumber.glue.CucumberAlienSteps.whenClientCalls(int,java.lang.String,java.lang.String)&amp#27;[0m
  &amp#27;[32mThen &amp#27;[0m&amp#27;[32mTotal number of aliens should be &amp#27;[0m&amp#27;[32m&amp#27;[1m100&amp#27;[0m                 &amp#27;[90m# code.with.vanilson.cucumber.glue.CucumberAlienSteps.thenStatusCodee(int)&amp#27;[0m
]]></system-out>
  </testcase>
  <testcase name="Create 100 Wookies" classname="Create Smurf aliens" time="15.816">
    <system-out><![CDATA[2024-07-01T13:18:20.063+01:00  INFO 18604 --- [           main] t.c.s.AnnotationConfigContextLoaderUtils : Could not detect default configuration classes for test class [code.with.vanilson.cucumber.config.CucumberSpringConfiguration]: CucumberSpringConfiguration does not declare any static, non-private, non-final, nested classes annotated with @Configuration.
2024-07-01T13:18:20.065+01:00  INFO 18604 --- [           main] .b.t.c.SpringBootTestContextBootstrapper : Found @SpringBootConfiguration code.with.vanilson.cucumber.DemoCucumberApplication for test class code.with.vanilson.cucumber.config.CucumberSpringConfiguration

Scenario: Create 100 Wookies                               &amp#27;[90m# features/alien/AlienTest.feature:10&amp#27;[0m
2024-07-01T13:18:20.079+01:00  INFO 18604 --- [           main] c.w.v.cucumber.space.alien.AlienService  : Delete all aliens
  &amp#27;[32mGiven &amp#27;[0m&amp#27;[32mNo aliens exists&amp#27;[0m                                   &amp#27;[90m# code.with.vanilson.cucumber.glue.CucumberAlienSteps.noAliens()&amp#27;[0m
2024-07-01T13:18:20.284+01:00  INFO 18604 --- [           main] c.w.v.c.s.a.WeightIncreaseEntityListener : Listened for object with type Alien
2024-07-01T13:18:20.284+01:00  WARN 18604 --- [           main] c.w.v.c.s.a.WeightIncreaseEntityListener : Weight Gain service has been disabled
2024-07-01T13:18:20.286+01:00  INFO 18604 --- [           main] c.w.v.cucumber.space.alien.AlienService  : An alien has been created! Alien(id=111, type=Wookie, fullName=Brian, weight=78, runSpeed=0, height=48)
2024-07-01T13:18:20.441+01:00  INFO 18604 --- [           main] c.w.v.c.s.a.WeightIncreaseEntityListener : Listened for object with type Alien
2024-07-01T13:18:20.441+01:00  WARN 18604 --- [           main] c.w.v.c.s.a.WeightIncreaseEntityListener : Weight Gain service has been disabled
2024-07-01T13:18:20.442+01:00  INFO 18604 --- [           main] c.w.v.cucumber.space.alien.AlienService  : An alien has been created! Alien(id=112, type=Wookie, fullName=Brian, weight=86, runSpeed=0, height=71)
2024-07-01T13:18:20.599+01:00  INFO 18604 --- [           main] c.w.v.c.s.a.WeightIncreaseEntityListener : Listened for object with type Alien
2024-07-01T13:18:20.599+01:00  WARN 18604 --- [           main] c.w.v.c.s.a.WeightIncreaseEntityListener : Weight Gain service has been disabled
2024-07-01T13:18:20.600+01:00  INFO 18604 --- [           main] c.w.v.cucumber.space.alien.AlienService  : An alien has been created! Alien(id=113, type=Wookie, fullName=Brian, weight=2, runSpeed=0, height=1)
2024-07-01T13:18:20.759+01:00  INFO 18604 --- [           main] c.w.v.c.s.a.WeightIncreaseEntityListener : Listened for object with type Alien
2024-07-01T13:18:20.759+01:00  WARN 18604 --- [           main] c.w.v.c.s.a.WeightIncreaseEntityListener : Weight Gain service has been disabled
2024-07-01T13:18:20.760+01:00  INFO 18604 --- [           main] c.w.v.cucumber.space.alien.AlienService  : An alien has been created! Alien(id=114, type=Wookie, fullName=Brian, weight=17, runSpeed=0, height=60)
2024-07-01T13:18:20.913+01:00  INFO 18604 --- [           main] c.w.v.c.s.a.WeightIncreaseEntityListener : Listened for object with type Alien
2024-07-01T13:18:20.913+01:00  WARN 18604 --- [           main] c.w.v.c.s.a.WeightIncreaseEntityListener : Weight Gain service has been disabled
2024-07-01T13:18:20.915+01:00  INFO 18604 --- [           main] c.w.v.cucumber.space.alien.AlienService  : An alien has been created! Alien(id=115, type=Wookie, fullName=Brian, weight=21, runSpeed=0, height=7)
2024-07-01T13:18:21.072+01:00  INFO 18604 --- [           main] c.w.v.c.s.a.WeightIncreaseEntityListener : Listened for object with type Alien
2024-07-01T13:18:21.072+01:00  WARN 18604 --- [           main] c.w.v.c.s.a.WeightIncreaseEntityListener : Weight Gain service has been disabled
2024-07-01T13:18:21.073+01:00  INFO 18604 --- [           main] c.w.v.cucumber.space.alien.AlienService  : An alien has been created! Alien(id=116, type=Wookie, fullName=Brian, weight=83, runSpeed=0, height=52)
2024-07-01T13:18:21.229+01:00  INFO 18604 --- [           main] c.w.v.c.s.a.WeightIncreaseEntityListener : Listened for object with type Alien
2024-07-01T13:18:21.229+01:00  WARN 18604 --- [           main] c.w.v.c.s.a.WeightIncreaseEntityListener : Weight Gain service has been disabled
2024-07-01T13:18:21.230+01:00  INFO 18604 --- [           main] c.w.v.cucumber.space.alien.AlienService  : An alien has been created! Alien(id=117, type=Wookie, fullName=Brian, weight=49, runSpeed=0, height=22)
2024-07-01T13:18:21.387+01:00  INFO 18604 --- [           main] c.w.v.c.s.a.WeightIncreaseEntityListener : Listened for object with type Alien
2024-07-01T13:18:21.387+01:00  WARN 18604 --- [           main] c.w.v.c.s.a.WeightIncreaseEntityListener : Weight Gain service has been disabled
2024-07-01T13:18:21.388+01:00  INFO 18604 --- [           main] c.w.v.cucumber.space.alien.AlienService  : An alien has been created! Alien(id=118, type=Wookie, fullName=Brian, weight=16, runSpeed=0, height=66)
2024-07-01T13:18:21.542+01:00  INFO 18604 --- [           main] c.w.v.c.s.a.WeightIncreaseEntityListener : Listened for object with type Alien
2024-07-01T13:18:21.542+01:00  WARN 18604 --- [           main] c.w.v.c.s.a.WeightIncreaseEntityListener : Weight Gain service has been disabled
2024-07-01T13:18:21.544+01:00  INFO 18604 --- [           main] c.w.v.cucumber.space.alien.AlienService  : An alien has been created! Alien(id=119, type=Wookie, fullName=Brian, weight=96, runSpeed=0, height=90)
2024-07-01T13:18:21.702+01:00  INFO 18604 --- [           main] c.w.v.c.s.a.WeightIncreaseEntityListener : Listened for object with type Alien
2024-07-01T13:18:21.702+01:00  WARN 18604 --- [           main] c.w.v.c.s.a.WeightIncreaseEntityListener : Weight Gain service has been disabled
2024-07-01T13:18:21.703+01:00  INFO 18604 --- [           main] c.w.v.cucumber.space.alien.AlienService  : An alien has been created! Alien(id=120, type=Wookie, fullName=Brian, weight=60, runSpeed=0, height=3)
2024-07-01T13:18:21.860+01:00  INFO 18604 --- [           main] c.w.v.c.s.a.WeightIncreaseEntityListener : Listened for object with type Alien
2024-07-01T13:18:21.860+01:00  WARN 18604 --- [           main] c.w.v.c.s.a.WeightIncreaseEntityListener : Weight Gain service has been disabled
2024-07-01T13:18:21.861+01:00  INFO 18604 --- [           main] c.w.v.cucumber.space.alien.AlienService  : An alien has been created! Alien(id=121, type=Wookie, fullName=Brian, weight=57, runSpeed=0, height=77)
2024-07-01T13:18:22.015+01:00  INFO 18604 --- [           main] c.w.v.c.s.a.WeightIncreaseEntityListener : Listened for object with type Alien
2024-07-01T13:18:22.015+01:00  WARN 18604 --- [           main] c.w.v.c.s.a.WeightIncreaseEntityListener : Weight Gain service has been disabled
2024-07-01T13:18:22.016+01:00  INFO 18604 --- [           main] c.w.v.cucumber.space.alien.AlienService  : An alien has been created! Alien(id=122, type=Wookie, fullName=Brian, weight=99, runSpeed=0, height=21)
2024-07-01T13:18:22.173+01:00  INFO 18604 --- [           main] c.w.v.c.s.a.WeightIncreaseEntityListener : Listened for object with type Alien
2024-07-01T13:18:22.173+01:00  WARN 18604 --- [           main] c.w.v.c.s.a.WeightIncreaseEntityListener : Weight Gain service has been disabled
2024-07-01T13:18:22.175+01:00  INFO 18604 --- [           main] c.w.v.cucumber.space.alien.AlienService  : An alien has been created! Alien(id=123, type=Wookie, fullName=Brian, weight=7, runSpeed=0, height=20)
2024-07-01T13:18:22.331+01:00  INFO 18604 --- [           main] c.w.v.c.s.a.WeightIncreaseEntityListener : Listened for object with type Alien
2024-07-01T13:18:22.331+01:00  WARN 18604 --- [           main] c.w.v.c.s.a.WeightIncreaseEntityListener : Weight Gain service has been disabled
2024-07-01T13:18:22.332+01:00  INFO 18604 --- [           main] c.w.v.cucumber.space.alien.AlienService  : An alien has been created! Alien(id=124, type=Wookie, fullName=Brian, weight=73, runSpeed=0, height=89)
2024-07-01T13:18:22.488+01:00  INFO 18604 --- [           main] c.w.v.c.s.a.WeightIncreaseEntityListener : Listened for object with type Alien
2024-07-01T13:18:22.488+01:00  WARN 18604 --- [           main] c.w.v.c.s.a.WeightIncreaseEntityListener : Weight Gain service has been disabled
2024-07-01T13:18:22.489+01:00  INFO 18604 --- [           main] c.w.v.cucumber.space.alien.AlienService  : An alien has been created! Alien(id=125, type=Wookie, fullName=Brian, weight=91, runSpeed=0, height=31)
2024-07-01T13:18:22.646+01:00  INFO 18604 --- [           main] c.w.v.c.s.a.WeightIncreaseEntityListener : Listened for object with type Alien
2024-07-01T13:18:22.646+01:00  WARN 18604 --- [           main] c.w.v.c.s.a.WeightIncreaseEntityListener : Weight Gain service has been disabled
2024-07-01T13:18:22.647+01:00  INFO 18604 --- [           main] c.w.v.cucumber.space.alien.AlienService  : An alien has been created! Alien(id=126, type=Wookie, fullName=Brian, weight=75, runSpeed=0, height=64)
2024-07-01T13:18:22.804+01:00  INFO 18604 --- [           main] c.w.v.c.s.a.WeightIncreaseEntityListener : Listened for object with type Alien
2024-07-01T13:18:22.804+01:00  WARN 18604 --- [           main] c.w.v.c.s.a.WeightIncreaseEntityListener : Weight Gain service has been disabled
2024-07-01T13:18:22.805+01:00  INFO 18604 --- [           main] c.w.v.cucumber.space.alien.AlienService  : An alien has been created! Alien(id=127, type=Wookie, fullName=Brian, weight=96, runSpeed=0, height=87)
2024-07-01T13:18:22.960+01:00  INFO 18604 --- [           main] c.w.v.c.s.a.WeightIncreaseEntityListener : Listened for object with type Alien
2024-07-01T13:18:22.960+01:00  WARN 18604 --- [           main] c.w.v.c.s.a.WeightIncreaseEntityListener : Weight Gain service has been disabled
2024-07-01T13:18:22.961+01:00  INFO 18604 --- [           main] c.w.v.cucumber.space.alien.AlienService  : An alien has been created! Alien(id=128, type=Wookie, fullName=Brian, weight=30, runSpeed=0, height=24)
2024-07-01T13:18:23.117+01:00  INFO 18604 --- [           main] c.w.v.c.s.a.WeightIncreaseEntityListener : Listened for object with type Alien
2024-07-01T13:18:23.117+01:00  WARN 18604 --- [           main] c.w.v.c.s.a.WeightIncreaseEntityListener : Weight Gain service has been disabled
2024-07-01T13:18:23.118+01:00  INFO 18604 --- [           main] c.w.v.cucumber.space.alien.AlienService  : An alien has been created! Alien(id=129, type=Wookie, fullName=Brian, weight=76, runSpeed=0, height=92)
2024-07-01T13:18:23.276+01:00  INFO 18604 --- [           main] c.w.v.c.s.a.WeightIncreaseEntityListener : Listened for object with type Alien
2024-07-01T13:18:23.276+01:00  WARN 18604 --- [           main] c.w.v.c.s.a.WeightIncreaseEntityListener : Weight Gain service has been disabled
2024-07-01T13:18:23.278+01:00  INFO 18604 --- [           main] c.w.v.cucumber.space.alien.AlienService  : An alien has been created! Alien(id=130, type=Wookie, fullName=Brian, weight=11, runSpeed=0, height=74)
2024-07-01T13:18:23.432+01:00  INFO 18604 --- [           main] c.w.v.c.s.a.WeightIncreaseEntityListener : Listened for object with type Alien
2024-07-01T13:18:23.432+01:00  WARN 18604 --- [           main] c.w.v.c.s.a.WeightIncreaseEntityListener : Weight Gain service has been disabled
2024-07-01T13:18:23.433+01:00  INFO 18604 --- [           main] c.w.v.cucumber.space.alien.AlienService  : An alien has been created! Alien(id=131, type=Wookie, fullName=Brian, weight=78, runSpeed=0, height=68)
2024-07-01T13:18:23.590+01:00  INFO 18604 --- [           main] c.w.v.c.s.a.WeightIncreaseEntityListener : Listened for object with type Alien
2024-07-01T13:18:23.590+01:00  WARN 18604 --- [           main] c.w.v.c.s.a.WeightIncreaseEntityListener : Weight Gain service has been disabled
2024-07-01T13:18:23.591+01:00  INFO 18604 --- [           main] c.w.v.cucumber.space.alien.AlienService  : An alien has been created! Alien(id=132, type=Wookie, fullName=Brian, weight=33, runSpeed=0, height=64)
2024-07-01T13:18:23.747+01:00  INFO 18604 --- [           main] c.w.v.c.s.a.WeightIncreaseEntityListener : Listened for object with type Alien
2024-07-01T13:18:23.748+01:00  WARN 18604 --- [           main] c.w.v.c.s.a.WeightIncreaseEntityListener : Weight Gain service has been disabled
2024-07-01T13:18:23.749+01:00  INFO 18604 --- [           main] c.w.v.cucumber.space.alien.AlienService  : An alien has been created! Alien(id=133, type=Wookie, fullName=Brian, weight=25, runSpeed=0, height=76)
2024-07-01T13:18:23.904+01:00  INFO 18604 --- [           main] c.w.v.c.s.a.WeightIncreaseEntityListener : Listened for object with type Alien
2024-07-01T13:18:23.904+01:00  WARN 18604 --- [           main] c.w.v.c.s.a.WeightIncreaseEntityListener : Weight Gain service has been disabled
2024-07-01T13:18:23.906+01:00  INFO 18604 --- [           main] c.w.v.cucumber.space.alien.AlienService  : An alien has been created! Alien(id=134, type=Wookie, fullName=Brian, weight=63, runSpeed=0, height=7)
2024-07-01T13:18:24.062+01:00  INFO 18604 --- [           main] c.w.v.c.s.a.WeightIncreaseEntityListener : Listened for object with type Alien
2024-07-01T13:18:24.062+01:00  WARN 18604 --- [           main] c.w.v.c.s.a.WeightIncreaseEntityListener : Weight Gain service has been disabled
2024-07-01T13:18:24.063+01:00  INFO 18604 --- [           main] c.w.v.cucumber.space.alien.AlienService  : An alien has been created! Alien(id=135, type=Wookie, fullName=Brian, weight=76, runSpeed=0, height=48)
2024-07-01T13:18:24.219+01:00  INFO 18604 --- [           main] c.w.v.c.s.a.WeightIncreaseEntityListener : Listened for object with type Alien
2024-07-01T13:18:24.219+01:00  WARN 18604 --- [           main] c.w.v.c.s.a.WeightIncreaseEntityListener : Weight Gain service has been disabled
2024-07-01T13:18:24.220+01:00  INFO 18604 --- [           main] c.w.v.cucumber.space.alien.AlienService  : An alien has been created! Alien(id=136, type=Wookie, fullName=Brian, weight=47, runSpeed=0, height=89)
2024-07-01T13:18:24.377+01:00  INFO 18604 --- [           main] c.w.v.c.s.a.WeightIncreaseEntityListener : Listened for object with type Alien
2024-07-01T13:18:24.377+01:00  WARN 18604 --- [           main] c.w.v.c.s.a.WeightIncreaseEntityListener : Weight Gain service has been disabled
2024-07-01T13:18:24.378+01:00  INFO 18604 --- [           main] c.w.v.cucumber.space.alien.AlienService  : An alien has been created! Alien(id=137, type=Wookie, fullName=Brian, weight=4, runSpeed=0, height=44)
2024-07-01T13:18:24.535+01:00  INFO 18604 --- [           main] c.w.v.c.s.a.WeightIncreaseEntityListener : Listened for object with type Alien
2024-07-01T13:18:24.535+01:00  WARN 18604 --- [           main] c.w.v.c.s.a.WeightIncreaseEntityListener : Weight Gain service has been disabled
2024-07-01T13:18:24.536+01:00  INFO 18604 --- [           main] c.w.v.cucumber.space.alien.AlienService  : An alien has been created! Alien(id=138, type=Wookie, fullName=Brian, weight=44, runSpeed=0, height=78)
2024-07-01T13:18:24.693+01:00  INFO 18604 --- [           main] c.w.v.c.s.a.WeightIncreaseEntityListener : Listened for object with type Alien
2024-07-01T13:18:24.693+01:00  WARN 18604 --- [           main] c.w.v.c.s.a.WeightIncreaseEntityListener : Weight Gain service has been disabled
2024-07-01T13:18:24.694+01:00  INFO 18604 --- [           main] c.w.v.cucumber.space.alien.AlienService  : An alien has been created! Alien(id=139, type=Wookie, fullName=Brian, weight=74, runSpeed=0, height=73)
2024-07-01T13:18:24.849+01:00  INFO 18604 --- [           main] c.w.v.c.s.a.WeightIncreaseEntityListener : Listened for object with type Alien
2024-07-01T13:18:24.849+01:00  WARN 18604 --- [           main] c.w.v.c.s.a.WeightIncreaseEntityListener : Weight Gain service has been disabled
2024-07-01T13:18:24.850+01:00  INFO 18604 --- [           main] c.w.v.cucumber.space.alien.AlienService  : An alien has been created! Alien(id=140, type=Wookie, fullName=Brian, weight=49, runSpeed=0, height=58)
2024-07-01T13:18:25.006+01:00  INFO 18604 --- [           main] c.w.v.c.s.a.WeightIncreaseEntityListener : Listened for object with type Alien
2024-07-01T13:18:25.006+01:00  WARN 18604 --- [           main] c.w.v.c.s.a.WeightIncreaseEntityListener : Weight Gain service has been disabled
2024-07-01T13:18:25.007+01:00  INFO 18604 --- [           main] c.w.v.cucumber.space.alien.AlienService  : An alien has been created! Alien(id=141, type=Wookie, fullName=Brian, weight=41, runSpeed=0, height=31)
2024-07-01T13:18:25.160+01:00  INFO 18604 --- [           main] c.w.v.c.s.a.WeightIncreaseEntityListener : Listened for object with type Alien
2024-07-01T13:18:25.160+01:00  WARN 18604 --- [           main] c.w.v.c.s.a.WeightIncreaseEntityListener : Weight Gain service has been disabled
2024-07-01T13:18:25.162+01:00  INFO 18604 --- [           main] c.w.v.cucumber.space.alien.AlienService  : An alien has been created! Alien(id=142, type=Wookie, fullName=Brian, weight=83, runSpeed=0, height=33)
2024-07-01T13:18:25.317+01:00  INFO 18604 --- [           main] c.w.v.c.s.a.WeightIncreaseEntityListener : Listened for object with type Alien
2024-07-01T13:18:25.317+01:00  WARN 18604 --- [           main] c.w.v.c.s.a.WeightIncreaseEntityListener : Weight Gain service has been disabled
2024-07-01T13:18:25.318+01:00  INFO 18604 --- [           main] c.w.v.cucumber.space.alien.AlienService  : An alien has been created! Alien(id=143, type=Wookie, fullName=Brian, weight=15, runSpeed=0, height=72)
2024-07-01T13:18:25.475+01:00  INFO 18604 --- [           main] c.w.v.c.s.a.WeightIncreaseEntityListener : Listened for object with type Alien
2024-07-01T13:18:25.475+01:00  WARN 18604 --- [           main] c.w.v.c.s.a.WeightIncreaseEntityListener : Weight Gain service has been disabled
2024-07-01T13:18:25.475+01:00  INFO 18604 --- [           main] c.w.v.cucumber.space.alien.AlienService  : An alien has been created! Alien(id=144, type=Wookie, fullName=Brian, weight=12, runSpeed=0, height=99)
2024-07-01T13:18:25.630+01:00  INFO 18604 --- [           main] c.w.v.c.s.a.WeightIncreaseEntityListener : Listened for object with type Alien
2024-07-01T13:18:25.630+01:00  WARN 18604 --- [           main] c.w.v.c.s.a.WeightIncreaseEntityListener : Weight Gain service has been disabled
2024-07-01T13:18:25.631+01:00  INFO 18604 --- [           main] c.w.v.cucumber.space.alien.AlienService  : An alien has been created! Alien(id=145, type=Wookie, fullName=Brian, weight=38, runSpeed=0, height=47)
2024-07-01T13:18:25.789+01:00  INFO 18604 --- [           main] c.w.v.c.s.a.WeightIncreaseEntityListener : Listened for object with type Alien
2024-07-01T13:18:25.789+01:00  WARN 18604 --- [           main] c.w.v.c.s.a.WeightIncreaseEntityListener : Weight Gain service has been disabled
2024-07-01T13:18:25.790+01:00  INFO 18604 --- [           main] c.w.v.cucumber.space.alien.AlienService  : An alien has been created! Alien(id=146, type=Wookie, fullName=Brian, weight=76, runSpeed=0, height=33)
2024-07-01T13:18:25.946+01:00  INFO 18604 --- [           main] c.w.v.c.s.a.WeightIncreaseEntityListener : Listened for object with type Alien
2024-07-01T13:18:25.946+01:00  WARN 18604 --- [           main] c.w.v.c.s.a.WeightIncreaseEntityListener : Weight Gain service has been disabled
2024-07-01T13:18:25.947+01:00  INFO 18604 --- [           main] c.w.v.cucumber.space.alien.AlienService  : An alien has been created! Alien(id=147, type=Wookie, fullName=Brian, weight=57, runSpeed=0, height=13)
2024-07-01T13:18:26.105+01:00  INFO 18604 --- [           main] c.w.v.c.s.a.WeightIncreaseEntityListener : Listened for object with type Alien
2024-07-01T13:18:26.105+01:00  WARN 18604 --- [           main] c.w.v.c.s.a.WeightIncreaseEntityListener : Weight Gain service has been disabled
2024-07-01T13:18:26.106+01:00  INFO 18604 --- [           main] c.w.v.cucumber.space.alien.AlienService  : An alien has been created! Alien(id=148, type=Wookie, fullName=Brian, weight=0, runSpeed=0, height=61)
2024-07-01T13:18:26.259+01:00  INFO 18604 --- [           main] c.w.v.c.s.a.WeightIncreaseEntityListener : Listened for object with type Alien
2024-07-01T13:18:26.259+01:00  WARN 18604 --- [           main] c.w.v.c.s.a.WeightIncreaseEntityListener : Weight Gain service has been disabled
2024-07-01T13:18:26.260+01:00  INFO 18604 --- [           main] c.w.v.cucumber.space.alien.AlienService  : An alien has been created! Alien(id=149, type=Wookie, fullName=Brian, weight=47, runSpeed=0, height=64)
2024-07-01T13:18:26.418+01:00  INFO 18604 --- [           main] c.w.v.c.s.a.WeightIncreaseEntityListener : Listened for object with type Alien
2024-07-01T13:18:26.418+01:00  WARN 18604 --- [           main] c.w.v.c.s.a.WeightIncreaseEntityListener : Weight Gain service has been disabled
2024-07-01T13:18:26.419+01:00  INFO 18604 --- [           main] c.w.v.cucumber.space.alien.AlienService  : An alien has been created! Alien(id=150, type=Wookie, fullName=Brian, weight=51, runSpeed=0, height=74)
2024-07-01T13:18:26.574+01:00  INFO 18604 --- [           main] c.w.v.c.s.a.WeightIncreaseEntityListener : Listened for object with type Alien
2024-07-01T13:18:26.574+01:00  WARN 18604 --- [           main] c.w.v.c.s.a.WeightIncreaseEntityListener : Weight Gain service has been disabled
2024-07-01T13:18:26.575+01:00  INFO 18604 --- [           main] c.w.v.cucumber.space.alien.AlienService  : An alien has been created! Alien(id=151, type=Wookie, fullName=Brian, weight=53, runSpeed=0, height=34)
2024-07-01T13:18:26.731+01:00  INFO 18604 --- [           main] c.w.v.c.s.a.WeightIncreaseEntityListener : Listened for object with type Alien
2024-07-01T13:18:26.731+01:00  WARN 18604 --- [           main] c.w.v.c.s.a.WeightIncreaseEntityListener : Weight Gain service has been disabled
2024-07-01T13:18:26.732+01:00  INFO 18604 --- [           main] c.w.v.cucumber.space.alien.AlienService  : An alien has been created! Alien(id=152, type=Wookie, fullName=Brian, weight=35, runSpeed=0, height=79)
2024-07-01T13:18:26.889+01:00  INFO 18604 --- [           main] c.w.v.c.s.a.WeightIncreaseEntityListener : Listened for object with type Alien
2024-07-01T13:18:26.889+01:00  WARN 18604 --- [           main] c.w.v.c.s.a.WeightIncreaseEntityListener : Weight Gain service has been disabled
2024-07-01T13:18:26.890+01:00  INFO 18604 --- [           main] c.w.v.cucumber.space.alien.AlienService  : An alien has been created! Alien(id=153, type=Wookie, fullName=Brian, weight=36, runSpeed=0, height=89)
2024-07-01T13:18:27.045+01:00  INFO 18604 --- [           main] c.w.v.c.s.a.WeightIncreaseEntityListener : Listened for object with type Alien
2024-07-01T13:18:27.045+01:00  WARN 18604 --- [           main] c.w.v.c.s.a.WeightIncreaseEntityListener : Weight Gain service has been disabled
2024-07-01T13:18:27.046+01:00  INFO 18604 --- [           main] c.w.v.cucumber.space.alien.AlienService  : An alien has been created! Alien(id=154, type=Wookie, fullName=Brian, weight=79, runSpeed=0, height=66)
2024-07-01T13:18:27.203+01:00  INFO 18604 --- [           main] c.w.v.c.s.a.WeightIncreaseEntityListener : Listened for object with type Alien
2024-07-01T13:18:27.203+01:00  WARN 18604 --- [           main] c.w.v.c.s.a.WeightIncreaseEntityListener : Weight Gain service has been disabled
2024-07-01T13:18:27.204+01:00  INFO 18604 --- [           main] c.w.v.cucumber.space.alien.AlienService  : An alien has been created! Alien(id=155, type=Wookie, fullName=Brian, weight=75, runSpeed=0, height=36)
2024-07-01T13:18:27.362+01:00  INFO 18604 --- [           main] c.w.v.c.s.a.WeightIncreaseEntityListener : Listened for object with type Alien
2024-07-01T13:18:27.362+01:00  WARN 18604 --- [           main] c.w.v.c.s.a.WeightIncreaseEntityListener : Weight Gain service has been disabled
2024-07-01T13:18:27.364+01:00  INFO 18604 --- [           main] c.w.v.cucumber.space.alien.AlienService  : An alien has been created! Alien(id=156, type=Wookie, fullName=Brian, weight=62, runSpeed=0, height=79)
2024-07-01T13:18:27.519+01:00  INFO 18604 --- [           main] c.w.v.c.s.a.WeightIncreaseEntityListener : Listened for object with type Alien
2024-07-01T13:18:27.519+01:00  WARN 18604 --- [           main] c.w.v.c.s.a.WeightIncreaseEntityListener : Weight Gain service has been disabled
2024-07-01T13:18:27.520+01:00  INFO 18604 --- [           main] c.w.v.cucumber.space.alien.AlienService  : An alien has been created! Alien(id=157, type=Wookie, fullName=Brian, weight=50, runSpeed=0, height=87)
2024-07-01T13:18:27.678+01:00  INFO 18604 --- [           main] c.w.v.c.s.a.WeightIncreaseEntityListener : Listened for object with type Alien
2024-07-01T13:18:27.678+01:00  WARN 18604 --- [           main] c.w.v.c.s.a.WeightIncreaseEntityListener : Weight Gain service has been disabled
2024-07-01T13:18:27.679+01:00  INFO 18604 --- [           main] c.w.v.cucumber.space.alien.AlienService  : An alien has been created! Alien(id=158, type=Wookie, fullName=Brian, weight=81, runSpeed=0, height=29)
2024-07-01T13:18:27.835+01:00  INFO 18604 --- [           main] c.w.v.c.s.a.WeightIncreaseEntityListener : Listened for object with type Alien
2024-07-01T13:18:27.835+01:00  WARN 18604 --- [           main] c.w.v.c.s.a.WeightIncreaseEntityListener : Weight Gain service has been disabled
2024-07-01T13:18:27.836+01:00  INFO 18604 --- [           main] c.w.v.cucumber.space.alien.AlienService  : An alien has been created! Alien(id=159, type=Wookie, fullName=Brian, weight=23, runSpeed=0, height=84)
2024-07-01T13:18:27.992+01:00  INFO 18604 --- [           main] c.w.v.c.s.a.WeightIncreaseEntityListener : Listened for object with type Alien
2024-07-01T13:18:27.992+01:00  WARN 18604 --- [           main] c.w.v.c.s.a.WeightIncreaseEntityListener : Weight Gain service has been disabled
2024-07-01T13:18:27.993+01:00  INFO 18604 --- [           main] c.w.v.cucumber.space.alien.AlienService  : An alien has been created! Alien(id=160, type=Wookie, fullName=Brian, weight=87, runSpeed=0, height=29)
  &amp#27;[32mWhen &amp#27;[0m&amp#27;[32mCreate &amp#27;[0m&amp#27;[32m&amp#27;[1m50&amp#27;[0m&amp#27;[32m alien with name &amp#27;[0m&amp#27;[32m&amp#27;[1m"Brian"&amp#27;[0m&amp#27;[32m and type &amp#27;[0m&amp#27;[32m&amp#27;[1m"Wookie"&amp#27;[0m &amp#27;[90m# code.with.vanilson.cucumber.glue.CucumberAlienSteps.whenClientCalls(int,java.lang.String,java.lang.String)&amp#27;[0m
  &amp#27;[32mThen &amp#27;[0m&amp#27;[32mTotal number of aliens should be &amp#27;[0m&amp#27;[32m&amp#27;[1m50&amp#27;[0m                 &amp#27;[90m# code.with.vanilson.cucumber.glue.CucumberAlienSteps.thenStatusCodee(int)&amp#27;[0m
2024-07-01T13:18:28.151+01:00  INFO 18604 --- [           main] c.w.v.c.s.a.WeightIncreaseEntityListener : Listened for object with type Alien
2024-07-01T13:18:28.151+01:00  WARN 18604 --- [           main] c.w.v.c.s.a.WeightIncreaseEntityListener : Weight Gain service has been disabled
2024-07-01T13:18:28.152+01:00  INFO 18604 --- [           main] c.w.v.cucumber.space.alien.AlienService  : An alien has been created! Alien(id=161, type=Wookie, fullName=Anna, weight=61, runSpeed=0, height=68)
2024-07-01T13:18:28.308+01:00  INFO 18604 --- [           main] c.w.v.c.s.a.WeightIncreaseEntityListener : Listened for object with type Alien
2024-07-01T13:18:28.308+01:00  WARN 18604 --- [           main] c.w.v.c.s.a.WeightIncreaseEntityListener : Weight Gain service has been disabled
2024-07-01T13:18:28.310+01:00  INFO 18604 --- [           main] c.w.v.cucumber.space.alien.AlienService  : An alien has been created! Alien(id=162, type=Wookie, fullName=Anna, weight=5, runSpeed=0, height=2)
2024-07-01T13:18:28.467+01:00  INFO 18604 --- [           main] c.w.v.c.s.a.WeightIncreaseEntityListener : Listened for object with type Alien
2024-07-01T13:18:28.467+01:00  WARN 18604 --- [           main] c.w.v.c.s.a.WeightIncreaseEntityListener : Weight Gain service has been disabled
2024-07-01T13:18:28.468+01:00  INFO 18604 --- [           main] c.w.v.cucumber.space.alien.AlienService  : An alien has been created! Alien(id=163, type=Wookie, fullName=Anna, weight=24, runSpeed=0, height=98)
2024-07-01T13:18:28.622+01:00  INFO 18604 --- [           main] c.w.v.c.s.a.WeightIncreaseEntityListener : Listened for object with type Alien
2024-07-01T13:18:28.622+01:00  WARN 18604 --- [           main] c.w.v.c.s.a.WeightIncreaseEntityListener : Weight Gain service has been disabled
2024-07-01T13:18:28.623+01:00  INFO 18604 --- [           main] c.w.v.cucumber.space.alien.AlienService  : An alien has been created! Alien(id=164, type=Wookie, fullName=Anna, weight=49, runSpeed=0, height=70)
2024-07-01T13:18:28.781+01:00  INFO 18604 --- [           main] c.w.v.c.s.a.WeightIncreaseEntityListener : Listened for object with type Alien
2024-07-01T13:18:28.781+01:00  WARN 18604 --- [           main] c.w.v.c.s.a.WeightIncreaseEntityListener : Weight Gain service has been disabled
2024-07-01T13:18:28.782+01:00  INFO 18604 --- [           main] c.w.v.cucumber.space.alien.AlienService  : An alien has been created! Alien(id=165, type=Wookie, fullName=Anna, weight=16, runSpeed=0, height=80)
2024-07-01T13:18:28.940+01:00  INFO 18604 --- [           main] c.w.v.c.s.a.WeightIncreaseEntityListener : Listened for object with type Alien
2024-07-01T13:18:28.940+01:00  WARN 18604 --- [           main] c.w.v.c.s.a.WeightIncreaseEntityListener : Weight Gain service has been disabled
2024-07-01T13:18:28.941+01:00  INFO 18604 --- [           main] c.w.v.cucumber.space.alien.AlienService  : An alien has been created! Alien(id=166, type=Wookie, fullName=Anna, weight=74, runSpeed=0, height=89)
2024-07-01T13:18:29.098+01:00  INFO 18604 --- [           main] c.w.v.c.s.a.WeightIncreaseEntityListener : Listened for object with type Alien
2024-07-01T13:18:29.098+01:00  WARN 18604 --- [           main] c.w.v.c.s.a.WeightIncreaseEntityListener : Weight Gain service has been disabled
2024-07-01T13:18:29.099+01:00  INFO 18604 --- [           main] c.w.v.cucumber.space.alien.AlienService  : An alien has been created! Alien(id=167, type=Wookie, fullName=Anna, weight=39, runSpeed=0, height=37)
2024-07-01T13:18:29.258+01:00  INFO 18604 --- [           main] c.w.v.c.s.a.WeightIncreaseEntityListener : Listened for object with type Alien
2024-07-01T13:18:29.258+01:00  WARN 18604 --- [           main] c.w.v.c.s.a.WeightIncreaseEntityListener : Weight Gain service has been disabled
2024-07-01T13:18:29.259+01:00  INFO 18604 --- [           main] c.w.v.cucumber.space.alien.AlienService  : An alien has been created! Alien(id=168, type=Wookie, fullName=Anna, weight=26, runSpeed=0, height=72)
2024-07-01T13:18:29.415+01:00  INFO 18604 --- [           main] c.w.v.c.s.a.WeightIncreaseEntityListener : Listened for object with type Alien
2024-07-01T13:18:29.415+01:00  WARN 18604 --- [           main] c.w.v.c.s.a.WeightIncreaseEntityListener : Weight Gain service has been disabled
2024-07-01T13:18:29.415+01:00  INFO 18604 --- [           main] c.w.v.cucumber.space.alien.AlienService  : An alien has been created! Alien(id=169, type=Wookie, fullName=Anna, weight=15, runSpeed=0, height=31)
2024-07-01T13:18:29.573+01:00  INFO 18604 --- [           main] c.w.v.c.s.a.WeightIncreaseEntityListener : Listened for object with type Alien
2024-07-01T13:18:29.573+01:00  WARN 18604 --- [           main] c.w.v.c.s.a.WeightIncreaseEntityListener : Weight Gain service has been disabled
2024-07-01T13:18:29.574+01:00  INFO 18604 --- [           main] c.w.v.cucumber.space.alien.AlienService  : An alien has been created! Alien(id=170, type=Wookie, fullName=Anna, weight=13, runSpeed=0, height=56)
2024-07-01T13:18:29.731+01:00  INFO 18604 --- [           main] c.w.v.c.s.a.WeightIncreaseEntityListener : Listened for object with type Alien
2024-07-01T13:18:29.732+01:00  WARN 18604 --- [           main] c.w.v.c.s.a.WeightIncreaseEntityListener : Weight Gain service has been disabled
2024-07-01T13:18:29.733+01:00  INFO 18604 --- [           main] c.w.v.cucumber.space.alien.AlienService  : An alien has been created! Alien(id=171, type=Wookie, fullName=Anna, weight=62, runSpeed=0, height=2)
2024-07-01T13:18:29.891+01:00  INFO 18604 --- [           main] c.w.v.c.s.a.WeightIncreaseEntityListener : Listened for object with type Alien
2024-07-01T13:18:29.891+01:00  WARN 18604 --- [           main] c.w.v.c.s.a.WeightIncreaseEntityListener : Weight Gain service has been disabled
2024-07-01T13:18:29.892+01:00  INFO 18604 --- [           main] c.w.v.cucumber.space.alien.AlienService  : An alien has been created! Alien(id=172, type=Wookie, fullName=Anna, weight=60, runSpeed=0, height=5)
2024-07-01T13:18:30.048+01:00  INFO 18604 --- [           main] c.w.v.c.s.a.WeightIncreaseEntityListener : Listened for object with type Alien
2024-07-01T13:18:30.048+01:00  WARN 18604 --- [           main] c.w.v.c.s.a.WeightIncreaseEntityListener : Weight Gain service has been disabled
2024-07-01T13:18:30.049+01:00  INFO 18604 --- [           main] c.w.v.cucumber.space.alien.AlienService  : An alien has been created! Alien(id=173, type=Wookie, fullName=Anna, weight=56, runSpeed=0, height=63)
2024-07-01T13:18:30.207+01:00  INFO 18604 --- [           main] c.w.v.c.s.a.WeightIncreaseEntityListener : Listened for object with type Alien
2024-07-01T13:18:30.207+01:00  WARN 18604 --- [           main] c.w.v.c.s.a.WeightIncreaseEntityListener : Weight Gain service has been disabled
2024-07-01T13:18:30.208+01:00  INFO 18604 --- [           main] c.w.v.cucumber.space.alien.AlienService  : An alien has been created! Alien(id=174, type=Wookie, fullName=Anna, weight=66, runSpeed=0, height=97)
2024-07-01T13:18:30.366+01:00  INFO 18604 --- [           main] c.w.v.c.s.a.WeightIncreaseEntityListener : Listened for object with type Alien
2024-07-01T13:18:30.367+01:00  WARN 18604 --- [           main] c.w.v.c.s.a.WeightIncreaseEntityListener : Weight Gain service has been disabled
2024-07-01T13:18:30.368+01:00  INFO 18604 --- [           main] c.w.v.cucumber.space.alien.AlienService  : An alien has been created! Alien(id=175, type=Wookie, fullName=Anna, weight=93, runSpeed=0, height=85)
2024-07-01T13:18:30.525+01:00  INFO 18604 --- [           main] c.w.v.c.s.a.WeightIncreaseEntityListener : Listened for object with type Alien
2024-07-01T13:18:30.525+01:00  WARN 18604 --- [           main] c.w.v.c.s.a.WeightIncreaseEntityListener : Weight Gain service has been disabled
2024-07-01T13:18:30.526+01:00  INFO 18604 --- [           main] c.w.v.cucumber.space.alien.AlienService  : An alien has been created! Alien(id=176, type=Wookie, fullName=Anna, weight=81, runSpeed=0, height=94)
2024-07-01T13:18:30.682+01:00  INFO 18604 --- [           main] c.w.v.c.s.a.WeightIncreaseEntityListener : Listened for object with type Alien
2024-07-01T13:18:30.682+01:00  WARN 18604 --- [           main] c.w.v.c.s.a.WeightIncreaseEntityListener : Weight Gain service has been disabled
2024-07-01T13:18:30.683+01:00  INFO 18604 --- [           main] c.w.v.cucumber.space.alien.AlienService  : An alien has been created! Alien(id=177, type=Wookie, fullName=Anna, weight=85, runSpeed=0, height=53)
2024-07-01T13:18:30.840+01:00  INFO 18604 --- [           main] c.w.v.c.s.a.WeightIncreaseEntityListener : Listened for object with type Alien
2024-07-01T13:18:30.840+01:00  WARN 18604 --- [           main] c.w.v.c.s.a.WeightIncreaseEntityListener : Weight Gain service has been disabled
2024-07-01T13:18:30.841+01:00  INFO 18604 --- [           main] c.w.v.cucumber.space.alien.AlienService  : An alien has been created! Alien(id=178, type=Wookie, fullName=Anna, weight=82, runSpeed=0, height=38)
2024-07-01T13:18:30.996+01:00  INFO 18604 --- [           main] c.w.v.c.s.a.WeightIncreaseEntityListener : Listened for object with type Alien
2024-07-01T13:18:30.996+01:00  WARN 18604 --- [           main] c.w.v.c.s.a.WeightIncreaseEntityListener : Weight Gain service has been disabled
2024-07-01T13:18:30.997+01:00  INFO 18604 --- [           main] c.w.v.cucumber.space.alien.AlienService  : An alien has been created! Alien(id=179, type=Wookie, fullName=Anna, weight=37, runSpeed=0, height=19)
2024-07-01T13:18:31.152+01:00  INFO 18604 --- [           main] c.w.v.c.s.a.WeightIncreaseEntityListener : Listened for object with type Alien
2024-07-01T13:18:31.152+01:00  WARN 18604 --- [           main] c.w.v.c.s.a.WeightIncreaseEntityListener : Weight Gain service has been disabled
2024-07-01T13:18:31.153+01:00  INFO 18604 --- [           main] c.w.v.cucumber.space.alien.AlienService  : An alien has been created! Alien(id=180, type=Wookie, fullName=Anna, weight=78, runSpeed=0, height=75)
2024-07-01T13:18:31.307+01:00  INFO 18604 --- [           main] c.w.v.c.s.a.WeightIncreaseEntityListener : Listened for object with type Alien
2024-07-01T13:18:31.307+01:00  WARN 18604 --- [           main] c.w.v.c.s.a.WeightIncreaseEntityListener : Weight Gain service has been disabled
2024-07-01T13:18:31.308+01:00  INFO 18604 --- [           main] c.w.v.cucumber.space.alien.AlienService  : An alien has been created! Alien(id=181, type=Wookie, fullName=Anna, weight=39, runSpeed=0, height=66)
2024-07-01T13:18:31.465+01:00  INFO 18604 --- [           main] c.w.v.c.s.a.WeightIncreaseEntityListener : Listened for object with type Alien
2024-07-01T13:18:31.465+01:00  WARN 18604 --- [           main] c.w.v.c.s.a.WeightIncreaseEntityListener : Weight Gain service has been disabled
2024-07-01T13:18:31.466+01:00  INFO 18604 --- [           main] c.w.v.cucumber.space.alien.AlienService  : An alien has been created! Alien(id=182, type=Wookie, fullName=Anna, weight=98, runSpeed=0, height=24)
2024-07-01T13:18:31.624+01:00  INFO 18604 --- [           main] c.w.v.c.s.a.WeightIncreaseEntityListener : Listened for object with type Alien
2024-07-01T13:18:31.624+01:00  WARN 18604 --- [           main] c.w.v.c.s.a.WeightIncreaseEntityListener : Weight Gain service has been disabled
2024-07-01T13:18:31.625+01:00  INFO 18604 --- [           main] c.w.v.cucumber.space.alien.AlienService  : An alien has been created! Alien(id=183, type=Wookie, fullName=Anna, weight=98, runSpeed=0, height=46)
2024-07-01T13:18:31.783+01:00  INFO 18604 --- [           main] c.w.v.c.s.a.WeightIncreaseEntityListener : Listened for object with type Alien
2024-07-01T13:18:31.783+01:00  WARN 18604 --- [           main] c.w.v.c.s.a.WeightIncreaseEntityListener : Weight Gain service has been disabled
2024-07-01T13:18:31.784+01:00  INFO 18604 --- [           main] c.w.v.cucumber.space.alien.AlienService  : An alien has been created! Alien(id=184, type=Wookie, fullName=Anna, weight=41, runSpeed=0, height=88)
2024-07-01T13:18:31.938+01:00  INFO 18604 --- [           main] c.w.v.c.s.a.WeightIncreaseEntityListener : Listened for object with type Alien
2024-07-01T13:18:31.938+01:00  WARN 18604 --- [           main] c.w.v.c.s.a.WeightIncreaseEntityListener : Weight Gain service has been disabled
2024-07-01T13:18:31.939+01:00  INFO 18604 --- [           main] c.w.v.cucumber.space.alien.AlienService  : An alien has been created! Alien(id=185, type=Wookie, fullName=Anna, weight=98, runSpeed=0, height=21)
2024-07-01T13:18:32.094+01:00  INFO 18604 --- [           main] c.w.v.c.s.a.WeightIncreaseEntityListener : Listened for object with type Alien
2024-07-01T13:18:32.094+01:00  WARN 18604 --- [           main] c.w.v.c.s.a.WeightIncreaseEntityListener : Weight Gain service has been disabled
2024-07-01T13:18:32.095+01:00  INFO 18604 --- [           main] c.w.v.cucumber.space.alien.AlienService  : An alien has been created! Alien(id=186, type=Wookie, fullName=Anna, weight=49, runSpeed=0, height=97)
2024-07-01T13:18:32.249+01:00  INFO 18604 --- [           main] c.w.v.c.s.a.WeightIncreaseEntityListener : Listened for object with type Alien
2024-07-01T13:18:32.249+01:00  WARN 18604 --- [           main] c.w.v.c.s.a.WeightIncreaseEntityListener : Weight Gain service has been disabled
2024-07-01T13:18:32.250+01:00  INFO 18604 --- [           main] c.w.v.cucumber.space.alien.AlienService  : An alien has been created! Alien(id=187, type=Wookie, fullName=Anna, weight=43, runSpeed=0, height=49)
2024-07-01T13:18:32.406+01:00  INFO 18604 --- [           main] c.w.v.c.s.a.WeightIncreaseEntityListener : Listened for object with type Alien
2024-07-01T13:18:32.406+01:00  WARN 18604 --- [           main] c.w.v.c.s.a.WeightIncreaseEntityListener : Weight Gain service has been disabled
2024-07-01T13:18:32.407+01:00  INFO 18604 --- [           main] c.w.v.cucumber.space.alien.AlienService  : An alien has been created! Alien(id=188, type=Wookie, fullName=Anna, weight=85, runSpeed=0, height=2)
2024-07-01T13:18:32.560+01:00  INFO 18604 --- [           main] c.w.v.c.s.a.WeightIncreaseEntityListener : Listened for object with type Alien
2024-07-01T13:18:32.560+01:00  WARN 18604 --- [           main] c.w.v.c.s.a.WeightIncreaseEntityListener : Weight Gain service has been disabled
2024-07-01T13:18:32.561+01:00  INFO 18604 --- [           main] c.w.v.cucumber.space.alien.AlienService  : An alien has been created! Alien(id=189, type=Wookie, fullName=Anna, weight=68, runSpeed=0, height=8)
2024-07-01T13:18:32.718+01:00  INFO 18604 --- [           main] c.w.v.c.s.a.WeightIncreaseEntityListener : Listened for object with type Alien
2024-07-01T13:18:32.718+01:00  WARN 18604 --- [           main] c.w.v.c.s.a.WeightIncreaseEntityListener : Weight Gain service has been disabled
2024-07-01T13:18:32.719+01:00  INFO 18604 --- [           main] c.w.v.cucumber.space.alien.AlienService  : An alien has been created! Alien(id=190, type=Wookie, fullName=Anna, weight=11, runSpeed=0, height=73)
2024-07-01T13:18:32.876+01:00  INFO 18604 --- [           main] c.w.v.c.s.a.WeightIncreaseEntityListener : Listened for object with type Alien
2024-07-01T13:18:32.876+01:00  WARN 18604 --- [           main] c.w.v.c.s.a.WeightIncreaseEntityListener : Weight Gain service has been disabled
2024-07-01T13:18:32.877+01:00  INFO 18604 --- [           main] c.w.v.cucumber.space.alien.AlienService  : An alien has been created! Alien(id=191, type=Wookie, fullName=Anna, weight=90, runSpeed=0, height=53)
2024-07-01T13:18:33.032+01:00  INFO 18604 --- [           main] c.w.v.c.s.a.WeightIncreaseEntityListener : Listened for object with type Alien
2024-07-01T13:18:33.032+01:00  WARN 18604 --- [           main] c.w.v.c.s.a.WeightIncreaseEntityListener : Weight Gain service has been disabled
2024-07-01T13:18:33.033+01:00  INFO 18604 --- [           main] c.w.v.cucumber.space.alien.AlienService  : An alien has been created! Alien(id=192, type=Wookie, fullName=Anna, weight=27, runSpeed=0, height=6)
2024-07-01T13:18:33.188+01:00  INFO 18604 --- [           main] c.w.v.c.s.a.WeightIncreaseEntityListener : Listened for object with type Alien
2024-07-01T13:18:33.188+01:00  WARN 18604 --- [           main] c.w.v.c.s.a.WeightIncreaseEntityListener : Weight Gain service has been disabled
2024-07-01T13:18:33.189+01:00  INFO 18604 --- [           main] c.w.v.cucumber.space.alien.AlienService  : An alien has been created! Alien(id=193, type=Wookie, fullName=Anna, weight=29, runSpeed=0, height=98)
2024-07-01T13:18:33.345+01:00  INFO 18604 --- [           main] c.w.v.c.s.a.WeightIncreaseEntityListener : Listened for object with type Alien
2024-07-01T13:18:33.345+01:00  WARN 18604 --- [           main] c.w.v.c.s.a.WeightIncreaseEntityListener : Weight Gain service has been disabled
2024-07-01T13:18:33.346+01:00  INFO 18604 --- [           main] c.w.v.cucumber.space.alien.AlienService  : An alien has been created! Alien(id=194, type=Wookie, fullName=Anna, weight=35, runSpeed=0, height=62)
2024-07-01T13:18:33.503+01:00  INFO 18604 --- [           main] c.w.v.c.s.a.WeightIncreaseEntityListener : Listened for object with type Alien
2024-07-01T13:18:33.503+01:00  WARN 18604 --- [           main] c.w.v.c.s.a.WeightIncreaseEntityListener : Weight Gain service has been disabled
2024-07-01T13:18:33.504+01:00  INFO 18604 --- [           main] c.w.v.cucumber.space.alien.AlienService  : An alien has been created! Alien(id=195, type=Wookie, fullName=Anna, weight=11, runSpeed=0, height=21)
2024-07-01T13:18:33.659+01:00  INFO 18604 --- [           main] c.w.v.c.s.a.WeightIncreaseEntityListener : Listened for object with type Alien
2024-07-01T13:18:33.659+01:00  WARN 18604 --- [           main] c.w.v.c.s.a.WeightIncreaseEntityListener : Weight Gain service has been disabled
2024-07-01T13:18:33.661+01:00  INFO 18604 --- [           main] c.w.v.cucumber.space.alien.AlienService  : An alien has been created! Alien(id=196, type=Wookie, fullName=Anna, weight=17, runSpeed=0, height=70)
2024-07-01T13:18:33.817+01:00  INFO 18604 --- [           main] c.w.v.c.s.a.WeightIncreaseEntityListener : Listened for object with type Alien
2024-07-01T13:18:33.817+01:00  WARN 18604 --- [           main] c.w.v.c.s.a.WeightIncreaseEntityListener : Weight Gain service has been disabled
2024-07-01T13:18:33.818+01:00  INFO 18604 --- [           main] c.w.v.cucumber.space.alien.AlienService  : An alien has been created! Alien(id=197, type=Wookie, fullName=Anna, weight=80, runSpeed=0, height=47)
2024-07-01T13:18:33.976+01:00  INFO 18604 --- [           main] c.w.v.c.s.a.WeightIncreaseEntityListener : Listened for object with type Alien
2024-07-01T13:18:33.976+01:00  WARN 18604 --- [           main] c.w.v.c.s.a.WeightIncreaseEntityListener : Weight Gain service has been disabled
2024-07-01T13:18:33.977+01:00  INFO 18604 --- [           main] c.w.v.cucumber.space.alien.AlienService  : An alien has been created! Alien(id=198, type=Wookie, fullName=Anna, weight=28, runSpeed=0, height=54)
2024-07-01T13:18:34.134+01:00  INFO 18604 --- [           main] c.w.v.c.s.a.WeightIncreaseEntityListener : Listened for object with type Alien
2024-07-01T13:18:34.134+01:00  WARN 18604 --- [           main] c.w.v.c.s.a.WeightIncreaseEntityListener : Weight Gain service has been disabled
2024-07-01T13:18:34.137+01:00  INFO 18604 --- [           main] c.w.v.cucumber.space.alien.AlienService  : An alien has been created! Alien(id=199, type=Wookie, fullName=Anna, weight=39, runSpeed=0, height=84)
2024-07-01T13:18:34.293+01:00  INFO 18604 --- [           main] c.w.v.c.s.a.WeightIncreaseEntityListener : Listened for object with type Alien
2024-07-01T13:18:34.293+01:00  WARN 18604 --- [           main] c.w.v.c.s.a.WeightIncreaseEntityListener : Weight Gain service has been disabled
2024-07-01T13:18:34.295+01:00  INFO 18604 --- [           main] c.w.v.cucumber.space.alien.AlienService  : An alien has been created! Alien(id=200, type=Wookie, fullName=Anna, weight=23, runSpeed=0, height=65)
2024-07-01T13:18:34.452+01:00  INFO 18604 --- [           main] c.w.v.c.s.a.WeightIncreaseEntityListener : Listened for object with type Alien
2024-07-01T13:18:34.453+01:00  WARN 18604 --- [           main] c.w.v.c.s.a.WeightIncreaseEntityListener : Weight Gain service has been disabled
2024-07-01T13:18:34.455+01:00  INFO 18604 --- [           main] c.w.v.cucumber.space.alien.AlienService  : An alien has been created! Alien(id=201, type=Wookie, fullName=Anna, weight=71, runSpeed=0, height=81)
2024-07-01T13:18:34.609+01:00  INFO 18604 --- [           main] c.w.v.c.s.a.WeightIncreaseEntityListener : Listened for object with type Alien
2024-07-01T13:18:34.609+01:00  WARN 18604 --- [           main] c.w.v.c.s.a.WeightIncreaseEntityListener : Weight Gain service has been disabled
2024-07-01T13:18:34.611+01:00  INFO 18604 --- [           main] c.w.v.cucumber.space.alien.AlienService  : An alien has been created! Alien(id=202, type=Wookie, fullName=Anna, weight=21, runSpeed=0, height=63)
2024-07-01T13:18:34.766+01:00  INFO 18604 --- [           main] c.w.v.c.s.a.WeightIncreaseEntityListener : Listened for object with type Alien
2024-07-01T13:18:34.766+01:00  WARN 18604 --- [           main] c.w.v.c.s.a.WeightIncreaseEntityListener : Weight Gain service has been disabled
2024-07-01T13:18:34.767+01:00  INFO 18604 --- [           main] c.w.v.cucumber.space.alien.AlienService  : An alien has been created! Alien(id=203, type=Wookie, fullName=Anna, weight=17, runSpeed=0, height=66)
2024-07-01T13:18:34.925+01:00  INFO 18604 --- [           main] c.w.v.c.s.a.WeightIncreaseEntityListener : Listened for object with type Alien
2024-07-01T13:18:34.925+01:00  WARN 18604 --- [           main] c.w.v.c.s.a.WeightIncreaseEntityListener : Weight Gain service has been disabled
2024-07-01T13:18:34.926+01:00  INFO 18604 --- [           main] c.w.v.cucumber.space.alien.AlienService  : An alien has been created! Alien(id=204, type=Wookie, fullName=Anna, weight=72, runSpeed=0, height=23)
2024-07-01T13:18:35.080+01:00  INFO 18604 --- [           main] c.w.v.c.s.a.WeightIncreaseEntityListener : Listened for object with type Alien
2024-07-01T13:18:35.080+01:00  WARN 18604 --- [           main] c.w.v.c.s.a.WeightIncreaseEntityListener : Weight Gain service has been disabled
2024-07-01T13:18:35.081+01:00  INFO 18604 --- [           main] c.w.v.cucumber.space.alien.AlienService  : An alien has been created! Alien(id=205, type=Wookie, fullName=Anna, weight=30, runSpeed=0, height=17)
2024-07-01T13:18:35.236+01:00  INFO 18604 --- [           main] c.w.v.c.s.a.WeightIncreaseEntityListener : Listened for object with type Alien
2024-07-01T13:18:35.236+01:00  WARN 18604 --- [           main] c.w.v.c.s.a.WeightIncreaseEntityListener : Weight Gain service has been disabled
2024-07-01T13:18:35.237+01:00  INFO 18604 --- [           main] c.w.v.cucumber.space.alien.AlienService  : An alien has been created! Alien(id=206, type=Wookie, fullName=Anna, weight=84, runSpeed=0, height=80)
2024-07-01T13:18:35.395+01:00  INFO 18604 --- [           main] c.w.v.c.s.a.WeightIncreaseEntityListener : Listened for object with type Alien
2024-07-01T13:18:35.395+01:00  WARN 18604 --- [           main] c.w.v.c.s.a.WeightIncreaseEntityListener : Weight Gain service has been disabled
2024-07-01T13:18:35.396+01:00  INFO 18604 --- [           main] c.w.v.cucumber.space.alien.AlienService  : An alien has been created! Alien(id=207, type=Wookie, fullName=Anna, weight=66, runSpeed=0, height=56)
2024-07-01T13:18:35.554+01:00  INFO 18604 --- [           main] c.w.v.c.s.a.WeightIncreaseEntityListener : Listened for object with type Alien
2024-07-01T13:18:35.554+01:00  WARN 18604 --- [           main] c.w.v.c.s.a.WeightIncreaseEntityListener : Weight Gain service has been disabled
2024-07-01T13:18:35.555+01:00  INFO 18604 --- [           main] c.w.v.cucumber.space.alien.AlienService  : An alien has been created! Alien(id=208, type=Wookie, fullName=Anna, weight=79, runSpeed=0, height=63)
2024-07-01T13:18:35.711+01:00  INFO 18604 --- [           main] c.w.v.c.s.a.WeightIncreaseEntityListener : Listened for object with type Alien
2024-07-01T13:18:35.711+01:00  WARN 18604 --- [           main] c.w.v.c.s.a.WeightIncreaseEntityListener : Weight Gain service has been disabled
2024-07-01T13:18:35.712+01:00  INFO 18604 --- [           main] c.w.v.cucumber.space.alien.AlienService  : An alien has been created! Alien(id=209, type=Wookie, fullName=Anna, weight=74, runSpeed=0, height=75)
2024-07-01T13:18:35.870+01:00  INFO 18604 --- [           main] c.w.v.c.s.a.WeightIncreaseEntityListener : Listened for object with type Alien
2024-07-01T13:18:35.870+01:00  WARN 18604 --- [           main] c.w.v.c.s.a.WeightIncreaseEntityListener : Weight Gain service has been disabled
2024-07-01T13:18:35.871+01:00  INFO 18604 --- [           main] c.w.v.cucumber.space.alien.AlienService  : An alien has been created! Alien(id=210, type=Wookie, fullName=Anna, weight=42, runSpeed=0, height=14)
  &amp#27;[32mWhen &amp#27;[0m&amp#27;[32mCreate &amp#27;[0m&amp#27;[32m&amp#27;[1m50&amp#27;[0m&amp#27;[32m alien with name &amp#27;[0m&amp#27;[32m&amp#27;[1m"Anna"&amp#27;[0m&amp#27;[32m and type &amp#27;[0m&amp#27;[32m&amp#27;[1m"Wookie"&amp#27;[0m  &amp#27;[90m# code.with.vanilson.cucumber.glue.CucumberAlienSteps.whenClientCalls(int,java.lang.String,java.lang.String)&amp#27;[0m
  &amp#27;[32mThen &amp#27;[0m&amp#27;[32mTotal number of aliens should be &amp#27;[0m&amp#27;[32m&amp#27;[1m100&amp#27;[0m                &amp#27;[90m# code.with.vanilson.cucumber.glue.CucumberAlienSteps.thenStatusCodee(int)&amp#27;[0m
]]></system-out>
  </testcase>
  <testcase name="Create 100 smurfs" classname="Create Smurf aliens from features folder" time="15.912">
    <system-out><![CDATA[2024-07-01T13:18:35.880+01:00  INFO 18604 --- [           main] t.c.s.AnnotationConfigContextLoaderUtils : Could not detect default configuration classes for test class [code.with.vanilson.cucumber.config.CucumberSpringConfiguration]: CucumberSpringConfiguration does not declare any static, non-private, non-final, nested classes annotated with @Configuration.
2024-07-01T13:18:35.882+01:00  INFO 18604 --- [           main] .b.t.c.SpringBootTestContextBootstrapper : Found @SpringBootConfiguration code.with.vanilson.cucumber.DemoCucumberApplication for test class code.with.vanilson.cucumber.config.CucumberSpringConfiguration

Scenario: Create 100 smurfs                                   &amp#27;[90m# features/alien/AlienTest2.feature:3&amp#27;[0m
2024-07-01T13:18:35.901+01:00  INFO 18604 --- [           main] c.w.v.cucumber.space.alien.AlienService  : Delete all aliens
  &amp#27;[32mGiven &amp#27;[0m&amp#27;[32mNo aliens exists&amp#27;[0m                                      &amp#27;[90m# code.with.vanilson.cucumber.glue.CucumberAlienSteps.noAliens()&amp#27;[0m
2024-07-01T13:18:36.122+01:00  INFO 18604 --- [           main] c.w.v.c.s.a.WeightIncreaseEntityListener : Listened for object with type Alien
2024-07-01T13:18:36.122+01:00  WARN 18604 --- [           main] c.w.v.c.s.a.WeightIncreaseEntityListener : Weight Gain service has been disabled
2024-07-01T13:18:36.123+01:00  INFO 18604 --- [           main] c.w.v.cucumber.space.alien.AlienService  : An alien has been created! Alien(id=211, type=Smurf, fullName=Mike, weight=73, runSpeed=0, height=47)
2024-07-01T13:18:36.277+01:00  INFO 18604 --- [           main] c.w.v.c.s.a.WeightIncreaseEntityListener : Listened for object with type Alien
2024-07-01T13:18:36.277+01:00  WARN 18604 --- [           main] c.w.v.c.s.a.WeightIncreaseEntityListener : Weight Gain service has been disabled
2024-07-01T13:18:36.278+01:00  INFO 18604 --- [           main] c.w.v.cucumber.space.alien.AlienService  : An alien has been created! Alien(id=212, type=Smurf, fullName=Mike, weight=37, runSpeed=0, height=63)
2024-07-01T13:18:36.431+01:00  INFO 18604 --- [           main] c.w.v.c.s.a.WeightIncreaseEntityListener : Listened for object with type Alien
2024-07-01T13:18:36.431+01:00  WARN 18604 --- [           main] c.w.v.c.s.a.WeightIncreaseEntityListener : Weight Gain service has been disabled
2024-07-01T13:18:36.432+01:00  INFO 18604 --- [           main] c.w.v.cucumber.space.alien.AlienService  : An alien has been created! Alien(id=213, type=Smurf, fullName=Mike, weight=40, runSpeed=0, height=59)
2024-07-01T13:18:36.588+01:00  INFO 18604 --- [           main] c.w.v.c.s.a.WeightIncreaseEntityListener : Listened for object with type Alien
2024-07-01T13:18:36.588+01:00  WARN 18604 --- [           main] c.w.v.c.s.a.WeightIncreaseEntityListener : Weight Gain service has been disabled
2024-07-01T13:18:36.589+01:00  INFO 18604 --- [           main] c.w.v.cucumber.space.alien.AlienService  : An alien has been created! Alien(id=214, type=Smurf, fullName=Mike, weight=83, runSpeed=0, height=7)
2024-07-01T13:18:36.745+01:00  INFO 18604 --- [           main] c.w.v.c.s.a.WeightIncreaseEntityListener : Listened for object with type Alien
2024-07-01T13:18:36.745+01:00  WARN 18604 --- [           main] c.w.v.c.s.a.WeightIncreaseEntityListener : Weight Gain service has been disabled
2024-07-01T13:18:36.746+01:00  INFO 18604 --- [           main] c.w.v.cucumber.space.alien.AlienService  : An alien has been created! Alien(id=215, type=Smurf, fullName=Mike, weight=67, runSpeed=0, height=12)
2024-07-01T13:18:36.902+01:00  INFO 18604 --- [           main] c.w.v.c.s.a.WeightIncreaseEntityListener : Listened for object with type Alien
2024-07-01T13:18:36.902+01:00  WARN 18604 --- [           main] c.w.v.c.s.a.WeightIncreaseEntityListener : Weight Gain service has been disabled
2024-07-01T13:18:36.903+01:00  INFO 18604 --- [           main] c.w.v.cucumber.space.alien.AlienService  : An alien has been created! Alien(id=216, type=Smurf, fullName=Mike, weight=55, runSpeed=0, height=68)
2024-07-01T13:18:37.055+01:00  INFO 18604 --- [           main] c.w.v.c.s.a.WeightIncreaseEntityListener : Listened for object with type Alien
2024-07-01T13:18:37.055+01:00  WARN 18604 --- [           main] c.w.v.c.s.a.WeightIncreaseEntityListener : Weight Gain service has been disabled
2024-07-01T13:18:37.056+01:00  INFO 18604 --- [           main] c.w.v.cucumber.space.alien.AlienService  : An alien has been created! Alien(id=217, type=Smurf, fullName=Mike, weight=59, runSpeed=0, height=83)
2024-07-01T13:18:37.212+01:00  INFO 18604 --- [           main] c.w.v.c.s.a.WeightIncreaseEntityListener : Listened for object with type Alien
2024-07-01T13:18:37.212+01:00  WARN 18604 --- [           main] c.w.v.c.s.a.WeightIncreaseEntityListener : Weight Gain service has been disabled
2024-07-01T13:18:37.214+01:00  INFO 18604 --- [           main] c.w.v.cucumber.space.alien.AlienService  : An alien has been created! Alien(id=218, type=Smurf, fullName=Mike, weight=82, runSpeed=0, height=72)
2024-07-01T13:18:37.367+01:00  INFO 18604 --- [           main] c.w.v.c.s.a.WeightIncreaseEntityListener : Listened for object with type Alien
2024-07-01T13:18:37.367+01:00  WARN 18604 --- [           main] c.w.v.c.s.a.WeightIncreaseEntityListener : Weight Gain service has been disabled
2024-07-01T13:18:37.368+01:00  INFO 18604 --- [           main] c.w.v.cucumber.space.alien.AlienService  : An alien has been created! Alien(id=219, type=Smurf, fullName=Mike, weight=56, runSpeed=0, height=38)
2024-07-01T13:18:37.525+01:00  INFO 18604 --- [           main] c.w.v.c.s.a.WeightIncreaseEntityListener : Listened for object with type Alien
2024-07-01T13:18:37.525+01:00  WARN 18604 --- [           main] c.w.v.c.s.a.WeightIncreaseEntityListener : Weight Gain service has been disabled
2024-07-01T13:18:37.526+01:00  INFO 18604 --- [           main] c.w.v.cucumber.space.alien.AlienService  : An alien has been created! Alien(id=220, type=Smurf, fullName=Mike, weight=92, runSpeed=0, height=60)
2024-07-01T13:18:37.684+01:00  INFO 18604 --- [           main] c.w.v.c.s.a.WeightIncreaseEntityListener : Listened for object with type Alien
2024-07-01T13:18:37.684+01:00  WARN 18604 --- [           main] c.w.v.c.s.a.WeightIncreaseEntityListener : Weight Gain service has been disabled
2024-07-01T13:18:37.685+01:00  INFO 18604 --- [           main] c.w.v.cucumber.space.alien.AlienService  : An alien has been created! Alien(id=221, type=Smurf, fullName=Mike, weight=94, runSpeed=0, height=28)
2024-07-01T13:18:37.840+01:00  INFO 18604 --- [           main] c.w.v.c.s.a.WeightIncreaseEntityListener : Listened for object with type Alien
2024-07-01T13:18:37.840+01:00  WARN 18604 --- [           main] c.w.v.c.s.a.WeightIncreaseEntityListener : Weight Gain service has been disabled
2024-07-01T13:18:37.841+01:00  INFO 18604 --- [           main] c.w.v.cucumber.space.alien.AlienService  : An alien has been created! Alien(id=222, type=Smurf, fullName=Mike, weight=85, runSpeed=0, height=4)
2024-07-01T13:18:37.998+01:00  INFO 18604 --- [           main] c.w.v.c.s.a.WeightIncreaseEntityListener : Listened for object with type Alien
2024-07-01T13:18:37.998+01:00  WARN 18604 --- [           main] c.w.v.c.s.a.WeightIncreaseEntityListener : Weight Gain service has been disabled
2024-07-01T13:18:37.999+01:00  INFO 18604 --- [           main] c.w.v.cucumber.space.alien.AlienService  : An alien has been created! Alien(id=223, type=Smurf, fullName=Mike, weight=52, runSpeed=0, height=7)
2024-07-01T13:18:38.157+01:00  INFO 18604 --- [           main] c.w.v.c.s.a.WeightIncreaseEntityListener : Listened for object with type Alien
2024-07-01T13:18:38.157+01:00  WARN 18604 --- [           main] c.w.v.c.s.a.WeightIncreaseEntityListener : Weight Gain service has been disabled
2024-07-01T13:18:38.158+01:00  INFO 18604 --- [           main] c.w.v.cucumber.space.alien.AlienService  : An alien has been created! Alien(id=224, type=Smurf, fullName=Mike, weight=36, runSpeed=0, height=42)
2024-07-01T13:18:38.314+01:00  INFO 18604 --- [           main] c.w.v.c.s.a.WeightIncreaseEntityListener : Listened for object with type Alien
2024-07-01T13:18:38.314+01:00  WARN 18604 --- [           main] c.w.v.c.s.a.WeightIncreaseEntityListener : Weight Gain service has been disabled
2024-07-01T13:18:38.315+01:00  INFO 18604 --- [           main] c.w.v.cucumber.space.alien.AlienService  : An alien has been created! Alien(id=225, type=Smurf, fullName=Mike, weight=94, runSpeed=0, height=58)
2024-07-01T13:18:38.492+01:00  INFO 18604 --- [           main] c.w.v.c.s.a.WeightIncreaseEntityListener : Listened for object with type Alien
2024-07-01T13:18:38.492+01:00  WARN 18604 --- [           main] c.w.v.c.s.a.WeightIncreaseEntityListener : Weight Gain service has been disabled
2024-07-01T13:18:38.493+01:00  INFO 18604 --- [           main] c.w.v.cucumber.space.alien.AlienService  : An alien has been created! Alien(id=226, type=Smurf, fullName=Mike, weight=85, runSpeed=0, height=82)
2024-07-01T13:18:38.645+01:00  INFO 18604 --- [           main] c.w.v.c.s.a.WeightIncreaseEntityListener : Listened for object with type Alien
2024-07-01T13:18:38.645+01:00  WARN 18604 --- [           main] c.w.v.c.s.a.WeightIncreaseEntityListener : Weight Gain service has been disabled
2024-07-01T13:18:38.647+01:00  INFO 18604 --- [           main] c.w.v.cucumber.space.alien.AlienService  : An alien has been created! Alien(id=227, type=Smurf, fullName=Mike, weight=0, runSpeed=0, height=87)
2024-07-01T13:18:38.802+01:00  INFO 18604 --- [           main] c.w.v.c.s.a.WeightIncreaseEntityListener : Listened for object with type Alien
2024-07-01T13:18:38.802+01:00  WARN 18604 --- [           main] c.w.v.c.s.a.WeightIncreaseEntityListener : Weight Gain service has been disabled
2024-07-01T13:18:38.803+01:00  INFO 18604 --- [           main] c.w.v.cucumber.space.alien.AlienService  : An alien has been created! Alien(id=228, type=Smurf, fullName=Mike, weight=90, runSpeed=0, height=59)
2024-07-01T13:18:38.960+01:00  INFO 18604 --- [           main] c.w.v.c.s.a.WeightIncreaseEntityListener : Listened for object with type Alien
2024-07-01T13:18:38.960+01:00  WARN 18604 --- [           main] c.w.v.c.s.a.WeightIncreaseEntityListener : Weight Gain service has been disabled
2024-07-01T13:18:38.961+01:00  INFO 18604 --- [           main] c.w.v.cucumber.space.alien.AlienService  : An alien has been created! Alien(id=229, type=Smurf, fullName=Mike, weight=95, runSpeed=0, height=62)
2024-07-01T13:18:39.117+01:00  INFO 18604 --- [           main] c.w.v.c.s.a.WeightIncreaseEntityListener : Listened for object with type Alien
2024-07-01T13:18:39.117+01:00  WARN 18604 --- [           main] c.w.v.c.s.a.WeightIncreaseEntityListener : Weight Gain service has been disabled
2024-07-01T13:18:39.118+01:00  INFO 18604 --- [           main] c.w.v.cucumber.space.alien.AlienService  : An alien has been created! Alien(id=230, type=Smurf, fullName=Mike, weight=19, runSpeed=0, height=85)
2024-07-01T13:18:39.274+01:00  INFO 18604 --- [           main] c.w.v.c.s.a.WeightIncreaseEntityListener : Listened for object with type Alien
2024-07-01T13:18:39.274+01:00  WARN 18604 --- [           main] c.w.v.c.s.a.WeightIncreaseEntityListener : Weight Gain service has been disabled
2024-07-01T13:18:39.277+01:00  INFO 18604 --- [           main] c.w.v.cucumber.space.alien.AlienService  : An alien has been created! Alien(id=231, type=Smurf, fullName=Mike, weight=52, runSpeed=0, height=63)
2024-07-01T13:18:39.433+01:00  INFO 18604 --- [           main] c.w.v.c.s.a.WeightIncreaseEntityListener : Listened for object with type Alien
2024-07-01T13:18:39.433+01:00  WARN 18604 --- [           main] c.w.v.c.s.a.WeightIncreaseEntityListener : Weight Gain service has been disabled
2024-07-01T13:18:39.434+01:00  INFO 18604 --- [           main] c.w.v.cucumber.space.alien.AlienService  : An alien has been created! Alien(id=232, type=Smurf, fullName=Mike, weight=98, runSpeed=0, height=4)
2024-07-01T13:18:39.590+01:00  INFO 18604 --- [           main] c.w.v.c.s.a.WeightIncreaseEntityListener : Listened for object with type Alien
2024-07-01T13:18:39.590+01:00  WARN 18604 --- [           main] c.w.v.c.s.a.WeightIncreaseEntityListener : Weight Gain service has been disabled
2024-07-01T13:18:39.592+01:00  INFO 18604 --- [           main] c.w.v.cucumber.space.alien.AlienService  : An alien has been created! Alien(id=233, type=Smurf, fullName=Mike, weight=95, runSpeed=0, height=13)
2024-07-01T13:18:39.747+01:00  INFO 18604 --- [           main] c.w.v.c.s.a.WeightIncreaseEntityListener : Listened for object with type Alien
2024-07-01T13:18:39.747+01:00  WARN 18604 --- [           main] c.w.v.c.s.a.WeightIncreaseEntityListener : Weight Gain service has been disabled
2024-07-01T13:18:39.748+01:00  INFO 18604 --- [           main] c.w.v.cucumber.space.alien.AlienService  : An alien has been created! Alien(id=234, type=Smurf, fullName=Mike, weight=35, runSpeed=0, height=43)
2024-07-01T13:18:39.906+01:00  INFO 18604 --- [           main] c.w.v.c.s.a.WeightIncreaseEntityListener : Listened for object with type Alien
2024-07-01T13:18:39.907+01:00  WARN 18604 --- [           main] c.w.v.c.s.a.WeightIncreaseEntityListener : Weight Gain service has been disabled
2024-07-01T13:18:39.908+01:00  INFO 18604 --- [           main] c.w.v.cucumber.space.alien.AlienService  : An alien has been created! Alien(id=235, type=Smurf, fullName=Mike, weight=32, runSpeed=0, height=91)
2024-07-01T13:18:40.064+01:00  INFO 18604 --- [           main] c.w.v.c.s.a.WeightIncreaseEntityListener : Listened for object with type Alien
2024-07-01T13:18:40.064+01:00  WARN 18604 --- [           main] c.w.v.c.s.a.WeightIncreaseEntityListener : Weight Gain service has been disabled
2024-07-01T13:18:40.065+01:00  INFO 18604 --- [           main] c.w.v.cucumber.space.alien.AlienService  : An alien has been created! Alien(id=236, type=Smurf, fullName=Mike, weight=4, runSpeed=0, height=81)
2024-07-01T13:18:40.221+01:00  INFO 18604 --- [           main] c.w.v.c.s.a.WeightIncreaseEntityListener : Listened for object with type Alien
2024-07-01T13:18:40.221+01:00  WARN 18604 --- [           main] c.w.v.c.s.a.WeightIncreaseEntityListener : Weight Gain service has been disabled
2024-07-01T13:18:40.222+01:00  INFO 18604 --- [           main] c.w.v.cucumber.space.alien.AlienService  : An alien has been created! Alien(id=237, type=Smurf, fullName=Mike, weight=81, runSpeed=0, height=31)
2024-07-01T13:18:40.379+01:00  INFO 18604 --- [           main] c.w.v.c.s.a.WeightIncreaseEntityListener : Listened for object with type Alien
2024-07-01T13:18:40.379+01:00  WARN 18604 --- [           main] c.w.v.c.s.a.WeightIncreaseEntityListener : Weight Gain service has been disabled
2024-07-01T13:18:40.380+01:00  INFO 18604 --- [           main] c.w.v.cucumber.space.alien.AlienService  : An alien has been created! Alien(id=238, type=Smurf, fullName=Mike, weight=13, runSpeed=0, height=9)
2024-07-01T13:18:40.537+01:00  INFO 18604 --- [           main] c.w.v.c.s.a.WeightIncreaseEntityListener : Listened for object with type Alien
2024-07-01T13:18:40.537+01:00  WARN 18604 --- [           main] c.w.v.c.s.a.WeightIncreaseEntityListener : Weight Gain service has been disabled
2024-07-01T13:18:40.538+01:00  INFO 18604 --- [           main] c.w.v.cucumber.space.alien.AlienService  : An alien has been created! Alien(id=239, type=Smurf, fullName=Mike, weight=60, runSpeed=0, height=60)
2024-07-01T13:18:40.692+01:00  INFO 18604 --- [           main] c.w.v.c.s.a.WeightIncreaseEntityListener : Listened for object with type Alien
2024-07-01T13:18:40.692+01:00  WARN 18604 --- [           main] c.w.v.c.s.a.WeightIncreaseEntityListener : Weight Gain service has been disabled
2024-07-01T13:18:40.693+01:00  INFO 18604 --- [           main] c.w.v.cucumber.space.alien.AlienService  : An alien has been created! Alien(id=240, type=Smurf, fullName=Mike, weight=1, runSpeed=0, height=27)
2024-07-01T13:18:40.849+01:00  INFO 18604 --- [           main] c.w.v.c.s.a.WeightIncreaseEntityListener : Listened for object with type Alien
2024-07-01T13:18:40.849+01:00  WARN 18604 --- [           main] c.w.v.c.s.a.WeightIncreaseEntityListener : Weight Gain service has been disabled
2024-07-01T13:18:40.850+01:00  INFO 18604 --- [           main] c.w.v.cucumber.space.alien.AlienService  : An alien has been created! Alien(id=241, type=Smurf, fullName=Mike, weight=38, runSpeed=0, height=64)
2024-07-01T13:18:41.006+01:00  INFO 18604 --- [           main] c.w.v.c.s.a.WeightIncreaseEntityListener : Listened for object with type Alien
2024-07-01T13:18:41.006+01:00  WARN 18604 --- [           main] c.w.v.c.s.a.WeightIncreaseEntityListener : Weight Gain service has been disabled
2024-07-01T13:18:41.007+01:00  INFO 18604 --- [           main] c.w.v.cucumber.space.alien.AlienService  : An alien has been created! Alien(id=242, type=Smurf, fullName=Mike, weight=17, runSpeed=0, height=60)
2024-07-01T13:18:41.163+01:00  INFO 18604 --- [           main] c.w.v.c.s.a.WeightIncreaseEntityListener : Listened for object with type Alien
2024-07-01T13:18:41.163+01:00  WARN 18604 --- [           main] c.w.v.c.s.a.WeightIncreaseEntityListener : Weight Gain service has been disabled
2024-07-01T13:18:41.164+01:00  INFO 18604 --- [           main] c.w.v.cucumber.space.alien.AlienService  : An alien has been created! Alien(id=243, type=Smurf, fullName=Mike, weight=21, runSpeed=0, height=34)
2024-07-01T13:18:41.320+01:00  INFO 18604 --- [           main] c.w.v.c.s.a.WeightIncreaseEntityListener : Listened for object with type Alien
2024-07-01T13:18:41.320+01:00  WARN 18604 --- [           main] c.w.v.c.s.a.WeightIncreaseEntityListener : Weight Gain service has been disabled
2024-07-01T13:18:41.321+01:00  INFO 18604 --- [           main] c.w.v.cucumber.space.alien.AlienService  : An alien has been created! Alien(id=244, type=Smurf, fullName=Mike, weight=94, runSpeed=0, height=41)
2024-07-01T13:18:41.480+01:00  INFO 18604 --- [           main] c.w.v.c.s.a.WeightIncreaseEntityListener : Listened for object with type Alien
2024-07-01T13:18:41.480+01:00  WARN 18604 --- [           main] c.w.v.c.s.a.WeightIncreaseEntityListener : Weight Gain service has been disabled
2024-07-01T13:18:41.481+01:00  INFO 18604 --- [           main] c.w.v.cucumber.space.alien.AlienService  : An alien has been created! Alien(id=245, type=Smurf, fullName=Mike, weight=27, runSpeed=0, height=5)
2024-07-01T13:18:41.636+01:00  INFO 18604 --- [           main] c.w.v.c.s.a.WeightIncreaseEntityListener : Listened for object with type Alien
2024-07-01T13:18:41.636+01:00  WARN 18604 --- [           main] c.w.v.c.s.a.WeightIncreaseEntityListener : Weight Gain service has been disabled
2024-07-01T13:18:41.637+01:00  INFO 18604 --- [           main] c.w.v.cucumber.space.alien.AlienService  : An alien has been created! Alien(id=246, type=Smurf, fullName=Mike, weight=56, runSpeed=0, height=26)
2024-07-01T13:18:41.795+01:00  INFO 18604 --- [           main] c.w.v.c.s.a.WeightIncreaseEntityListener : Listened for object with type Alien
2024-07-01T13:18:41.795+01:00  WARN 18604 --- [           main] c.w.v.c.s.a.WeightIncreaseEntityListener : Weight Gain service has been disabled
2024-07-01T13:18:41.796+01:00  INFO 18604 --- [           main] c.w.v.cucumber.space.alien.AlienService  : An alien has been created! Alien(id=247, type=Smurf, fullName=Mike, weight=9, runSpeed=0, height=53)
2024-07-01T13:18:41.953+01:00  INFO 18604 --- [           main] c.w.v.c.s.a.WeightIncreaseEntityListener : Listened for object with type Alien
2024-07-01T13:18:41.953+01:00  WARN 18604 --- [           main] c.w.v.c.s.a.WeightIncreaseEntityListener : Weight Gain service has been disabled
2024-07-01T13:18:41.954+01:00  INFO 18604 --- [           main] c.w.v.cucumber.space.alien.AlienService  : An alien has been created! Alien(id=248, type=Smurf, fullName=Mike, weight=54, runSpeed=0, height=17)
2024-07-01T13:18:42.110+01:00  INFO 18604 --- [           main] c.w.v.c.s.a.WeightIncreaseEntityListener : Listened for object with type Alien
2024-07-01T13:18:42.110+01:00  WARN 18604 --- [           main] c.w.v.c.s.a.WeightIncreaseEntityListener : Weight Gain service has been disabled
2024-07-01T13:18:42.111+01:00  INFO 18604 --- [           main] c.w.v.cucumber.space.alien.AlienService  : An alien has been created! Alien(id=249, type=Smurf, fullName=Mike, weight=36, runSpeed=0, height=51)
2024-07-01T13:18:42.269+01:00  INFO 18604 --- [           main] c.w.v.c.s.a.WeightIncreaseEntityListener : Listened for object with type Alien
2024-07-01T13:18:42.269+01:00  WARN 18604 --- [           main] c.w.v.c.s.a.WeightIncreaseEntityListener : Weight Gain service has been disabled
2024-07-01T13:18:42.270+01:00  INFO 18604 --- [           main] c.w.v.cucumber.space.alien.AlienService  : An alien has been created! Alien(id=250, type=Smurf, fullName=Mike, weight=40, runSpeed=0, height=21)
2024-07-01T13:18:42.429+01:00  INFO 18604 --- [           main] c.w.v.c.s.a.WeightIncreaseEntityListener : Listened for object with type Alien
2024-07-01T13:18:42.429+01:00  WARN 18604 --- [           main] c.w.v.c.s.a.WeightIncreaseEntityListener : Weight Gain service has been disabled
2024-07-01T13:18:42.430+01:00  INFO 18604 --- [           main] c.w.v.cucumber.space.alien.AlienService  : An alien has been created! Alien(id=251, type=Smurf, fullName=Mike, weight=8, runSpeed=0, height=47)
2024-07-01T13:18:42.588+01:00  INFO 18604 --- [           main] c.w.v.c.s.a.WeightIncreaseEntityListener : Listened for object with type Alien
2024-07-01T13:18:42.588+01:00  WARN 18604 --- [           main] c.w.v.c.s.a.WeightIncreaseEntityListener : Weight Gain service has been disabled
2024-07-01T13:18:42.589+01:00  INFO 18604 --- [           main] c.w.v.cucumber.space.alien.AlienService  : An alien has been created! Alien(id=252, type=Smurf, fullName=Mike, weight=25, runSpeed=0, height=84)
2024-07-01T13:18:42.746+01:00  INFO 18604 --- [           main] c.w.v.c.s.a.WeightIncreaseEntityListener : Listened for object with type Alien
2024-07-01T13:18:42.746+01:00  WARN 18604 --- [           main] c.w.v.c.s.a.WeightIncreaseEntityListener : Weight Gain service has been disabled
2024-07-01T13:18:42.746+01:00  INFO 18604 --- [           main] c.w.v.cucumber.space.alien.AlienService  : An alien has been created! Alien(id=253, type=Smurf, fullName=Mike, weight=52, runSpeed=0, height=70)
2024-07-01T13:18:42.905+01:00  INFO 18604 --- [           main] c.w.v.c.s.a.WeightIncreaseEntityListener : Listened for object with type Alien
2024-07-01T13:18:42.905+01:00  WARN 18604 --- [           main] c.w.v.c.s.a.WeightIncreaseEntityListener : Weight Gain service has been disabled
2024-07-01T13:18:42.906+01:00  INFO 18604 --- [           main] c.w.v.cucumber.space.alien.AlienService  : An alien has been created! Alien(id=254, type=Smurf, fullName=Mike, weight=10, runSpeed=0, height=38)
2024-07-01T13:18:43.060+01:00  INFO 18604 --- [           main] c.w.v.c.s.a.WeightIncreaseEntityListener : Listened for object with type Alien
2024-07-01T13:18:43.060+01:00  WARN 18604 --- [           main] c.w.v.c.s.a.WeightIncreaseEntityListener : Weight Gain service has been disabled
2024-07-01T13:18:43.061+01:00  INFO 18604 --- [           main] c.w.v.cucumber.space.alien.AlienService  : An alien has been created! Alien(id=255, type=Smurf, fullName=Mike, weight=32, runSpeed=0, height=74)
2024-07-01T13:18:43.217+01:00  INFO 18604 --- [           main] c.w.v.c.s.a.WeightIncreaseEntityListener : Listened for object with type Alien
2024-07-01T13:18:43.217+01:00  WARN 18604 --- [           main] c.w.v.c.s.a.WeightIncreaseEntityListener : Weight Gain service has been disabled
2024-07-01T13:18:43.218+01:00  INFO 18604 --- [           main] c.w.v.cucumber.space.alien.AlienService  : An alien has been created! Alien(id=256, type=Smurf, fullName=Mike, weight=55, runSpeed=0, height=70)
2024-07-01T13:18:43.374+01:00  INFO 18604 --- [           main] c.w.v.c.s.a.WeightIncreaseEntityListener : Listened for object with type Alien
2024-07-01T13:18:43.374+01:00  WARN 18604 --- [           main] c.w.v.c.s.a.WeightIncreaseEntityListener : Weight Gain service has been disabled
2024-07-01T13:18:43.375+01:00  INFO 18604 --- [           main] c.w.v.cucumber.space.alien.AlienService  : An alien has been created! Alien(id=257, type=Smurf, fullName=Mike, weight=1, runSpeed=0, height=94)
2024-07-01T13:18:43.529+01:00  INFO 18604 --- [           main] c.w.v.c.s.a.WeightIncreaseEntityListener : Listened for object with type Alien
2024-07-01T13:18:43.529+01:00  WARN 18604 --- [           main] c.w.v.c.s.a.WeightIncreaseEntityListener : Weight Gain service has been disabled
2024-07-01T13:18:43.530+01:00  INFO 18604 --- [           main] c.w.v.cucumber.space.alien.AlienService  : An alien has been created! Alien(id=258, type=Smurf, fullName=Mike, weight=4, runSpeed=0, height=24)
2024-07-01T13:18:43.689+01:00  INFO 18604 --- [           main] c.w.v.c.s.a.WeightIncreaseEntityListener : Listened for object with type Alien
2024-07-01T13:18:43.689+01:00  WARN 18604 --- [           main] c.w.v.c.s.a.WeightIncreaseEntityListener : Weight Gain service has been disabled
2024-07-01T13:18:43.690+01:00  INFO 18604 --- [           main] c.w.v.cucumber.space.alien.AlienService  : An alien has been created! Alien(id=259, type=Smurf, fullName=Mike, weight=38, runSpeed=0, height=50)
2024-07-01T13:18:43.847+01:00  INFO 18604 --- [           main] c.w.v.c.s.a.WeightIncreaseEntityListener : Listened for object with type Alien
2024-07-01T13:18:43.847+01:00  WARN 18604 --- [           main] c.w.v.c.s.a.WeightIncreaseEntityListener : Weight Gain service has been disabled
2024-07-01T13:18:43.848+01:00  INFO 18604 --- [           main] c.w.v.cucumber.space.alien.AlienService  : An alien has been created! Alien(id=260, type=Smurf, fullName=Mike, weight=33, runSpeed=0, height=91)
  &amp#27;[32mWhen &amp#27;[0m&amp#27;[32mCreate &amp#27;[0m&amp#27;[32m&amp#27;[1m50&amp#27;[0m&amp#27;[32m alien with name &amp#27;[0m&amp#27;[32m&amp#27;[1m"Mike"&amp#27;[0m&amp#27;[32m and type &amp#27;[0m&amp#27;[32m&amp#27;[1m"Smurf"&amp#27;[0m      &amp#27;[90m# code.with.vanilson.cucumber.glue.CucumberAlienSteps.whenClientCalls(int,java.lang.String,java.lang.String)&amp#27;[0m
  &amp#27;[32mThen &amp#27;[0m&amp#27;[32mTotal number of aliens with type &amp#27;[0m&amp#27;[32m&amp#27;[1m"Smurf"&amp#27;[0m&amp#27;[32m should be &amp#27;[0m&amp#27;[32m&amp#27;[1m50&amp#27;[0m  &amp#27;[90m# code.with.vanilson.cucumber.glue.CucumberAlienSteps.totalNumberOfAliensWithTypeShouldBe(java.lang.String,int)&amp#27;[0m
2024-07-01T13:18:44.069+01:00  INFO 18604 --- [           main] c.w.v.c.s.a.WeightIncreaseEntityListener : Listened for object with type Alien
2024-07-01T13:18:44.069+01:00  WARN 18604 --- [           main] c.w.v.c.s.a.WeightIncreaseEntityListener : Weight Gain service has been disabled
2024-07-01T13:18:44.070+01:00  INFO 18604 --- [           main] c.w.v.cucumber.space.alien.AlienService  : An alien has been created! Alien(id=261, type=Smurf, fullName=Harriet, weight=27, runSpeed=0, height=96)
2024-07-01T13:18:44.227+01:00  INFO 18604 --- [           main] c.w.v.c.s.a.WeightIncreaseEntityListener : Listened for object with type Alien
2024-07-01T13:18:44.227+01:00  WARN 18604 --- [           main] c.w.v.c.s.a.WeightIncreaseEntityListener : Weight Gain service has been disabled
2024-07-01T13:18:44.228+01:00  INFO 18604 --- [           main] c.w.v.cucumber.space.alien.AlienService  : An alien has been created! Alien(id=262, type=Smurf, fullName=Harriet, weight=91, runSpeed=0, height=22)
2024-07-01T13:18:44.385+01:00  INFO 18604 --- [           main] c.w.v.c.s.a.WeightIncreaseEntityListener : Listened for object with type Alien
2024-07-01T13:18:44.385+01:00  WARN 18604 --- [           main] c.w.v.c.s.a.WeightIncreaseEntityListener : Weight Gain service has been disabled
2024-07-01T13:18:44.386+01:00  INFO 18604 --- [           main] c.w.v.cucumber.space.alien.AlienService  : An alien has been created! Alien(id=263, type=Smurf, fullName=Harriet, weight=57, runSpeed=0, height=20)
2024-07-01T13:18:44.545+01:00  INFO 18604 --- [           main] c.w.v.c.s.a.WeightIncreaseEntityListener : Listened for object with type Alien
2024-07-01T13:18:44.545+01:00  WARN 18604 --- [           main] c.w.v.c.s.a.WeightIncreaseEntityListener : Weight Gain service has been disabled
2024-07-01T13:18:44.546+01:00  INFO 18604 --- [           main] c.w.v.cucumber.space.alien.AlienService  : An alien has been created! Alien(id=264, type=Smurf, fullName=Harriet, weight=20, runSpeed=0, height=58)
2024-07-01T13:18:44.703+01:00  INFO 18604 --- [           main] c.w.v.c.s.a.WeightIncreaseEntityListener : Listened for object with type Alien
2024-07-01T13:18:44.703+01:00  WARN 18604 --- [           main] c.w.v.c.s.a.WeightIncreaseEntityListener : Weight Gain service has been disabled
2024-07-01T13:18:44.704+01:00  INFO 18604 --- [           main] c.w.v.cucumber.space.alien.AlienService  : An alien has been created! Alien(id=265, type=Smurf, fullName=Harriet, weight=14, runSpeed=0, height=63)
2024-07-01T13:18:44.860+01:00  INFO 18604 --- [           main] c.w.v.c.s.a.WeightIncreaseEntityListener : Listened for object with type Alien
2024-07-01T13:18:44.860+01:00  WARN 18604 --- [           main] c.w.v.c.s.a.WeightIncreaseEntityListener : Weight Gain service has been disabled
2024-07-01T13:18:44.861+01:00  INFO 18604 --- [           main] c.w.v.cucumber.space.alien.AlienService  : An alien has been created! Alien(id=266, type=Smurf, fullName=Harriet, weight=37, runSpeed=0, height=7)
2024-07-01T13:18:45.019+01:00  INFO 18604 --- [           main] c.w.v.c.s.a.WeightIncreaseEntityListener : Listened for object with type Alien
2024-07-01T13:18:45.019+01:00  WARN 18604 --- [           main] c.w.v.c.s.a.WeightIncreaseEntityListener : Weight Gain service has been disabled
2024-07-01T13:18:45.020+01:00  INFO 18604 --- [           main] c.w.v.cucumber.space.alien.AlienService  : An alien has been created! Alien(id=267, type=Smurf, fullName=Harriet, weight=20, runSpeed=0, height=43)
2024-07-01T13:18:45.177+01:00  INFO 18604 --- [           main] c.w.v.c.s.a.WeightIncreaseEntityListener : Listened for object with type Alien
2024-07-01T13:18:45.177+01:00  WARN 18604 --- [           main] c.w.v.c.s.a.WeightIncreaseEntityListener : Weight Gain service has been disabled
2024-07-01T13:18:45.178+01:00  INFO 18604 --- [           main] c.w.v.cucumber.space.alien.AlienService  : An alien has been created! Alien(id=268, type=Smurf, fullName=Harriet, weight=56, runSpeed=0, height=6)
2024-07-01T13:18:45.335+01:00  INFO 18604 --- [           main] c.w.v.c.s.a.WeightIncreaseEntityListener : Listened for object with type Alien
2024-07-01T13:18:45.335+01:00  WARN 18604 --- [           main] c.w.v.c.s.a.WeightIncreaseEntityListener : Weight Gain service has been disabled
2024-07-01T13:18:45.336+01:00  INFO 18604 --- [           main] c.w.v.cucumber.space.alien.AlienService  : An alien has been created! Alien(id=269, type=Smurf, fullName=Harriet, weight=74, runSpeed=0, height=2)
2024-07-01T13:18:45.492+01:00  INFO 18604 --- [           main] c.w.v.c.s.a.WeightIncreaseEntityListener : Listened for object with type Alien
2024-07-01T13:18:45.492+01:00  WARN 18604 --- [           main] c.w.v.c.s.a.WeightIncreaseEntityListener : Weight Gain service has been disabled
2024-07-01T13:18:45.493+01:00  INFO 18604 --- [           main] c.w.v.cucumber.space.alien.AlienService  : An alien has been created! Alien(id=270, type=Smurf, fullName=Harriet, weight=12, runSpeed=0, height=15)
2024-07-01T13:18:45.650+01:00  INFO 18604 --- [           main] c.w.v.c.s.a.WeightIncreaseEntityListener : Listened for object with type Alien
2024-07-01T13:18:45.650+01:00  WARN 18604 --- [           main] c.w.v.c.s.a.WeightIncreaseEntityListener : Weight Gain service has been disabled
2024-07-01T13:18:45.651+01:00  INFO 18604 --- [           main] c.w.v.cucumber.space.alien.AlienService  : An alien has been created! Alien(id=271, type=Smurf, fullName=Harriet, weight=40, runSpeed=0, height=28)
2024-07-01T13:18:45.807+01:00  INFO 18604 --- [           main] c.w.v.c.s.a.WeightIncreaseEntityListener : Listened for object with type Alien
2024-07-01T13:18:45.807+01:00  WARN 18604 --- [           main] c.w.v.c.s.a.WeightIncreaseEntityListener : Weight Gain service has been disabled
2024-07-01T13:18:45.808+01:00  INFO 18604 --- [           main] c.w.v.cucumber.space.alien.AlienService  : An alien has been created! Alien(id=272, type=Smurf, fullName=Harriet, weight=5, runSpeed=0, height=22)
2024-07-01T13:18:45.966+01:00  INFO 18604 --- [           main] c.w.v.c.s.a.WeightIncreaseEntityListener : Listened for object with type Alien
2024-07-01T13:18:45.966+01:00  WARN 18604 --- [           main] c.w.v.c.s.a.WeightIncreaseEntityListener : Weight Gain service has been disabled
2024-07-01T13:18:45.967+01:00  INFO 18604 --- [           main] c.w.v.cucumber.space.alien.AlienService  : An alien has been created! Alien(id=273, type=Smurf, fullName=Harriet, weight=38, runSpeed=0, height=10)
2024-07-01T13:18:46.124+01:00  INFO 18604 --- [           main] c.w.v.c.s.a.WeightIncreaseEntityListener : Listened for object with type Alien
2024-07-01T13:18:46.124+01:00  WARN 18604 --- [           main] c.w.v.c.s.a.WeightIncreaseEntityListener : Weight Gain service has been disabled
2024-07-01T13:18:46.125+01:00  INFO 18604 --- [           main] c.w.v.cucumber.space.alien.AlienService  : An alien has been created! Alien(id=274, type=Smurf, fullName=Harriet, weight=13, runSpeed=0, height=75)
2024-07-01T13:18:46.283+01:00  INFO 18604 --- [           main] c.w.v.c.s.a.WeightIncreaseEntityListener : Listened for object with type Alien
2024-07-01T13:18:46.284+01:00  WARN 18604 --- [           main] c.w.v.c.s.a.WeightIncreaseEntityListener : Weight Gain service has been disabled
2024-07-01T13:18:46.285+01:00  INFO 18604 --- [           main] c.w.v.cucumber.space.alien.AlienService  : An alien has been created! Alien(id=275, type=Smurf, fullName=Harriet, weight=98, runSpeed=0, height=5)
2024-07-01T13:18:46.440+01:00  INFO 18604 --- [           main] c.w.v.c.s.a.WeightIncreaseEntityListener : Listened for object with type Alien
2024-07-01T13:18:46.440+01:00  WARN 18604 --- [           main] c.w.v.c.s.a.WeightIncreaseEntityListener : Weight Gain service has been disabled
2024-07-01T13:18:46.441+01:00  INFO 18604 --- [           main] c.w.v.cucumber.space.alien.AlienService  : An alien has been created! Alien(id=276, type=Smurf, fullName=Harriet, weight=40, runSpeed=0, height=93)
2024-07-01T13:18:46.598+01:00  INFO 18604 --- [           main] c.w.v.c.s.a.WeightIncreaseEntityListener : Listened for object with type Alien
2024-07-01T13:18:46.598+01:00  WARN 18604 --- [           main] c.w.v.c.s.a.WeightIncreaseEntityListener : Weight Gain service has been disabled
2024-07-01T13:18:46.599+01:00  INFO 18604 --- [           main] c.w.v.cucumber.space.alien.AlienService  : An alien has been created! Alien(id=277, type=Smurf, fullName=Harriet, weight=6, runSpeed=0, height=7)
2024-07-01T13:18:46.753+01:00  INFO 18604 --- [           main] c.w.v.c.s.a.WeightIncreaseEntityListener : Listened for object with type Alien
2024-07-01T13:18:46.753+01:00  WARN 18604 --- [           main] c.w.v.c.s.a.WeightIncreaseEntityListener : Weight Gain service has been disabled
2024-07-01T13:18:46.754+01:00  INFO 18604 --- [           main] c.w.v.cucumber.space.alien.AlienService  : An alien has been created! Alien(id=278, type=Smurf, fullName=Harriet, weight=38, runSpeed=0, height=40)
2024-07-01T13:18:46.910+01:00  INFO 18604 --- [           main] c.w.v.c.s.a.WeightIncreaseEntityListener : Listened for object with type Alien
2024-07-01T13:18:46.910+01:00  WARN 18604 --- [           main] c.w.v.c.s.a.WeightIncreaseEntityListener : Weight Gain service has been disabled
2024-07-01T13:18:46.911+01:00  INFO 18604 --- [           main] c.w.v.cucumber.space.alien.AlienService  : An alien has been created! Alien(id=279, type=Smurf, fullName=Harriet, weight=43, runSpeed=0, height=78)
2024-07-01T13:18:47.069+01:00  INFO 18604 --- [           main] c.w.v.c.s.a.WeightIncreaseEntityListener : Listened for object with type Alien
2024-07-01T13:18:47.069+01:00  WARN 18604 --- [           main] c.w.v.c.s.a.WeightIncreaseEntityListener : Weight Gain service has been disabled
2024-07-01T13:18:47.070+01:00  INFO 18604 --- [           main] c.w.v.cucumber.space.alien.AlienService  : An alien has been created! Alien(id=280, type=Smurf, fullName=Harriet, weight=3, runSpeed=0, height=2)
2024-07-01T13:18:47.227+01:00  INFO 18604 --- [           main] c.w.v.c.s.a.WeightIncreaseEntityListener : Listened for object with type Alien
2024-07-01T13:18:47.227+01:00  WARN 18604 --- [           main] c.w.v.c.s.a.WeightIncreaseEntityListener : Weight Gain service has been disabled
2024-07-01T13:18:47.228+01:00  INFO 18604 --- [           main] c.w.v.cucumber.space.alien.AlienService  : An alien has been created! Alien(id=281, type=Smurf, fullName=Harriet, weight=60, runSpeed=0, height=78)
2024-07-01T13:18:47.384+01:00  INFO 18604 --- [           main] c.w.v.c.s.a.WeightIncreaseEntityListener : Listened for object with type Alien
2024-07-01T13:18:47.384+01:00  WARN 18604 --- [           main] c.w.v.c.s.a.WeightIncreaseEntityListener : Weight Gain service has been disabled
2024-07-01T13:18:47.385+01:00  INFO 18604 --- [           main] c.w.v.cucumber.space.alien.AlienService  : An alien has been created! Alien(id=282, type=Smurf, fullName=Harriet, weight=56, runSpeed=0, height=50)
2024-07-01T13:18:47.542+01:00  INFO 18604 --- [           main] c.w.v.c.s.a.WeightIncreaseEntityListener : Listened for object with type Alien
2024-07-01T13:18:47.542+01:00  WARN 18604 --- [           main] c.w.v.c.s.a.WeightIncreaseEntityListener : Weight Gain service has been disabled
2024-07-01T13:18:47.543+01:00  INFO 18604 --- [           main] c.w.v.cucumber.space.alien.AlienService  : An alien has been created! Alien(id=283, type=Smurf, fullName=Harriet, weight=1, runSpeed=0, height=90)
2024-07-01T13:18:47.701+01:00  INFO 18604 --- [           main] c.w.v.c.s.a.WeightIncreaseEntityListener : Listened for object with type Alien
2024-07-01T13:18:47.701+01:00  WARN 18604 --- [           main] c.w.v.c.s.a.WeightIncreaseEntityListener : Weight Gain service has been disabled
2024-07-01T13:18:47.702+01:00  INFO 18604 --- [           main] c.w.v.cucumber.space.alien.AlienService  : An alien has been created! Alien(id=284, type=Smurf, fullName=Harriet, weight=80, runSpeed=0, height=79)
2024-07-01T13:18:47.858+01:00  INFO 18604 --- [           main] c.w.v.c.s.a.WeightIncreaseEntityListener : Listened for object with type Alien
2024-07-01T13:18:47.858+01:00  WARN 18604 --- [           main] c.w.v.c.s.a.WeightIncreaseEntityListener : Weight Gain service has been disabled
2024-07-01T13:18:47.859+01:00  INFO 18604 --- [           main] c.w.v.cucumber.space.alien.AlienService  : An alien has been created! Alien(id=285, type=Smurf, fullName=Harriet, weight=25, runSpeed=0, height=47)
2024-07-01T13:18:48.015+01:00  INFO 18604 --- [           main] c.w.v.c.s.a.WeightIncreaseEntityListener : Listened for object with type Alien
2024-07-01T13:18:48.015+01:00  WARN 18604 --- [           main] c.w.v.c.s.a.WeightIncreaseEntityListener : Weight Gain service has been disabled
2024-07-01T13:18:48.016+01:00  INFO 18604 --- [           main] c.w.v.cucumber.space.alien.AlienService  : An alien has been created! Alien(id=286, type=Smurf, fullName=Harriet, weight=94, runSpeed=0, height=64)
2024-07-01T13:18:48.172+01:00  INFO 18604 --- [           main] c.w.v.c.s.a.WeightIncreaseEntityListener : Listened for object with type Alien
2024-07-01T13:18:48.172+01:00  WARN 18604 --- [           main] c.w.v.c.s.a.WeightIncreaseEntityListener : Weight Gain service has been disabled
2024-07-01T13:18:48.173+01:00  INFO 18604 --- [           main] c.w.v.cucumber.space.alien.AlienService  : An alien has been created! Alien(id=287, type=Smurf, fullName=Harriet, weight=99, runSpeed=0, height=59)
2024-07-01T13:18:48.330+01:00  INFO 18604 --- [           main] c.w.v.c.s.a.WeightIncreaseEntityListener : Listened for object with type Alien
2024-07-01T13:18:48.330+01:00  WARN 18604 --- [           main] c.w.v.c.s.a.WeightIncreaseEntityListener : Weight Gain service has been disabled
2024-07-01T13:18:48.331+01:00  INFO 18604 --- [           main] c.w.v.cucumber.space.alien.AlienService  : An alien has been created! Alien(id=288, type=Smurf, fullName=Harriet, weight=48, runSpeed=0, height=68)
2024-07-01T13:18:48.489+01:00  INFO 18604 --- [           main] c.w.v.c.s.a.WeightIncreaseEntityListener : Listened for object with type Alien
2024-07-01T13:18:48.489+01:00  WARN 18604 --- [           main] c.w.v.c.s.a.WeightIncreaseEntityListener : Weight Gain service has been disabled
2024-07-01T13:18:48.490+01:00  INFO 18604 --- [           main] c.w.v.cucumber.space.alien.AlienService  : An alien has been created! Alien(id=289, type=Smurf, fullName=Harriet, weight=1, runSpeed=0, height=61)
2024-07-01T13:18:48.646+01:00  INFO 18604 --- [           main] c.w.v.c.s.a.WeightIncreaseEntityListener : Listened for object with type Alien
2024-07-01T13:18:48.646+01:00  WARN 18604 --- [           main] c.w.v.c.s.a.WeightIncreaseEntityListener : Weight Gain service has been disabled
2024-07-01T13:18:48.647+01:00  INFO 18604 --- [           main] c.w.v.cucumber.space.alien.AlienService  : An alien has been created! Alien(id=290, type=Smurf, fullName=Harriet, weight=67, runSpeed=0, height=64)
2024-07-01T13:18:48.802+01:00  INFO 18604 --- [           main] c.w.v.c.s.a.WeightIncreaseEntityListener : Listened for object with type Alien
2024-07-01T13:18:48.802+01:00  WARN 18604 --- [           main] c.w.v.c.s.a.WeightIncreaseEntityListener : Weight Gain service has been disabled
2024-07-01T13:18:48.803+01:00  INFO 18604 --- [           main] c.w.v.cucumber.space.alien.AlienService  : An alien has been created! Alien(id=291, type=Smurf, fullName=Harriet, weight=90, runSpeed=0, height=3)
2024-07-01T13:18:48.960+01:00  INFO 18604 --- [           main] c.w.v.c.s.a.WeightIncreaseEntityListener : Listened for object with type Alien
2024-07-01T13:18:48.960+01:00  WARN 18604 --- [           main] c.w.v.c.s.a.WeightIncreaseEntityListener : Weight Gain service has been disabled
2024-07-01T13:18:48.961+01:00  INFO 18604 --- [           main] c.w.v.cucumber.space.alien.AlienService  : An alien has been created! Alien(id=292, type=Smurf, fullName=Harriet, weight=57, runSpeed=0, height=78)
2024-07-01T13:18:49.116+01:00  INFO 18604 --- [           main] c.w.v.c.s.a.WeightIncreaseEntityListener : Listened for object with type Alien
2024-07-01T13:18:49.116+01:00  WARN 18604 --- [           main] c.w.v.c.s.a.WeightIncreaseEntityListener : Weight Gain service has been disabled
2024-07-01T13:18:49.117+01:00  INFO 18604 --- [           main] c.w.v.cucumber.space.alien.AlienService  : An alien has been created! Alien(id=293, type=Smurf, fullName=Harriet, weight=81, runSpeed=0, height=93)
2024-07-01T13:18:49.272+01:00  INFO 18604 --- [           main] c.w.v.c.s.a.WeightIncreaseEntityListener : Listened for object with type Alien
2024-07-01T13:18:49.272+01:00  WARN 18604 --- [           main] c.w.v.c.s.a.WeightIncreaseEntityListener : Weight Gain service has been disabled
2024-07-01T13:18:49.273+01:00  INFO 18604 --- [           main] c.w.v.cucumber.space.alien.AlienService  : An alien has been created! Alien(id=294, type=Smurf, fullName=Harriet, weight=50, runSpeed=0, height=7)
2024-07-01T13:18:49.428+01:00  INFO 18604 --- [           main] c.w.v.c.s.a.WeightIncreaseEntityListener : Listened for object with type Alien
2024-07-01T13:18:49.428+01:00  WARN 18604 --- [           main] c.w.v.c.s.a.WeightIncreaseEntityListener : Weight Gain service has been disabled
2024-07-01T13:18:49.429+01:00  INFO 18604 --- [           main] c.w.v.cucumber.space.alien.AlienService  : An alien has been created! Alien(id=295, type=Smurf, fullName=Harriet, weight=86, runSpeed=0, height=81)
2024-07-01T13:18:49.582+01:00  INFO 18604 --- [           main] c.w.v.c.s.a.WeightIncreaseEntityListener : Listened for object with type Alien
2024-07-01T13:18:49.582+01:00  WARN 18604 --- [           main] c.w.v.c.s.a.WeightIncreaseEntityListener : Weight Gain service has been disabled
2024-07-01T13:18:49.583+01:00  INFO 18604 --- [           main] c.w.v.cucumber.space.alien.AlienService  : An alien has been created! Alien(id=296, type=Smurf, fullName=Harriet, weight=27, runSpeed=0, height=47)
2024-07-01T13:18:49.740+01:00  INFO 18604 --- [           main] c.w.v.c.s.a.WeightIncreaseEntityListener : Listened for object with type Alien
2024-07-01T13:18:49.740+01:00  WARN 18604 --- [           main] c.w.v.c.s.a.WeightIncreaseEntityListener : Weight Gain service has been disabled
2024-07-01T13:18:49.740+01:00  INFO 18604 --- [           main] c.w.v.cucumber.space.alien.AlienService  : An alien has been created! Alien(id=297, type=Smurf, fullName=Harriet, weight=33, runSpeed=0, height=40)
2024-07-01T13:18:49.894+01:00  INFO 18604 --- [           main] c.w.v.c.s.a.WeightIncreaseEntityListener : Listened for object with type Alien
2024-07-01T13:18:49.894+01:00  WARN 18604 --- [           main] c.w.v.c.s.a.WeightIncreaseEntityListener : Weight Gain service has been disabled
2024-07-01T13:18:49.895+01:00  INFO 18604 --- [           main] c.w.v.cucumber.space.alien.AlienService  : An alien has been created! Alien(id=298, type=Smurf, fullName=Harriet, weight=80, runSpeed=0, height=54)
2024-07-01T13:18:50.050+01:00  INFO 18604 --- [           main] c.w.v.c.s.a.WeightIncreaseEntityListener : Listened for object with type Alien
2024-07-01T13:18:50.050+01:00  WARN 18604 --- [           main] c.w.v.c.s.a.WeightIncreaseEntityListener : Weight Gain service has been disabled
2024-07-01T13:18:50.051+01:00  INFO 18604 --- [           main] c.w.v.cucumber.space.alien.AlienService  : An alien has been created! Alien(id=299, type=Smurf, fullName=Harriet, weight=22, runSpeed=0, height=88)
2024-07-01T13:18:50.207+01:00  INFO 18604 --- [           main] c.w.v.c.s.a.WeightIncreaseEntityListener : Listened for object with type Alien
2024-07-01T13:18:50.207+01:00  WARN 18604 --- [           main] c.w.v.c.s.a.WeightIncreaseEntityListener : Weight Gain service has been disabled
2024-07-01T13:18:50.208+01:00  INFO 18604 --- [           main] c.w.v.cucumber.space.alien.AlienService  : An alien has been created! Alien(id=300, type=Smurf, fullName=Harriet, weight=65, runSpeed=0, height=81)
2024-07-01T13:18:50.364+01:00  INFO 18604 --- [           main] c.w.v.c.s.a.WeightIncreaseEntityListener : Listened for object with type Alien
2024-07-01T13:18:50.364+01:00  WARN 18604 --- [           main] c.w.v.c.s.a.WeightIncreaseEntityListener : Weight Gain service has been disabled
2024-07-01T13:18:50.365+01:00  INFO 18604 --- [           main] c.w.v.cucumber.space.alien.AlienService  : An alien has been created! Alien(id=301, type=Smurf, fullName=Harriet, weight=42, runSpeed=0, height=15)
2024-07-01T13:18:50.524+01:00  INFO 18604 --- [           main] c.w.v.c.s.a.WeightIncreaseEntityListener : Listened for object with type Alien
2024-07-01T13:18:50.524+01:00  WARN 18604 --- [           main] c.w.v.c.s.a.WeightIncreaseEntityListener : Weight Gain service has been disabled
2024-07-01T13:18:50.525+01:00  INFO 18604 --- [           main] c.w.v.cucumber.space.alien.AlienService  : An alien has been created! Alien(id=302, type=Smurf, fullName=Harriet, weight=80, runSpeed=0, height=33)
2024-07-01T13:18:50.682+01:00  INFO 18604 --- [           main] c.w.v.c.s.a.WeightIncreaseEntityListener : Listened for object with type Alien
2024-07-01T13:18:50.682+01:00  WARN 18604 --- [           main] c.w.v.c.s.a.WeightIncreaseEntityListener : Weight Gain service has been disabled
2024-07-01T13:18:50.683+01:00  INFO 18604 --- [           main] c.w.v.cucumber.space.alien.AlienService  : An alien has been created! Alien(id=303, type=Smurf, fullName=Harriet, weight=42, runSpeed=0, height=90)
2024-07-01T13:18:50.840+01:00  INFO 18604 --- [           main] c.w.v.c.s.a.WeightIncreaseEntityListener : Listened for object with type Alien
2024-07-01T13:18:50.840+01:00  WARN 18604 --- [           main] c.w.v.c.s.a.WeightIncreaseEntityListener : Weight Gain service has been disabled
2024-07-01T13:18:50.841+01:00  INFO 18604 --- [           main] c.w.v.cucumber.space.alien.AlienService  : An alien has been created! Alien(id=304, type=Smurf, fullName=Harriet, weight=49, runSpeed=0, height=70)
2024-07-01T13:18:50.998+01:00  INFO 18604 --- [           main] c.w.v.c.s.a.WeightIncreaseEntityListener : Listened for object with type Alien
2024-07-01T13:18:50.998+01:00  WARN 18604 --- [           main] c.w.v.c.s.a.WeightIncreaseEntityListener : Weight Gain service has been disabled
2024-07-01T13:18:50.999+01:00  INFO 18604 --- [           main] c.w.v.cucumber.space.alien.AlienService  : An alien has been created! Alien(id=305, type=Smurf, fullName=Harriet, weight=89, runSpeed=0, height=18)
2024-07-01T13:18:51.155+01:00  INFO 18604 --- [           main] c.w.v.c.s.a.WeightIncreaseEntityListener : Listened for object with type Alien
2024-07-01T13:18:51.155+01:00  WARN 18604 --- [           main] c.w.v.c.s.a.WeightIncreaseEntityListener : Weight Gain service has been disabled
2024-07-01T13:18:51.156+01:00  INFO 18604 --- [           main] c.w.v.cucumber.space.alien.AlienService  : An alien has been created! Alien(id=306, type=Smurf, fullName=Harriet, weight=91, runSpeed=0, height=94)
2024-07-01T13:18:51.314+01:00  INFO 18604 --- [           main] c.w.v.c.s.a.WeightIncreaseEntityListener : Listened for object with type Alien
2024-07-01T13:18:51.314+01:00  WARN 18604 --- [           main] c.w.v.c.s.a.WeightIncreaseEntityListener : Weight Gain service has been disabled
2024-07-01T13:18:51.315+01:00  INFO 18604 --- [           main] c.w.v.cucumber.space.alien.AlienService  : An alien has been created! Alien(id=307, type=Smurf, fullName=Harriet, weight=82, runSpeed=0, height=55)
2024-07-01T13:18:51.473+01:00  INFO 18604 --- [           main] c.w.v.c.s.a.WeightIncreaseEntityListener : Listened for object with type Alien
2024-07-01T13:18:51.473+01:00  WARN 18604 --- [           main] c.w.v.c.s.a.WeightIncreaseEntityListener : Weight Gain service has been disabled
2024-07-01T13:18:51.474+01:00  INFO 18604 --- [           main] c.w.v.cucumber.space.alien.AlienService  : An alien has been created! Alien(id=308, type=Smurf, fullName=Harriet, weight=73, runSpeed=0, height=85)
2024-07-01T13:18:51.631+01:00  INFO 18604 --- [           main] c.w.v.c.s.a.WeightIncreaseEntityListener : Listened for object with type Alien
2024-07-01T13:18:51.631+01:00  WARN 18604 --- [           main] c.w.v.c.s.a.WeightIncreaseEntityListener : Weight Gain service has been disabled
2024-07-01T13:18:51.632+01:00  INFO 18604 --- [           main] c.w.v.cucumber.space.alien.AlienService  : An alien has been created! Alien(id=309, type=Smurf, fullName=Harriet, weight=23, runSpeed=0, height=81)
2024-07-01T13:18:51.785+01:00  INFO 18604 --- [           main] c.w.v.c.s.a.WeightIncreaseEntityListener : Listened for object with type Alien
2024-07-01T13:18:51.785+01:00  WARN 18604 --- [           main] c.w.v.c.s.a.WeightIncreaseEntityListener : Weight Gain service has been disabled
2024-07-01T13:18:51.786+01:00  INFO 18604 --- [           main] c.w.v.cucumber.space.alien.AlienService  : An alien has been created! Alien(id=310, type=Smurf, fullName=Harriet, weight=31, runSpeed=0, height=24)
  &amp#27;[32mWhen &amp#27;[0m&amp#27;[32mCreate &amp#27;[0m&amp#27;[32m&amp#27;[1m50&amp#27;[0m&amp#27;[32m alien with name &amp#27;[0m&amp#27;[32m&amp#27;[1m"Harriet"&amp#27;[0m&amp#27;[32m and type &amp#27;[0m&amp#27;[32m&amp#27;[1m"Smurf"&amp#27;[0m   &amp#27;[90m# code.with.vanilson.cucumber.glue.CucumberAlienSteps.whenClientCalls(int,java.lang.String,java.lang.String)&amp#27;[0m
  &amp#27;[32mThen &amp#27;[0m&amp#27;[32mTotal number of aliens with type &amp#27;[0m&amp#27;[32m&amp#27;[1m"Smurf"&amp#27;[0m&amp#27;[32m should be &amp#27;[0m&amp#27;[32m&amp#27;[1m100&amp#27;[0m &amp#27;[90m# code.with.vanilson.cucumber.glue.CucumberAlienSteps.totalNumberOfAliensWithTypeShouldBe(java.lang.String,int)&amp#27;[0m
]]></system-out>
  </testcase>
  <testcase name="Create 100 Wookies" classname="Create Smurf aliens from features folder" time="15.821">
    <system-out><![CDATA[2024-07-01T13:18:51.793+01:00  INFO 18604 --- [           main] t.c.s.AnnotationConfigContextLoaderUtils : Could not detect default configuration classes for test class [code.with.vanilson.cucumber.config.CucumberSpringConfiguration]: CucumberSpringConfiguration does not declare any static, non-private, non-final, nested classes annotated with @Configuration.
2024-07-01T13:18:51.794+01:00  INFO 18604 --- [           main] .b.t.c.SpringBootTestContextBootstrapper : Found @SpringBootConfiguration code.with.vanilson.cucumber.DemoCucumberApplication for test class code.with.vanilson.cucumber.config.CucumberSpringConfiguration

Scenario: Create 100 Wookies                                   &amp#27;[90m# features/alien/AlienTest2.feature:10&amp#27;[0m
2024-07-01T13:18:51.808+01:00  INFO 18604 --- [           main] c.w.v.cucumber.space.alien.AlienService  : Delete all aliens
  &amp#27;[32mGiven &amp#27;[0m&amp#27;[32mNo aliens exists&amp#27;[0m                                       &amp#27;[90m# code.with.vanilson.cucumber.glue.CucumberAlienSteps.noAliens()&amp#27;[0m
2024-07-01T13:18:52.004+01:00  INFO 18604 --- [           main] c.w.v.c.s.a.WeightIncreaseEntityListener : Listened for object with type Alien
2024-07-01T13:18:52.004+01:00  WARN 18604 --- [           main] c.w.v.c.s.a.WeightIncreaseEntityListener : Weight Gain service has been disabled
2024-07-01T13:18:52.005+01:00  INFO 18604 --- [           main] c.w.v.cucumber.space.alien.AlienService  : An alien has been created! Alien(id=311, type=Wookie, fullName=Brian, weight=74, runSpeed=0, height=59)
2024-07-01T13:18:52.161+01:00  INFO 18604 --- [           main] c.w.v.c.s.a.WeightIncreaseEntityListener : Listened for object with type Alien
2024-07-01T13:18:52.161+01:00  WARN 18604 --- [           main] c.w.v.c.s.a.WeightIncreaseEntityListener : Weight Gain service has been disabled
2024-07-01T13:18:52.162+01:00  INFO 18604 --- [           main] c.w.v.cucumber.space.alien.AlienService  : An alien has been created! Alien(id=312, type=Wookie, fullName=Brian, weight=30, runSpeed=0, height=25)
2024-07-01T13:18:52.318+01:00  INFO 18604 --- [           main] c.w.v.c.s.a.WeightIncreaseEntityListener : Listened for object with type Alien
2024-07-01T13:18:52.318+01:00  WARN 18604 --- [           main] c.w.v.c.s.a.WeightIncreaseEntityListener : Weight Gain service has been disabled
2024-07-01T13:18:52.319+01:00  INFO 18604 --- [           main] c.w.v.cucumber.space.alien.AlienService  : An alien has been created! Alien(id=313, type=Wookie, fullName=Brian, weight=8, runSpeed=0, height=21)
2024-07-01T13:18:52.476+01:00  INFO 18604 --- [           main] c.w.v.c.s.a.WeightIncreaseEntityListener : Listened for object with type Alien
2024-07-01T13:18:52.476+01:00  WARN 18604 --- [           main] c.w.v.c.s.a.WeightIncreaseEntityListener : Weight Gain service has been disabled
2024-07-01T13:18:52.477+01:00  INFO 18604 --- [           main] c.w.v.cucumber.space.alien.AlienService  : An alien has been created! Alien(id=314, type=Wookie, fullName=Brian, weight=14, runSpeed=0, height=81)
2024-07-01T13:18:52.634+01:00  INFO 18604 --- [           main] c.w.v.c.s.a.WeightIncreaseEntityListener : Listened for object with type Alien
2024-07-01T13:18:52.634+01:00  WARN 18604 --- [           main] c.w.v.c.s.a.WeightIncreaseEntityListener : Weight Gain service has been disabled
2024-07-01T13:18:52.634+01:00  INFO 18604 --- [           main] c.w.v.cucumber.space.alien.AlienService  : An alien has been created! Alien(id=315, type=Wookie, fullName=Brian, weight=34, runSpeed=0, height=66)
2024-07-01T13:18:52.793+01:00  INFO 18604 --- [           main] c.w.v.c.s.a.WeightIncreaseEntityListener : Listened for object with type Alien
2024-07-01T13:18:52.793+01:00  WARN 18604 --- [           main] c.w.v.c.s.a.WeightIncreaseEntityListener : Weight Gain service has been disabled
2024-07-01T13:18:52.794+01:00  INFO 18604 --- [           main] c.w.v.cucumber.space.alien.AlienService  : An alien has been created! Alien(id=316, type=Wookie, fullName=Brian, weight=91, runSpeed=0, height=6)
2024-07-01T13:18:52.949+01:00  INFO 18604 --- [           main] c.w.v.c.s.a.WeightIncreaseEntityListener : Listened for object with type Alien
2024-07-01T13:18:52.949+01:00  WARN 18604 --- [           main] c.w.v.c.s.a.WeightIncreaseEntityListener : Weight Gain service has been disabled
2024-07-01T13:18:52.949+01:00  INFO 18604 --- [           main] c.w.v.cucumber.space.alien.AlienService  : An alien has been created! Alien(id=317, type=Wookie, fullName=Brian, weight=36, runSpeed=0, height=66)
2024-07-01T13:18:53.105+01:00  INFO 18604 --- [           main] c.w.v.c.s.a.WeightIncreaseEntityListener : Listened for object with type Alien
2024-07-01T13:18:53.105+01:00  WARN 18604 --- [           main] c.w.v.c.s.a.WeightIncreaseEntityListener : Weight Gain service has been disabled
2024-07-01T13:18:53.106+01:00  INFO 18604 --- [           main] c.w.v.cucumber.space.alien.AlienService  : An alien has been created! Alien(id=318, type=Wookie, fullName=Brian, weight=99, runSpeed=0, height=19)
2024-07-01T13:18:53.264+01:00  INFO 18604 --- [           main] c.w.v.c.s.a.WeightIncreaseEntityListener : Listened for object with type Alien
2024-07-01T13:18:53.264+01:00  WARN 18604 --- [           main] c.w.v.c.s.a.WeightIncreaseEntityListener : Weight Gain service has been disabled
2024-07-01T13:18:53.265+01:00  INFO 18604 --- [           main] c.w.v.cucumber.space.alien.AlienService  : An alien has been created! Alien(id=319, type=Wookie, fullName=Brian, weight=50, runSpeed=0, height=80)
2024-07-01T13:18:53.422+01:00  INFO 18604 --- [           main] c.w.v.c.s.a.WeightIncreaseEntityListener : Listened for object with type Alien
2024-07-01T13:18:53.422+01:00  WARN 18604 --- [           main] c.w.v.c.s.a.WeightIncreaseEntityListener : Weight Gain service has been disabled
2024-07-01T13:18:53.423+01:00  INFO 18604 --- [           main] c.w.v.cucumber.space.alien.AlienService  : An alien has been created! Alien(id=320, type=Wookie, fullName=Brian, weight=68, runSpeed=0, height=29)
2024-07-01T13:18:53.581+01:00  INFO 18604 --- [           main] c.w.v.c.s.a.WeightIncreaseEntityListener : Listened for object with type Alien
2024-07-01T13:18:53.581+01:00  WARN 18604 --- [           main] c.w.v.c.s.a.WeightIncreaseEntityListener : Weight Gain service has been disabled
2024-07-01T13:18:53.582+01:00  INFO 18604 --- [           main] c.w.v.cucumber.space.alien.AlienService  : An alien has been created! Alien(id=321, type=Wookie, fullName=Brian, weight=91, runSpeed=0, height=9)
2024-07-01T13:18:53.738+01:00  INFO 18604 --- [           main] c.w.v.c.s.a.WeightIncreaseEntityListener : Listened for object with type Alien
2024-07-01T13:18:53.738+01:00  WARN 18604 --- [           main] c.w.v.c.s.a.WeightIncreaseEntityListener : Weight Gain service has been disabled
2024-07-01T13:18:53.739+01:00  INFO 18604 --- [           main] c.w.v.cucumber.space.alien.AlienService  : An alien has been created! Alien(id=322, type=Wookie, fullName=Brian, weight=16, runSpeed=0, height=13)
2024-07-01T13:18:53.896+01:00  INFO 18604 --- [           main] c.w.v.c.s.a.WeightIncreaseEntityListener : Listened for object with type Alien
2024-07-01T13:18:53.896+01:00  WARN 18604 --- [           main] c.w.v.c.s.a.WeightIncreaseEntityListener : Weight Gain service has been disabled
2024-07-01T13:18:53.896+01:00  INFO 18604 --- [           main] c.w.v.cucumber.space.alien.AlienService  : An alien has been created! Alien(id=323, type=Wookie, fullName=Brian, weight=37, runSpeed=0, height=53)
2024-07-01T13:18:54.053+01:00  INFO 18604 --- [           main] c.w.v.c.s.a.WeightIncreaseEntityListener : Listened for object with type Alien
2024-07-01T13:18:54.053+01:00  WARN 18604 --- [           main] c.w.v.c.s.a.WeightIncreaseEntityListener : Weight Gain service has been disabled
2024-07-01T13:18:54.054+01:00  INFO 18604 --- [           main] c.w.v.cucumber.space.alien.AlienService  : An alien has been created! Alien(id=324, type=Wookie, fullName=Brian, weight=4, runSpeed=0, height=13)
2024-07-01T13:18:54.212+01:00  INFO 18604 --- [           main] c.w.v.c.s.a.WeightIncreaseEntityListener : Listened for object with type Alien
2024-07-01T13:18:54.212+01:00  WARN 18604 --- [           main] c.w.v.c.s.a.WeightIncreaseEntityListener : Weight Gain service has been disabled
2024-07-01T13:18:54.213+01:00  INFO 18604 --- [           main] c.w.v.cucumber.space.alien.AlienService  : An alien has been created! Alien(id=325, type=Wookie, fullName=Brian, weight=53, runSpeed=0, height=44)
2024-07-01T13:18:54.368+01:00  INFO 18604 --- [           main] c.w.v.c.s.a.WeightIncreaseEntityListener : Listened for object with type Alien
2024-07-01T13:18:54.368+01:00  WARN 18604 --- [           main] c.w.v.c.s.a.WeightIncreaseEntityListener : Weight Gain service has been disabled
2024-07-01T13:18:54.369+01:00  INFO 18604 --- [           main] c.w.v.cucumber.space.alien.AlienService  : An alien has been created! Alien(id=326, type=Wookie, fullName=Brian, weight=75, runSpeed=0, height=36)
2024-07-01T13:18:54.528+01:00  INFO 18604 --- [           main] c.w.v.c.s.a.WeightIncreaseEntityListener : Listened for object with type Alien
2024-07-01T13:18:54.528+01:00  WARN 18604 --- [           main] c.w.v.c.s.a.WeightIncreaseEntityListener : Weight Gain service has been disabled
2024-07-01T13:18:54.528+01:00  INFO 18604 --- [           main] c.w.v.cucumber.space.alien.AlienService  : An alien has been created! Alien(id=327, type=Wookie, fullName=Brian, weight=38, runSpeed=0, height=34)
2024-07-01T13:18:54.684+01:00  INFO 18604 --- [           main] c.w.v.c.s.a.WeightIncreaseEntityListener : Listened for object with type Alien
2024-07-01T13:18:54.684+01:00  WARN 18604 --- [           main] c.w.v.c.s.a.WeightIncreaseEntityListener : Weight Gain service has been disabled
2024-07-01T13:18:54.684+01:00  INFO 18604 --- [           main] c.w.v.cucumber.space.alien.AlienService  : An alien has been created! Alien(id=328, type=Wookie, fullName=Brian, weight=29, runSpeed=0, height=23)
2024-07-01T13:18:54.843+01:00  INFO 18604 --- [           main] c.w.v.c.s.a.WeightIncreaseEntityListener : Listened for object with type Alien
2024-07-01T13:18:54.843+01:00  WARN 18604 --- [           main] c.w.v.c.s.a.WeightIncreaseEntityListener : Weight Gain service has been disabled
2024-07-01T13:18:54.843+01:00  INFO 18604 --- [           main] c.w.v.cucumber.space.alien.AlienService  : An alien has been created! Alien(id=329, type=Wookie, fullName=Brian, weight=70, runSpeed=0, height=9)
2024-07-01T13:18:55.003+01:00  INFO 18604 --- [           main] c.w.v.c.s.a.WeightIncreaseEntityListener : Listened for object with type Alien
2024-07-01T13:18:55.003+01:00  WARN 18604 --- [           main] c.w.v.c.s.a.WeightIncreaseEntityListener : Weight Gain service has been disabled
2024-07-01T13:18:55.004+01:00  INFO 18604 --- [           main] c.w.v.cucumber.space.alien.AlienService  : An alien has been created! Alien(id=330, type=Wookie, fullName=Brian, weight=8, runSpeed=0, height=81)
2024-07-01T13:18:55.160+01:00  INFO 18604 --- [           main] c.w.v.c.s.a.WeightIncreaseEntityListener : Listened for object with type Alien
2024-07-01T13:18:55.160+01:00  WARN 18604 --- [           main] c.w.v.c.s.a.WeightIncreaseEntityListener : Weight Gain service has been disabled
2024-07-01T13:18:55.160+01:00  INFO 18604 --- [           main] c.w.v.cucumber.space.alien.AlienService  : An alien has been created! Alien(id=331, type=Wookie, fullName=Brian, weight=31, runSpeed=0, height=30)
2024-07-01T13:18:55.318+01:00  INFO 18604 --- [           main] c.w.v.c.s.a.WeightIncreaseEntityListener : Listened for object with type Alien
2024-07-01T13:18:55.318+01:00  WARN 18604 --- [           main] c.w.v.c.s.a.WeightIncreaseEntityListener : Weight Gain service has been disabled
2024-07-01T13:18:55.319+01:00  INFO 18604 --- [           main] c.w.v.cucumber.space.alien.AlienService  : An alien has been created! Alien(id=332, type=Wookie, fullName=Brian, weight=14, runSpeed=0, height=8)
2024-07-01T13:18:55.477+01:00  INFO 18604 --- [           main] c.w.v.c.s.a.WeightIncreaseEntityListener : Listened for object with type Alien
2024-07-01T13:18:55.477+01:00  WARN 18604 --- [           main] c.w.v.c.s.a.WeightIncreaseEntityListener : Weight Gain service has been disabled
2024-07-01T13:18:55.477+01:00  INFO 18604 --- [           main] c.w.v.cucumber.space.alien.AlienService  : An alien has been created! Alien(id=333, type=Wookie, fullName=Brian, weight=50, runSpeed=0, height=63)
2024-07-01T13:18:55.634+01:00  INFO 18604 --- [           main] c.w.v.c.s.a.WeightIncreaseEntityListener : Listened for object with type Alien
2024-07-01T13:18:55.634+01:00  WARN 18604 --- [           main] c.w.v.c.s.a.WeightIncreaseEntityListener : Weight Gain service has been disabled
2024-07-01T13:18:55.635+01:00  INFO 18604 --- [           main] c.w.v.cucumber.space.alien.AlienService  : An alien has been created! Alien(id=334, type=Wookie, fullName=Brian, weight=58, runSpeed=0, height=84)
2024-07-01T13:18:55.793+01:00  INFO 18604 --- [           main] c.w.v.c.s.a.WeightIncreaseEntityListener : Listened for object with type Alien
2024-07-01T13:18:55.793+01:00  WARN 18604 --- [           main] c.w.v.c.s.a.WeightIncreaseEntityListener : Weight Gain service has been disabled
2024-07-01T13:18:55.794+01:00  INFO 18604 --- [           main] c.w.v.cucumber.space.alien.AlienService  : An alien has been created! Alien(id=335, type=Wookie, fullName=Brian, weight=38, runSpeed=0, height=74)
2024-07-01T13:18:55.952+01:00  INFO 18604 --- [           main] c.w.v.c.s.a.WeightIncreaseEntityListener : Listened for object with type Alien
2024-07-01T13:18:55.952+01:00  WARN 18604 --- [           main] c.w.v.c.s.a.WeightIncreaseEntityListener : Weight Gain service has been disabled
2024-07-01T13:18:55.953+01:00  INFO 18604 --- [           main] c.w.v.cucumber.space.alien.AlienService  : An alien has been created! Alien(id=336, type=Wookie, fullName=Brian, weight=85, runSpeed=0, height=22)
2024-07-01T13:18:56.109+01:00  INFO 18604 --- [           main] c.w.v.c.s.a.WeightIncreaseEntityListener : Listened for object with type Alien
2024-07-01T13:18:56.109+01:00  WARN 18604 --- [           main] c.w.v.c.s.a.WeightIncreaseEntityListener : Weight Gain service has been disabled
2024-07-01T13:18:56.110+01:00  INFO 18604 --- [           main] c.w.v.cucumber.space.alien.AlienService  : An alien has been created! Alien(id=337, type=Wookie, fullName=Brian, weight=31, runSpeed=0, height=80)
2024-07-01T13:18:56.266+01:00  INFO 18604 --- [           main] c.w.v.c.s.a.WeightIncreaseEntityListener : Listened for object with type Alien
2024-07-01T13:18:56.266+01:00  WARN 18604 --- [           main] c.w.v.c.s.a.WeightIncreaseEntityListener : Weight Gain service has been disabled
2024-07-01T13:18:56.267+01:00  INFO 18604 --- [           main] c.w.v.cucumber.space.alien.AlienService  : An alien has been created! Alien(id=338, type=Wookie, fullName=Brian, weight=33, runSpeed=0, height=63)
2024-07-01T13:18:56.422+01:00  INFO 18604 --- [           main] c.w.v.c.s.a.WeightIncreaseEntityListener : Listened for object with type Alien
2024-07-01T13:18:56.422+01:00  WARN 18604 --- [           main] c.w.v.c.s.a.WeightIncreaseEntityListener : Weight Gain service has been disabled
2024-07-01T13:18:56.423+01:00  INFO 18604 --- [           main] c.w.v.cucumber.space.alien.AlienService  : An alien has been created! Alien(id=339, type=Wookie, fullName=Brian, weight=59, runSpeed=0, height=54)
2024-07-01T13:18:56.579+01:00  INFO 18604 --- [           main] c.w.v.c.s.a.WeightIncreaseEntityListener : Listened for object with type Alien
2024-07-01T13:18:56.579+01:00  WARN 18604 --- [           main] c.w.v.c.s.a.WeightIncreaseEntityListener : Weight Gain service has been disabled
2024-07-01T13:18:56.580+01:00  INFO 18604 --- [           main] c.w.v.cucumber.space.alien.AlienService  : An alien has been created! Alien(id=340, type=Wookie, fullName=Brian, weight=17, runSpeed=0, height=55)
2024-07-01T13:18:56.754+01:00  INFO 18604 --- [           main] c.w.v.c.s.a.WeightIncreaseEntityListener : Listened for object with type Alien
2024-07-01T13:18:56.754+01:00  WARN 18604 --- [           main] c.w.v.c.s.a.WeightIncreaseEntityListener : Weight Gain service has been disabled
2024-07-01T13:18:56.755+01:00  INFO 18604 --- [           main] c.w.v.cucumber.space.alien.AlienService  : An alien has been created! Alien(id=341, type=Wookie, fullName=Brian, weight=81, runSpeed=0, height=50)
2024-07-01T13:18:56.910+01:00  INFO 18604 --- [           main] c.w.v.c.s.a.WeightIncreaseEntityListener : Listened for object with type Alien
2024-07-01T13:18:56.910+01:00  WARN 18604 --- [           main] c.w.v.c.s.a.WeightIncreaseEntityListener : Weight Gain service has been disabled
2024-07-01T13:18:56.911+01:00  INFO 18604 --- [           main] c.w.v.cucumber.space.alien.AlienService  : An alien has been created! Alien(id=342, type=Wookie, fullName=Brian, weight=60, runSpeed=0, height=14)
2024-07-01T13:18:57.068+01:00  INFO 18604 --- [           main] c.w.v.c.s.a.WeightIncreaseEntityListener : Listened for object with type Alien
2024-07-01T13:18:57.068+01:00  WARN 18604 --- [           main] c.w.v.c.s.a.WeightIncreaseEntityListener : Weight Gain service has been disabled
2024-07-01T13:18:57.069+01:00  INFO 18604 --- [           main] c.w.v.cucumber.space.alien.AlienService  : An alien has been created! Alien(id=343, type=Wookie, fullName=Brian, weight=32, runSpeed=0, height=62)
2024-07-01T13:18:57.227+01:00  INFO 18604 --- [           main] c.w.v.c.s.a.WeightIncreaseEntityListener : Listened for object with type Alien
2024-07-01T13:18:57.227+01:00  WARN 18604 --- [           main] c.w.v.c.s.a.WeightIncreaseEntityListener : Weight Gain service has been disabled
2024-07-01T13:18:57.228+01:00  INFO 18604 --- [           main] c.w.v.cucumber.space.alien.AlienService  : An alien has been created! Alien(id=344, type=Wookie, fullName=Brian, weight=22, runSpeed=0, height=62)
2024-07-01T13:18:57.384+01:00  INFO 18604 --- [           main] c.w.v.c.s.a.WeightIncreaseEntityListener : Listened for object with type Alien
2024-07-01T13:18:57.384+01:00  WARN 18604 --- [           main] c.w.v.c.s.a.WeightIncreaseEntityListener : Weight Gain service has been disabled
2024-07-01T13:18:57.385+01:00  INFO 18604 --- [           main] c.w.v.cucumber.space.alien.AlienService  : An alien has been created! Alien(id=345, type=Wookie, fullName=Brian, weight=10, runSpeed=0, height=97)
2024-07-01T13:18:57.542+01:00  INFO 18604 --- [           main] c.w.v.c.s.a.WeightIncreaseEntityListener : Listened for object with type Alien
2024-07-01T13:18:57.542+01:00  WARN 18604 --- [           main] c.w.v.c.s.a.WeightIncreaseEntityListener : Weight Gain service has been disabled
2024-07-01T13:18:57.543+01:00  INFO 18604 --- [           main] c.w.v.cucumber.space.alien.AlienService  : An alien has been created! Alien(id=346, type=Wookie, fullName=Brian, weight=28, runSpeed=0, height=85)
2024-07-01T13:18:57.700+01:00  INFO 18604 --- [           main] c.w.v.c.s.a.WeightIncreaseEntityListener : Listened for object with type Alien
2024-07-01T13:18:57.700+01:00  WARN 18604 --- [           main] c.w.v.c.s.a.WeightIncreaseEntityListener : Weight Gain service has been disabled
2024-07-01T13:18:57.701+01:00  INFO 18604 --- [           main] c.w.v.cucumber.space.alien.AlienService  : An alien has been created! Alien(id=347, type=Wookie, fullName=Brian, weight=14, runSpeed=0, height=32)
2024-07-01T13:18:57.856+01:00  INFO 18604 --- [           main] c.w.v.c.s.a.WeightIncreaseEntityListener : Listened for object with type Alien
2024-07-01T13:18:57.856+01:00  WARN 18604 --- [           main] c.w.v.c.s.a.WeightIncreaseEntityListener : Weight Gain service has been disabled
2024-07-01T13:18:57.857+01:00  INFO 18604 --- [           main] c.w.v.cucumber.space.alien.AlienService  : An alien has been created! Alien(id=348, type=Wookie, fullName=Brian, weight=11, runSpeed=0, height=47)
2024-07-01T13:18:58.015+01:00  INFO 18604 --- [           main] c.w.v.c.s.a.WeightIncreaseEntityListener : Listened for object with type Alien
2024-07-01T13:18:58.015+01:00  WARN 18604 --- [           main] c.w.v.c.s.a.WeightIncreaseEntityListener : Weight Gain service has been disabled
2024-07-01T13:18:58.016+01:00  INFO 18604 --- [           main] c.w.v.cucumber.space.alien.AlienService  : An alien has been created! Alien(id=349, type=Wookie, fullName=Brian, weight=4, runSpeed=0, height=11)
2024-07-01T13:18:58.174+01:00  INFO 18604 --- [           main] c.w.v.c.s.a.WeightIncreaseEntityListener : Listened for object with type Alien
2024-07-01T13:18:58.174+01:00  WARN 18604 --- [           main] c.w.v.c.s.a.WeightIncreaseEntityListener : Weight Gain service has been disabled
2024-07-01T13:18:58.175+01:00  INFO 18604 --- [           main] c.w.v.cucumber.space.alien.AlienService  : An alien has been created! Alien(id=350, type=Wookie, fullName=Brian, weight=5, runSpeed=0, height=15)
2024-07-01T13:18:58.333+01:00  INFO 18604 --- [           main] c.w.v.c.s.a.WeightIncreaseEntityListener : Listened for object with type Alien
2024-07-01T13:18:58.333+01:00  WARN 18604 --- [           main] c.w.v.c.s.a.WeightIncreaseEntityListener : Weight Gain service has been disabled
2024-07-01T13:18:58.334+01:00  INFO 18604 --- [           main] c.w.v.cucumber.space.alien.AlienService  : An alien has been created! Alien(id=351, type=Wookie, fullName=Brian, weight=17, runSpeed=0, height=99)
2024-07-01T13:18:58.491+01:00  INFO 18604 --- [           main] c.w.v.c.s.a.WeightIncreaseEntityListener : Listened for object with type Alien
2024-07-01T13:18:58.491+01:00  WARN 18604 --- [           main] c.w.v.c.s.a.WeightIncreaseEntityListener : Weight Gain service has been disabled
2024-07-01T13:18:58.492+01:00  INFO 18604 --- [           main] c.w.v.cucumber.space.alien.AlienService  : An alien has been created! Alien(id=352, type=Wookie, fullName=Brian, weight=10, runSpeed=0, height=57)
2024-07-01T13:18:58.650+01:00  INFO 18604 --- [           main] c.w.v.c.s.a.WeightIncreaseEntityListener : Listened for object with type Alien
2024-07-01T13:18:58.650+01:00  WARN 18604 --- [           main] c.w.v.c.s.a.WeightIncreaseEntityListener : Weight Gain service has been disabled
2024-07-01T13:18:58.650+01:00  INFO 18604 --- [           main] c.w.v.cucumber.space.alien.AlienService  : An alien has been created! Alien(id=353, type=Wookie, fullName=Brian, weight=59, runSpeed=0, height=14)
2024-07-01T13:18:58.806+01:00  INFO 18604 --- [           main] c.w.v.c.s.a.WeightIncreaseEntityListener : Listened for object with type Alien
2024-07-01T13:18:58.806+01:00  WARN 18604 --- [           main] c.w.v.c.s.a.WeightIncreaseEntityListener : Weight Gain service has been disabled
2024-07-01T13:18:58.807+01:00  INFO 18604 --- [           main] c.w.v.cucumber.space.alien.AlienService  : An alien has been created! Alien(id=354, type=Wookie, fullName=Brian, weight=33, runSpeed=0, height=75)
2024-07-01T13:18:58.960+01:00  INFO 18604 --- [           main] c.w.v.c.s.a.WeightIncreaseEntityListener : Listened for object with type Alien
2024-07-01T13:18:58.960+01:00  WARN 18604 --- [           main] c.w.v.c.s.a.WeightIncreaseEntityListener : Weight Gain service has been disabled
2024-07-01T13:18:58.961+01:00  INFO 18604 --- [           main] c.w.v.cucumber.space.alien.AlienService  : An alien has been created! Alien(id=355, type=Wookie, fullName=Brian, weight=16, runSpeed=0, height=10)
2024-07-01T13:18:59.117+01:00  INFO 18604 --- [           main] c.w.v.c.s.a.WeightIncreaseEntityListener : Listened for object with type Alien
2024-07-01T13:18:59.117+01:00  WARN 18604 --- [           main] c.w.v.c.s.a.WeightIncreaseEntityListener : Weight Gain service has been disabled
2024-07-01T13:18:59.118+01:00  INFO 18604 --- [           main] c.w.v.cucumber.space.alien.AlienService  : An alien has been created! Alien(id=356, type=Wookie, fullName=Brian, weight=32, runSpeed=0, height=74)
2024-07-01T13:18:59.275+01:00  INFO 18604 --- [           main] c.w.v.c.s.a.WeightIncreaseEntityListener : Listened for object with type Alien
2024-07-01T13:18:59.275+01:00  WARN 18604 --- [           main] c.w.v.c.s.a.WeightIncreaseEntityListener : Weight Gain service has been disabled
2024-07-01T13:18:59.276+01:00  INFO 18604 --- [           main] c.w.v.cucumber.space.alien.AlienService  : An alien has been created! Alien(id=357, type=Wookie, fullName=Brian, weight=37, runSpeed=0, height=39)
2024-07-01T13:18:59.433+01:00  INFO 18604 --- [           main] c.w.v.c.s.a.WeightIncreaseEntityListener : Listened for object with type Alien
2024-07-01T13:18:59.433+01:00  WARN 18604 --- [           main] c.w.v.c.s.a.WeightIncreaseEntityListener : Weight Gain service has been disabled
2024-07-01T13:18:59.434+01:00  INFO 18604 --- [           main] c.w.v.cucumber.space.alien.AlienService  : An alien has been created! Alien(id=358, type=Wookie, fullName=Brian, weight=17, runSpeed=0, height=7)
2024-07-01T13:18:59.589+01:00  INFO 18604 --- [           main] c.w.v.c.s.a.WeightIncreaseEntityListener : Listened for object with type Alien
2024-07-01T13:18:59.589+01:00  WARN 18604 --- [           main] c.w.v.c.s.a.WeightIncreaseEntityListener : Weight Gain service has been disabled
2024-07-01T13:18:59.590+01:00  INFO 18604 --- [           main] c.w.v.cucumber.space.alien.AlienService  : An alien has been created! Alien(id=359, type=Wookie, fullName=Brian, weight=23, runSpeed=0, height=42)
2024-07-01T13:18:59.743+01:00  INFO 18604 --- [           main] c.w.v.c.s.a.WeightIncreaseEntityListener : Listened for object with type Alien
2024-07-01T13:18:59.743+01:00  WARN 18604 --- [           main] c.w.v.c.s.a.WeightIncreaseEntityListener : Weight Gain service has been disabled
2024-07-01T13:18:59.743+01:00  INFO 18604 --- [           main] c.w.v.cucumber.space.alien.AlienService  : An alien has been created! Alien(id=360, type=Wookie, fullName=Brian, weight=76, runSpeed=0, height=69)
  &amp#27;[32mWhen &amp#27;[0m&amp#27;[32mCreate &amp#27;[0m&amp#27;[32m&amp#27;[1m50&amp#27;[0m&amp#27;[32m alien with name &amp#27;[0m&amp#27;[32m&amp#27;[1m"Brian"&amp#27;[0m&amp#27;[32m and type &amp#27;[0m&amp#27;[32m&amp#27;[1m"Wookie"&amp#27;[0m     &amp#27;[90m# code.with.vanilson.cucumber.glue.CucumberAlienSteps.whenClientCalls(int,java.lang.String,java.lang.String)&amp#27;[0m
  &amp#27;[32mThen &amp#27;[0m&amp#27;[32mTotal number of aliens with type &amp#27;[0m&amp#27;[32m&amp#27;[1m"Wookie"&amp#27;[0m&amp#27;[32m should be &amp#27;[0m&amp#27;[32m&amp#27;[1m50&amp#27;[0m  &amp#27;[90m# code.with.vanilson.cucumber.glue.CucumberAlienSteps.totalNumberOfAliensWithTypeShouldBe(java.lang.String,int)&amp#27;[0m
2024-07-01T13:18:59.900+01:00  INFO 18604 --- [           main] c.w.v.c.s.a.WeightIncreaseEntityListener : Listened for object with type Alien
2024-07-01T13:18:59.900+01:00  WARN 18604 --- [           main] c.w.v.c.s.a.WeightIncreaseEntityListener : Weight Gain service has been disabled
2024-07-01T13:18:59.901+01:00  INFO 18604 --- [           main] c.w.v.cucumber.space.alien.AlienService  : An alien has been created! Alien(id=361, type=Wookie, fullName=Anna, weight=89, runSpeed=0, height=61)
2024-07-01T13:19:00.057+01:00  INFO 18604 --- [           main] c.w.v.c.s.a.WeightIncreaseEntityListener : Listened for object with type Alien
2024-07-01T13:19:00.057+01:00  WARN 18604 --- [           main] c.w.v.c.s.a.WeightIncreaseEntityListener : Weight Gain service has been disabled
2024-07-01T13:19:00.058+01:00  INFO 18604 --- [           main] c.w.v.cucumber.space.alien.AlienService  : An alien has been created! Alien(id=362, type=Wookie, fullName=Anna, weight=45, runSpeed=0, height=71)
2024-07-01T13:19:00.216+01:00  INFO 18604 --- [           main] c.w.v.c.s.a.WeightIncreaseEntityListener : Listened for object with type Alien
2024-07-01T13:19:00.216+01:00  WARN 18604 --- [           main] c.w.v.c.s.a.WeightIncreaseEntityListener : Weight Gain service has been disabled
2024-07-01T13:19:00.216+01:00  INFO 18604 --- [           main] c.w.v.cucumber.space.alien.AlienService  : An alien has been created! Alien(id=363, type=Wookie, fullName=Anna, weight=8, runSpeed=0, height=94)
2024-07-01T13:19:00.371+01:00  INFO 18604 --- [           main] c.w.v.c.s.a.WeightIncreaseEntityListener : Listened for object with type Alien
2024-07-01T13:19:00.371+01:00  WARN 18604 --- [           main] c.w.v.c.s.a.WeightIncreaseEntityListener : Weight Gain service has been disabled
2024-07-01T13:19:00.371+01:00  INFO 18604 --- [           main] c.w.v.cucumber.space.alien.AlienService  : An alien has been created! Alien(id=364, type=Wookie, fullName=Anna, weight=80, runSpeed=0, height=11)
2024-07-01T13:19:00.529+01:00  INFO 18604 --- [           main] c.w.v.c.s.a.WeightIncreaseEntityListener : Listened for object with type Alien
2024-07-01T13:19:00.529+01:00  WARN 18604 --- [           main] c.w.v.c.s.a.WeightIncreaseEntityListener : Weight Gain service has been disabled
2024-07-01T13:19:00.530+01:00  INFO 18604 --- [           main] c.w.v.cucumber.space.alien.AlienService  : An alien has been created! Alien(id=365, type=Wookie, fullName=Anna, weight=86, runSpeed=0, height=82)
2024-07-01T13:19:00.685+01:00  INFO 18604 --- [           main] c.w.v.c.s.a.WeightIncreaseEntityListener : Listened for object with type Alien
2024-07-01T13:19:00.685+01:00  WARN 18604 --- [           main] c.w.v.c.s.a.WeightIncreaseEntityListener : Weight Gain service has been disabled
2024-07-01T13:19:00.685+01:00  INFO 18604 --- [           main] c.w.v.cucumber.space.alien.AlienService  : An alien has been created! Alien(id=366, type=Wookie, fullName=Anna, weight=24, runSpeed=0, height=29)
2024-07-01T13:19:00.843+01:00  INFO 18604 --- [           main] c.w.v.c.s.a.WeightIncreaseEntityListener : Listened for object with type Alien
2024-07-01T13:19:00.843+01:00  WARN 18604 --- [           main] c.w.v.c.s.a.WeightIncreaseEntityListener : Weight Gain service has been disabled
2024-07-01T13:19:00.845+01:00  INFO 18604 --- [           main] c.w.v.cucumber.space.alien.AlienService  : An alien has been created! Alien(id=367, type=Wookie, fullName=Anna, weight=81, runSpeed=0, height=61)
2024-07-01T13:19:01.002+01:00  INFO 18604 --- [           main] c.w.v.c.s.a.WeightIncreaseEntityListener : Listened for object with type Alien
2024-07-01T13:19:01.002+01:00  WARN 18604 --- [           main] c.w.v.c.s.a.WeightIncreaseEntityListener : Weight Gain service has been disabled
2024-07-01T13:19:01.003+01:00  INFO 18604 --- [           main] c.w.v.cucumber.space.alien.AlienService  : An alien has been created! Alien(id=368, type=Wookie, fullName=Anna, weight=22, runSpeed=0, height=58)
2024-07-01T13:19:01.158+01:00  INFO 18604 --- [           main] c.w.v.c.s.a.WeightIncreaseEntityListener : Listened for object with type Alien
2024-07-01T13:19:01.158+01:00  WARN 18604 --- [           main] c.w.v.c.s.a.WeightIncreaseEntityListener : Weight Gain service has been disabled
2024-07-01T13:19:01.159+01:00  INFO 18604 --- [           main] c.w.v.cucumber.space.alien.AlienService  : An alien has been created! Alien(id=369, type=Wookie, fullName=Anna, weight=52, runSpeed=0, height=93)
2024-07-01T13:19:01.315+01:00  INFO 18604 --- [           main] c.w.v.c.s.a.WeightIncreaseEntityListener : Listened for object with type Alien
2024-07-01T13:19:01.315+01:00  WARN 18604 --- [           main] c.w.v.c.s.a.WeightIncreaseEntityListener : Weight Gain service has been disabled
2024-07-01T13:19:01.315+01:00  INFO 18604 --- [           main] c.w.v.cucumber.space.alien.AlienService  : An alien has been created! Alien(id=370, type=Wookie, fullName=Anna, weight=61, runSpeed=0, height=14)
2024-07-01T13:19:01.473+01:00  INFO 18604 --- [           main] c.w.v.c.s.a.WeightIncreaseEntityListener : Listened for object with type Alien
2024-07-01T13:19:01.473+01:00  WARN 18604 --- [           main] c.w.v.c.s.a.WeightIncreaseEntityListener : Weight Gain service has been disabled
2024-07-01T13:19:01.474+01:00  INFO 18604 --- [           main] c.w.v.cucumber.space.alien.AlienService  : An alien has been created! Alien(id=371, type=Wookie, fullName=Anna, weight=16, runSpeed=0, height=93)
2024-07-01T13:19:01.631+01:00  INFO 18604 --- [           main] c.w.v.c.s.a.WeightIncreaseEntityListener : Listened for object with type Alien
2024-07-01T13:19:01.632+01:00  WARN 18604 --- [           main] c.w.v.c.s.a.WeightIncreaseEntityListener : Weight Gain service has been disabled
2024-07-01T13:19:01.632+01:00  INFO 18604 --- [           main] c.w.v.cucumber.space.alien.AlienService  : An alien has been created! Alien(id=372, type=Wookie, fullName=Anna, weight=12, runSpeed=0, height=32)
2024-07-01T13:19:01.787+01:00  INFO 18604 --- [           main] c.w.v.c.s.a.WeightIncreaseEntityListener : Listened for object with type Alien
2024-07-01T13:19:01.787+01:00  WARN 18604 --- [           main] c.w.v.c.s.a.WeightIncreaseEntityListener : Weight Gain service has been disabled
2024-07-01T13:19:01.788+01:00  INFO 18604 --- [           main] c.w.v.cucumber.space.alien.AlienService  : An alien has been created! Alien(id=373, type=Wookie, fullName=Anna, weight=91, runSpeed=0, height=97)
2024-07-01T13:19:01.946+01:00  INFO 18604 --- [           main] c.w.v.c.s.a.WeightIncreaseEntityListener : Listened for object with type Alien
2024-07-01T13:19:01.946+01:00  WARN 18604 --- [           main] c.w.v.c.s.a.WeightIncreaseEntityListener : Weight Gain service has been disabled
2024-07-01T13:19:01.946+01:00  INFO 18604 --- [           main] c.w.v.cucumber.space.alien.AlienService  : An alien has been created! Alien(id=374, type=Wookie, fullName=Anna, weight=9, runSpeed=0, height=66)
2024-07-01T13:19:02.102+01:00  INFO 18604 --- [           main] c.w.v.c.s.a.WeightIncreaseEntityListener : Listened for object with type Alien
2024-07-01T13:19:02.102+01:00  WARN 18604 --- [           main] c.w.v.c.s.a.WeightIncreaseEntityListener : Weight Gain service has been disabled
2024-07-01T13:19:02.103+01:00  INFO 18604 --- [           main] c.w.v.cucumber.space.alien.AlienService  : An alien has been created! Alien(id=375, type=Wookie, fullName=Anna, weight=58, runSpeed=0, height=60)
2024-07-01T13:19:02.260+01:00  INFO 18604 --- [           main] c.w.v.c.s.a.WeightIncreaseEntityListener : Listened for object with type Alien
2024-07-01T13:19:02.260+01:00  WARN 18604 --- [           main] c.w.v.c.s.a.WeightIncreaseEntityListener : Weight Gain service has been disabled
2024-07-01T13:19:02.261+01:00  INFO 18604 --- [           main] c.w.v.cucumber.space.alien.AlienService  : An alien has been created! Alien(id=376, type=Wookie, fullName=Anna, weight=35, runSpeed=0, height=74)
2024-07-01T13:19:02.414+01:00  INFO 18604 --- [           main] c.w.v.c.s.a.WeightIncreaseEntityListener : Listened for object with type Alien
2024-07-01T13:19:02.414+01:00  WARN 18604 --- [           main] c.w.v.c.s.a.WeightIncreaseEntityListener : Weight Gain service has been disabled
2024-07-01T13:19:02.415+01:00  INFO 18604 --- [           main] c.w.v.cucumber.space.alien.AlienService  : An alien has been created! Alien(id=377, type=Wookie, fullName=Anna, weight=5, runSpeed=0, height=60)
2024-07-01T13:19:02.573+01:00  INFO 18604 --- [           main] c.w.v.c.s.a.WeightIncreaseEntityListener : Listened for object with type Alien
2024-07-01T13:19:02.573+01:00  WARN 18604 --- [           main] c.w.v.c.s.a.WeightIncreaseEntityListener : Weight Gain service has been disabled
2024-07-01T13:19:02.574+01:00  INFO 18604 --- [           main] c.w.v.cucumber.space.alien.AlienService  : An alien has been created! Alien(id=378, type=Wookie, fullName=Anna, weight=22, runSpeed=0, height=52)
2024-07-01T13:19:02.728+01:00  INFO 18604 --- [           main] c.w.v.c.s.a.WeightIncreaseEntityListener : Listened for object with type Alien
2024-07-01T13:19:02.728+01:00  WARN 18604 --- [           main] c.w.v.c.s.a.WeightIncreaseEntityListener : Weight Gain service has been disabled
2024-07-01T13:19:02.729+01:00  INFO 18604 --- [           main] c.w.v.cucumber.space.alien.AlienService  : An alien has been created! Alien(id=379, type=Wookie, fullName=Anna, weight=55, runSpeed=0, height=57)
2024-07-01T13:19:02.886+01:00  INFO 18604 --- [           main] c.w.v.c.s.a.WeightIncreaseEntityListener : Listened for object with type Alien
2024-07-01T13:19:02.886+01:00  WARN 18604 --- [           main] c.w.v.c.s.a.WeightIncreaseEntityListener : Weight Gain service has been disabled
2024-07-01T13:19:02.887+01:00  INFO 18604 --- [           main] c.w.v.cucumber.space.alien.AlienService  : An alien has been created! Alien(id=380, type=Wookie, fullName=Anna, weight=80, runSpeed=0, height=99)
2024-07-01T13:19:03.043+01:00  INFO 18604 --- [           main] c.w.v.c.s.a.WeightIncreaseEntityListener : Listened for object with type Alien
2024-07-01T13:19:03.043+01:00  WARN 18604 --- [           main] c.w.v.c.s.a.WeightIncreaseEntityListener : Weight Gain service has been disabled
2024-07-01T13:19:03.044+01:00  INFO 18604 --- [           main] c.w.v.cucumber.space.alien.AlienService  : An alien has been created! Alien(id=381, type=Wookie, fullName=Anna, weight=1, runSpeed=0, height=89)
2024-07-01T13:19:03.200+01:00  INFO 18604 --- [           main] c.w.v.c.s.a.WeightIncreaseEntityListener : Listened for object with type Alien
2024-07-01T13:19:03.200+01:00  WARN 18604 --- [           main] c.w.v.c.s.a.WeightIncreaseEntityListener : Weight Gain service has been disabled
2024-07-01T13:19:03.201+01:00  INFO 18604 --- [           main] c.w.v.cucumber.space.alien.AlienService  : An alien has been created! Alien(id=382, type=Wookie, fullName=Anna, weight=60, runSpeed=0, height=99)
2024-07-01T13:19:03.356+01:00  INFO 18604 --- [           main] c.w.v.c.s.a.WeightIncreaseEntityListener : Listened for object with type Alien
2024-07-01T13:19:03.356+01:00  WARN 18604 --- [           main] c.w.v.c.s.a.WeightIncreaseEntityListener : Weight Gain service has been disabled
2024-07-01T13:19:03.357+01:00  INFO 18604 --- [           main] c.w.v.cucumber.space.alien.AlienService  : An alien has been created! Alien(id=383, type=Wookie, fullName=Anna, weight=52, runSpeed=0, height=5)
2024-07-01T13:19:03.516+01:00  INFO 18604 --- [           main] c.w.v.c.s.a.WeightIncreaseEntityListener : Listened for object with type Alien
2024-07-01T13:19:03.516+01:00  WARN 18604 --- [           main] c.w.v.c.s.a.WeightIncreaseEntityListener : Weight Gain service has been disabled
2024-07-01T13:19:03.517+01:00  INFO 18604 --- [           main] c.w.v.cucumber.space.alien.AlienService  : An alien has been created! Alien(id=384, type=Wookie, fullName=Anna, weight=70, runSpeed=0, height=35)
2024-07-01T13:19:03.670+01:00  INFO 18604 --- [           main] c.w.v.c.s.a.WeightIncreaseEntityListener : Listened for object with type Alien
2024-07-01T13:19:03.670+01:00  WARN 18604 --- [           main] c.w.v.c.s.a.WeightIncreaseEntityListener : Weight Gain service has been disabled
2024-07-01T13:19:03.671+01:00  INFO 18604 --- [           main] c.w.v.cucumber.space.alien.AlienService  : An alien has been created! Alien(id=385, type=Wookie, fullName=Anna, weight=46, runSpeed=0, height=19)
2024-07-01T13:19:03.826+01:00  INFO 18604 --- [           main] c.w.v.c.s.a.WeightIncreaseEntityListener : Listened for object with type Alien
2024-07-01T13:19:03.826+01:00  WARN 18604 --- [           main] c.w.v.c.s.a.WeightIncreaseEntityListener : Weight Gain service has been disabled
2024-07-01T13:19:03.827+01:00  INFO 18604 --- [           main] c.w.v.cucumber.space.alien.AlienService  : An alien has been created! Alien(id=386, type=Wookie, fullName=Anna, weight=21, runSpeed=0, height=57)
2024-07-01T13:19:03.984+01:00  INFO 18604 --- [           main] c.w.v.c.s.a.WeightIncreaseEntityListener : Listened for object with type Alien
2024-07-01T13:19:03.984+01:00  WARN 18604 --- [           main] c.w.v.c.s.a.WeightIncreaseEntityListener : Weight Gain service has been disabled
2024-07-01T13:19:03.985+01:00  INFO 18604 --- [           main] c.w.v.cucumber.space.alien.AlienService  : An alien has been created! Alien(id=387, type=Wookie, fullName=Anna, weight=8, runSpeed=0, height=84)
2024-07-01T13:19:04.142+01:00  INFO 18604 --- [           main] c.w.v.c.s.a.WeightIncreaseEntityListener : Listened for object with type Alien
2024-07-01T13:19:04.142+01:00  WARN 18604 --- [           main] c.w.v.c.s.a.WeightIncreaseEntityListener : Weight Gain service has been disabled
2024-07-01T13:19:04.143+01:00  INFO 18604 --- [           main] c.w.v.cucumber.space.alien.AlienService  : An alien has been created! Alien(id=388, type=Wookie, fullName=Anna, weight=5, runSpeed=0, height=45)
2024-07-01T13:19:04.301+01:00  INFO 18604 --- [           main] c.w.v.c.s.a.WeightIncreaseEntityListener : Listened for object with type Alien
2024-07-01T13:19:04.301+01:00  WARN 18604 --- [           main] c.w.v.c.s.a.WeightIncreaseEntityListener : Weight Gain service has been disabled
2024-07-01T13:19:04.302+01:00  INFO 18604 --- [           main] c.w.v.cucumber.space.alien.AlienService  : An alien has been created! Alien(id=389, type=Wookie, fullName=Anna, weight=85, runSpeed=0, height=8)
2024-07-01T13:19:04.458+01:00  INFO 18604 --- [           main] c.w.v.c.s.a.WeightIncreaseEntityListener : Listened for object with type Alien
2024-07-01T13:19:04.458+01:00  WARN 18604 --- [           main] c.w.v.c.s.a.WeightIncreaseEntityListener : Weight Gain service has been disabled
2024-07-01T13:19:04.459+01:00  INFO 18604 --- [           main] c.w.v.cucumber.space.alien.AlienService  : An alien has been created! Alien(id=390, type=Wookie, fullName=Anna, weight=61, runSpeed=0, height=73)
2024-07-01T13:19:04.615+01:00  INFO 18604 --- [           main] c.w.v.c.s.a.WeightIncreaseEntityListener : Listened for object with type Alien
2024-07-01T13:19:04.615+01:00  WARN 18604 --- [           main] c.w.v.c.s.a.WeightIncreaseEntityListener : Weight Gain service has been disabled
2024-07-01T13:19:04.616+01:00  INFO 18604 --- [           main] c.w.v.cucumber.space.alien.AlienService  : An alien has been created! Alien(id=391, type=Wookie, fullName=Anna, weight=51, runSpeed=0, height=37)
2024-07-01T13:19:04.772+01:00  INFO 18604 --- [           main] c.w.v.c.s.a.WeightIncreaseEntityListener : Listened for object with type Alien
2024-07-01T13:19:04.772+01:00  WARN 18604 --- [           main] c.w.v.c.s.a.WeightIncreaseEntityListener : Weight Gain service has been disabled
2024-07-01T13:19:04.772+01:00  INFO 18604 --- [           main] c.w.v.cucumber.space.alien.AlienService  : An alien has been created! Alien(id=392, type=Wookie, fullName=Anna, weight=25, runSpeed=0, height=26)
2024-07-01T13:19:04.929+01:00  INFO 18604 --- [           main] c.w.v.c.s.a.WeightIncreaseEntityListener : Listened for object with type Alien
2024-07-01T13:19:04.929+01:00  WARN 18604 --- [           main] c.w.v.c.s.a.WeightIncreaseEntityListener : Weight Gain service has been disabled
2024-07-01T13:19:04.930+01:00  INFO 18604 --- [           main] c.w.v.cucumber.space.alien.AlienService  : An alien has been created! Alien(id=393, type=Wookie, fullName=Anna, weight=78, runSpeed=0, height=10)
2024-07-01T13:19:05.085+01:00  INFO 18604 --- [           main] c.w.v.c.s.a.WeightIncreaseEntityListener : Listened for object with type Alien
2024-07-01T13:19:05.085+01:00  WARN 18604 --- [           main] c.w.v.c.s.a.WeightIncreaseEntityListener : Weight Gain service has been disabled
2024-07-01T13:19:05.086+01:00  INFO 18604 --- [           main] c.w.v.cucumber.space.alien.AlienService  : An alien has been created! Alien(id=394, type=Wookie, fullName=Anna, weight=8, runSpeed=0, height=30)
2024-07-01T13:19:05.243+01:00  INFO 18604 --- [           main] c.w.v.c.s.a.WeightIncreaseEntityListener : Listened for object with type Alien
2024-07-01T13:19:05.243+01:00  WARN 18604 --- [           main] c.w.v.c.s.a.WeightIncreaseEntityListener : Weight Gain service has been disabled
2024-07-01T13:19:05.244+01:00  INFO 18604 --- [           main] c.w.v.cucumber.space.alien.AlienService  : An alien has been created! Alien(id=395, type=Wookie, fullName=Anna, weight=19, runSpeed=0, height=52)
2024-07-01T13:19:05.402+01:00  INFO 18604 --- [           main] c.w.v.c.s.a.WeightIncreaseEntityListener : Listened for object with type Alien
2024-07-01T13:19:05.402+01:00  WARN 18604 --- [           main] c.w.v.c.s.a.WeightIncreaseEntityListener : Weight Gain service has been disabled
2024-07-01T13:19:05.403+01:00  INFO 18604 --- [           main] c.w.v.cucumber.space.alien.AlienService  : An alien has been created! Alien(id=396, type=Wookie, fullName=Anna, weight=35, runSpeed=0, height=99)
2024-07-01T13:19:05.560+01:00  INFO 18604 --- [           main] c.w.v.c.s.a.WeightIncreaseEntityListener : Listened for object with type Alien
2024-07-01T13:19:05.560+01:00  WARN 18604 --- [           main] c.w.v.c.s.a.WeightIncreaseEntityListener : Weight Gain service has been disabled
2024-07-01T13:19:05.560+01:00  INFO 18604 --- [           main] c.w.v.cucumber.space.alien.AlienService  : An alien has been created! Alien(id=397, type=Wookie, fullName=Anna, weight=34, runSpeed=0, height=19)
2024-07-01T13:19:05.716+01:00  INFO 18604 --- [           main] c.w.v.c.s.a.WeightIncreaseEntityListener : Listened for object with type Alien
2024-07-01T13:19:05.716+01:00  WARN 18604 --- [           main] c.w.v.c.s.a.WeightIncreaseEntityListener : Weight Gain service has been disabled
2024-07-01T13:19:05.717+01:00  INFO 18604 --- [           main] c.w.v.cucumber.space.alien.AlienService  : An alien has been created! Alien(id=398, type=Wookie, fullName=Anna, weight=95, runSpeed=0, height=11)
2024-07-01T13:19:05.873+01:00  INFO 18604 --- [           main] c.w.v.c.s.a.WeightIncreaseEntityListener : Listened for object with type Alien
2024-07-01T13:19:05.873+01:00  WARN 18604 --- [           main] c.w.v.c.s.a.WeightIncreaseEntityListener : Weight Gain service has been disabled
2024-07-01T13:19:05.874+01:00  INFO 18604 --- [           main] c.w.v.cucumber.space.alien.AlienService  : An alien has been created! Alien(id=399, type=Wookie, fullName=Anna, weight=54, runSpeed=0, height=32)
2024-07-01T13:19:06.030+01:00  INFO 18604 --- [           main] c.w.v.c.s.a.WeightIncreaseEntityListener : Listened for object with type Alien
2024-07-01T13:19:06.030+01:00  WARN 18604 --- [           main] c.w.v.c.s.a.WeightIncreaseEntityListener : Weight Gain service has been disabled
2024-07-01T13:19:06.031+01:00  INFO 18604 --- [           main] c.w.v.cucumber.space.alien.AlienService  : An alien has been created! Alien(id=400, type=Wookie, fullName=Anna, weight=48, runSpeed=0, height=0)
2024-07-01T13:19:06.185+01:00  INFO 18604 --- [           main] c.w.v.c.s.a.WeightIncreaseEntityListener : Listened for object with type Alien
2024-07-01T13:19:06.185+01:00  WARN 18604 --- [           main] c.w.v.c.s.a.WeightIncreaseEntityListener : Weight Gain service has been disabled
2024-07-01T13:19:06.186+01:00  INFO 18604 --- [           main] c.w.v.cucumber.space.alien.AlienService  : An alien has been created! Alien(id=401, type=Wookie, fullName=Anna, weight=15, runSpeed=0, height=35)
2024-07-01T13:19:06.344+01:00  INFO 18604 --- [           main] c.w.v.c.s.a.WeightIncreaseEntityListener : Listened for object with type Alien
2024-07-01T13:19:06.344+01:00  WARN 18604 --- [           main] c.w.v.c.s.a.WeightIncreaseEntityListener : Weight Gain service has been disabled
2024-07-01T13:19:06.345+01:00  INFO 18604 --- [           main] c.w.v.cucumber.space.alien.AlienService  : An alien has been created! Alien(id=402, type=Wookie, fullName=Anna, weight=66, runSpeed=0, height=75)
2024-07-01T13:19:06.503+01:00  INFO 18604 --- [           main] c.w.v.c.s.a.WeightIncreaseEntityListener : Listened for object with type Alien
2024-07-01T13:19:06.503+01:00  WARN 18604 --- [           main] c.w.v.c.s.a.WeightIncreaseEntityListener : Weight Gain service has been disabled
2024-07-01T13:19:06.504+01:00  INFO 18604 --- [           main] c.w.v.cucumber.space.alien.AlienService  : An alien has been created! Alien(id=403, type=Wookie, fullName=Anna, weight=93, runSpeed=0, height=66)
2024-07-01T13:19:06.661+01:00  INFO 18604 --- [           main] c.w.v.c.s.a.WeightIncreaseEntityListener : Listened for object with type Alien
2024-07-01T13:19:06.661+01:00  WARN 18604 --- [           main] c.w.v.c.s.a.WeightIncreaseEntityListener : Weight Gain service has been disabled
2024-07-01T13:19:06.662+01:00  INFO 18604 --- [           main] c.w.v.cucumber.space.alien.AlienService  : An alien has been created! Alien(id=404, type=Wookie, fullName=Anna, weight=18, runSpeed=0, height=47)
2024-07-01T13:19:06.820+01:00  INFO 18604 --- [           main] c.w.v.c.s.a.WeightIncreaseEntityListener : Listened for object with type Alien
2024-07-01T13:19:06.820+01:00  WARN 18604 --- [           main] c.w.v.c.s.a.WeightIncreaseEntityListener : Weight Gain service has been disabled
2024-07-01T13:19:06.821+01:00  INFO 18604 --- [           main] c.w.v.cucumber.space.alien.AlienService  : An alien has been created! Alien(id=405, type=Wookie, fullName=Anna, weight=88, runSpeed=0, height=73)
2024-07-01T13:19:06.978+01:00  INFO 18604 --- [           main] c.w.v.c.s.a.WeightIncreaseEntityListener : Listened for object with type Alien
2024-07-01T13:19:06.978+01:00  WARN 18604 --- [           main] c.w.v.c.s.a.WeightIncreaseEntityListener : Weight Gain service has been disabled
2024-07-01T13:19:06.979+01:00  INFO 18604 --- [           main] c.w.v.cucumber.space.alien.AlienService  : An alien has been created! Alien(id=406, type=Wookie, fullName=Anna, weight=77, runSpeed=0, height=4)
2024-07-01T13:19:07.134+01:00  INFO 18604 --- [           main] c.w.v.c.s.a.WeightIncreaseEntityListener : Listened for object with type Alien
2024-07-01T13:19:07.134+01:00  WARN 18604 --- [           main] c.w.v.c.s.a.WeightIncreaseEntityListener : Weight Gain service has been disabled
2024-07-01T13:19:07.135+01:00  INFO 18604 --- [           main] c.w.v.cucumber.space.alien.AlienService  : An alien has been created! Alien(id=407, type=Wookie, fullName=Anna, weight=87, runSpeed=0, height=52)
2024-07-01T13:19:07.290+01:00  INFO 18604 --- [           main] c.w.v.c.s.a.WeightIncreaseEntityListener : Listened for object with type Alien
2024-07-01T13:19:07.290+01:00  WARN 18604 --- [           main] c.w.v.c.s.a.WeightIncreaseEntityListener : Weight Gain service has been disabled
2024-07-01T13:19:07.291+01:00  INFO 18604 --- [           main] c.w.v.cucumber.space.alien.AlienService  : An alien has been created! Alien(id=408, type=Wookie, fullName=Anna, weight=26, runSpeed=0, height=15)
2024-07-01T13:19:07.448+01:00  INFO 18604 --- [           main] c.w.v.c.s.a.WeightIncreaseEntityListener : Listened for object with type Alien
2024-07-01T13:19:07.448+01:00  WARN 18604 --- [           main] c.w.v.c.s.a.WeightIncreaseEntityListener : Weight Gain service has been disabled
2024-07-01T13:19:07.449+01:00  INFO 18604 --- [           main] c.w.v.cucumber.space.alien.AlienService  : An alien has been created! Alien(id=409, type=Wookie, fullName=Anna, weight=8, runSpeed=0, height=15)
2024-07-01T13:19:07.605+01:00  INFO 18604 --- [           main] c.w.v.c.s.a.WeightIncreaseEntityListener : Listened for object with type Alien
2024-07-01T13:19:07.605+01:00  WARN 18604 --- [           main] c.w.v.c.s.a.WeightIncreaseEntityListener : Weight Gain service has been disabled
2024-07-01T13:19:07.606+01:00  INFO 18604 --- [           main] c.w.v.cucumber.space.alien.AlienService  : An alien has been created! Alien(id=410, type=Wookie, fullName=Anna, weight=87, runSpeed=0, height=29)
  &amp#27;[32mWhen &amp#27;[0m&amp#27;[32mCreate &amp#27;[0m&amp#27;[32m&amp#27;[1m50&amp#27;[0m&amp#27;[32m alien with name &amp#27;[0m&amp#27;[32m&amp#27;[1m"Anna"&amp#27;[0m&amp#27;[32m and type &amp#27;[0m&amp#27;[32m&amp#27;[1m"Wookie"&amp#27;[0m      &amp#27;[90m# code.with.vanilson.cucumber.glue.CucumberAlienSteps.whenClientCalls(int,java.lang.String,java.lang.String)&amp#27;[0m
  &amp#27;[32mThen &amp#27;[0m&amp#27;[32mTotal number of aliens with type &amp#27;[0m&amp#27;[32m&amp#27;[1m"Wookie"&amp#27;[0m&amp#27;[32m should be &amp#27;[0m&amp#27;[32m&amp#27;[1m100&amp#27;[0m &amp#27;[90m# code.with.vanilson.cucumber.glue.CucumberAlienSteps.totalNumberOfAliensWithTypeShouldBe(java.lang.String,int)&amp#27;[0m
]]></system-out>
  </testcase>
  <testcase name="Checking Account Balance after Deposit" classname="Bank Check Balance" time="0.024">
    <system-out><![CDATA[2024-07-01T13:19:07.615+01:00  INFO 18604 --- [           main] t.c.s.AnnotationConfigContextLoaderUtils : Could not detect default configuration classes for test class [code.with.vanilson.cucumber.config.CucumberSpringConfiguration]: CucumberSpringConfiguration does not declare any static, non-private, non-final, nested classes annotated with @Configuration.
2024-07-01T13:19:07.616+01:00  INFO 18604 --- [           main] .b.t.c.SpringBootTestContextBootstrapper : Found @SpringBootConfiguration code.with.vanilson.cucumber.DemoCucumberApplication for test class code.with.vanilson.cucumber.config.CucumberSpringConfiguration

Scenario: Checking Account Balance after Deposit &amp#27;[90m# features/bank/bank.feature:3&amp#27;[0m
  &amp#27;[32mGiven &amp#27;[0m&amp#27;[32mmy checking account has balance of $&amp#27;[0m&amp#27;[32m&amp#27;[1m500&amp#27;[0m  &amp#27;[90m# code.with.vanilson.cucumber.glue.BankStepdefs.myCheckingAccountHasBalanceOf$(int)&amp#27;[0m
  &amp#27;[32mAnd &amp#27;[0m&amp#27;[32mI have recently made a deposit of $&amp#27;[0m&amp#27;[32m&amp#27;[1m100&amp#27;[0m     &amp#27;[90m# code.with.vanilson.cucumber.glue.BankStepdefs.iHaveRecentlyMadeADepositOf$(int)&amp#27;[0m
  &amp#27;[32mWhen &amp#27;[0m&amp#27;[32mI check my account balance&amp#27;[0m                &amp#27;[90m# code.with.vanilson.cucumber.glue.BankStepdefs.iCheckMyAccountBalance()&amp#27;[0m
  &amp#27;[32mThen &amp#27;[0m&amp#27;[32mI should see $&amp#27;[0m&amp#27;[32m&amp#27;[1m600&amp#27;[0m&amp#27;[32m as the balance&amp#27;[0m          &amp#27;[90m# code.with.vanilson.cucumber.glue.BankStepdefs.iShouldSee$AsTheBalance(int)&amp#27;[0m
  &amp#27;[32mBut &amp#27;[0m&amp#27;[32mthere is an overdraft fee of $&amp#27;[0m&amp#27;[32m&amp#27;[1m50&amp#27;[0m           &amp#27;[90m# code.with.vanilson.cucumber.glue.BankStepdefs.thereIsAnOverdraftFeeOf$(int)&amp#27;[0m
  &amp#27;[32mAnd &amp#27;[0m&amp#27;[32mthe available balances should be $&amp#27;[0m&amp#27;[32m&amp#27;[1m550&amp#27;[0m      &amp#27;[90m# code.with.vanilson.cucumber.glue.BankStepdefs.theAvailableBalancesShouldBe$(int)&amp#27;[0m
]]></system-out>
  </testcase>
  <testcase name="Call backend with last countdown number" classname="Countdown to launch should work" time="0.323">
    <system-out><![CDATA[2024-07-01T13:19:07.640+01:00  INFO 18604 --- [           main] t.c.s.AnnotationConfigContextLoaderUtils : Could not detect default configuration classes for test class [code.with.vanilson.cucumber.config.CucumberSpringConfiguration]: CucumberSpringConfiguration does not declare any static, non-private, non-final, nested classes annotated with @Configuration.
2024-07-01T13:19:07.641+01:00  INFO 18604 --- [           main] .b.t.c.SpringBootTestContextBootstrapper : Found @SpringBootConfiguration code.with.vanilson.cucumber.DemoCucumberApplication for test class code.with.vanilson.cucumber.config.CucumberSpringConfiguration

Scenario: Call backend with last countdown number    &amp#27;[90m# features/count-down/CountDown.feature:3&amp#27;[0m
2024-07-01T13:19:07.847+01:00  INFO 18604 --- [o-auto-1-exec-1] o.a.c.c.C.[Tomcat].[localhost].[/]       : Initializing Spring DispatcherServlet 'dispatcherServlet'
2024-07-01T13:19:07.847+01:00  INFO 18604 --- [o-auto-1-exec-1] o.s.web.servlet.DispatcherServlet        : Initializing Servlet 'dispatcherServlet'
2024-07-01T13:19:07.849+01:00  INFO 18604 --- [o-auto-1-exec-1] o.s.web.servlet.DispatcherServlet        : Completed initialization in 1 ms
  &amp#27;[32mWhen &amp#27;[0m&amp#27;[32mthe client calls endpoint &amp#27;[0m&amp#27;[32m&amp#27;[1m"/launch/counter/4"&amp#27;[0m &amp#27;[90m# code.with.vanilson.cucumber.glue.CucumberMySteps.whenClientCalls(java.lang.String)&amp#27;[0m
  &amp#27;[32mThen &amp#27;[0m&amp#27;[32mresponse status code is &amp#27;[0m&amp#27;[32m&amp#27;[1m200&amp#27;[0m                   &amp#27;[90m# code.with.vanilson.cucumber.glue.CucumberMySteps.thenStatusCodee(int)&amp#27;[0m
  &amp#27;[32mAnd &amp#27;[0m&amp#27;[32mreturned string should be &amp#27;[0m&amp#27;[32m&amp#27;[1m"T-3"&amp#27;[0m                &amp#27;[90m# code.with.vanilson.cucumber.glue.CucumberMySteps.thenStringIs(java.lang.String)&amp#27;[0m
]]></system-out>
  </testcase>
  <testcase name="Call backend with ONE" classname="Countdown to launch should work" time="0.033">
    <system-out><![CDATA[2024-07-01T13:19:07.964+01:00  INFO 18604 --- [           main] t.c.s.AnnotationConfigContextLoaderUtils : Could not detect default configuration classes for test class [code.with.vanilson.cucumber.config.CucumberSpringConfiguration]: CucumberSpringConfiguration does not declare any static, non-private, non-final, nested classes annotated with @Configuration.
2024-07-01T13:19:07.966+01:00  INFO 18604 --- [           main] .b.t.c.SpringBootTestContextBootstrapper : Found @SpringBootConfiguration code.with.vanilson.cucumber.DemoCucumberApplication for test class code.with.vanilson.cucumber.config.CucumberSpringConfiguration

Scenario: Call backend with ONE                      &amp#27;[90m# features/count-down/CountDown.feature:8&amp#27;[0m
  &amp#27;[32mWhen &amp#27;[0m&amp#27;[32mthe client calls endpoint &amp#27;[0m&amp#27;[32m&amp#27;[1m"/launch/counter/1"&amp#27;[0m &amp#27;[90m# code.with.vanilson.cucumber.glue.CucumberMySteps.whenClientCalls(java.lang.String)&amp#27;[0m
  &amp#27;[32mThen &amp#27;[0m&amp#27;[32mresponse status code is &amp#27;[0m&amp#27;[32m&amp#27;[1m200&amp#27;[0m                   &amp#27;[90m# code.with.vanilson.cucumber.glue.CucumberMySteps.thenStatusCodee(int)&amp#27;[0m
  &amp#27;[32mAnd &amp#27;[0m&amp#27;[32mreturned string should be &amp#27;[0m&amp#27;[32m&amp#27;[1m"Launch! Go go go!"&amp#27;[0m  &amp#27;[90m# code.with.vanilson.cucumber.glue.CucumberMySteps.thenStringIs(java.lang.String)&amp#27;[0m
]]></system-out>
  </testcase>
  <testcase name="Call backend with rubbish non existing endpoint" classname="Countdown to launch should work" time="0.177">
    <system-out><![CDATA[2024-07-01T13:19:07.997+01:00  INFO 18604 --- [           main] t.c.s.AnnotationConfigContextLoaderUtils : Could not detect default configuration classes for test class [code.with.vanilson.cucumber.config.CucumberSpringConfiguration]: CucumberSpringConfiguration does not declare any static, non-private, non-final, nested classes annotated with @Configuration.
2024-07-01T13:19:07.999+01:00  INFO 18604 --- [           main] .b.t.c.SpringBootTestContextBootstrapper : Found @SpringBootConfiguration code.with.vanilson.cucumber.DemoCucumberApplication for test class code.with.vanilson.cucumber.config.CucumberSpringConfiguration

Scenario: Call backend with rubbish non existing endpoint     &amp#27;[90m# features/count-down/CountDown.feature:13&amp#27;[0m
  &amp#27;[32mWhen &amp#27;[0m&amp#27;[32mthe client calls endpoint &amp#27;[0m&amp#27;[32m&amp#27;[1m"/launch/yesyes/mycounter/1"&amp#27;[0m &amp#27;[90m# code.with.vanilson.cucumber.glue.CucumberMySteps.whenClientCalls(java.lang.String)&amp#27;[0m
  &amp#27;[32mThen &amp#27;[0m&amp#27;[32mresponse status code is not present&amp#27;[0m                    &amp#27;[90m# code.with.vanilson.cucumber.glue.CucumberMySteps.thenStatusCodeeIsNotPresent()&amp#27;[0m
]]></system-out>
    <system-err><![CDATA[org.springframework.web.client.HttpClientErrorException$NotFound: 404 : "{"timestamp":"2024-07-01T12:19:08.068+00:00","status":404,"error":"Not Found","path":"/launch/yesyes/mycounter/1"}"
	at org.springframework.web.client.HttpClientErrorException.create(HttpClientErrorException.java:112)
	at org.springframework.web.client.DefaultResponseErrorHandler.handleError(DefaultResponseErrorHandler.java:183)
	at org.springframework.web.client.DefaultResponseErrorHandler.handleError(DefaultResponseErrorHandler.java:137)
	at org.springframework.web.client.ResponseErrorHandler.handleError(ResponseErrorHandler.java:63)
	at org.springframework.web.client.RestTemplate.handleResponse(RestTemplate.java:915)
	at org.springframework.web.client.RestTemplate.doExecute(RestTemplate.java:864)
	at org.springframework.web.client.RestTemplate.execute(RestTemplate.java:764)
	at org.springframework.web.client.RestTemplate.exchange(RestTemplate.java:646)
	at code.with.vanilson.cucumber.glue.CucumberMySteps.whenClientCalls(CucumberMySteps.java:37)
	at java.base/jdk.internal.reflect.NativeMethodAccessorImpl.invoke0(Native Method)
	at java.base/jdk.internal.reflect.NativeMethodAccessorImpl.invoke(NativeMethodAccessorImpl.java:77)
	at java.base/jdk.internal.reflect.DelegatingMethodAccessorImpl.invoke(DelegatingMethodAccessorImpl.java:43)
	at java.base/java.lang.reflect.Method.invoke(Method.java:568)
	at io.cucumber.java.Invoker.doInvoke(Invoker.java:66)
	at io.cucumber.java.Invoker.invoke(Invoker.java:24)
	at io.cucumber.java.AbstractGlueDefinition.invokeMethod(AbstractGlueDefinition.java:47)
	at io.cucumber.java.JavaStepDefinition.execute(JavaStepDefinition.java:29)
	at io.cucumber.core.runner.CoreStepDefinition.execute(CoreStepDefinition.java:66)
	at io.cucumber.core.runner.PickleStepDefinitionMatch.runStep(PickleStepDefinitionMatch.java:63)
	at io.cucumber.core.runner.ExecutionMode$1.execute(ExecutionMode.java:10)
	at io.cucumber.core.runner.TestStep.executeStep(TestStep.java:86)
	at io.cucumber.core.runner.TestStep.run(TestStep.java:57)
	at io.cucumber.core.runner.PickleStepTestStep.run(PickleStepTestStep.java:51)
	at io.cucumber.core.runner.TestCase.run(TestCase.java:95)
	at io.cucumber.core.runner.Runner.runPickle(Runner.java:75)
	at io.cucumber.junit.platform.engine.CucumberEngineExecutionContext.lambda$runTestCase$3(CucumberEngineExecutionContext.java:88)
	at io.cucumber.core.runtime.CucumberExecutionContext.lambda$runTestCase$3(CucumberExecutionContext.java:110)
	at io.cucumber.core.runtime.RethrowingThrowableCollector.executeAndThrow(RethrowingThrowableCollector.java:23)
	at io.cucumber.core.runtime.CucumberExecutionContext.runTestCase(CucumberExecutionContext.java:110)
	at io.cucumber.junit.platform.engine.CucumberEngineExecutionContext.runTestCase(CucumberEngineExecutionContext.java:85)
	at io.cucumber.junit.platform.engine.PickleDescriptor.execute(PickleDescriptor.java:100)
	at io.cucumber.junit.platform.engine.PickleDescriptor.execute(PickleDescriptor.java:29)
	at org.junit.platform.engine.support.hierarchical.NodeTestTask.lambda$executeRecursively$6(NodeTestTask.java:151)
	at org.junit.platform.engine.support.hierarchical.ThrowableCollector.execute(ThrowableCollector.java:73)
	at org.junit.platform.engine.support.hierarchical.NodeTestTask.lambda$executeRecursively$8(NodeTestTask.java:141)
	at org.junit.platform.engine.support.hierarchical.Node.around(Node.java:137)
	at org.junit.platform.engine.support.hierarchical.NodeTestTask.lambda$executeRecursively$9(NodeTestTask.java:139)
	at org.junit.platform.engine.support.hierarchical.ThrowableCollector.execute(ThrowableCollector.java:73)
	at org.junit.platform.engine.support.hierarchical.NodeTestTask.executeRecursively(NodeTestTask.java:138)
	at org.junit.platform.engine.support.hierarchical.NodeTestTask.execute(NodeTestTask.java:95)
	at java.base/java.util.ArrayList.forEach(ArrayList.java:1511)
	at org.junit.platform.engine.support.hierarchical.SameThreadHierarchicalTestExecutorService.invokeAll(SameThreadHierarchicalTestExecutorService.java:41)
	at org.junit.platform.engine.support.hierarchical.NodeTestTask.lambda$executeRecursively$6(NodeTestTask.java:155)
	at org.junit.platform.engine.support.hierarchical.ThrowableCollector.execute(ThrowableCollector.java:73)
	at org.junit.platform.engine.support.hierarchical.NodeTestTask.lambda$executeRecursively$8(NodeTestTask.java:141)
	at org.junit.platform.engine.support.hierarchical.Node.around(Node.java:137)
	at org.junit.platform.engine.support.hierarchical.NodeTestTask.lambda$executeRecursively$9(NodeTestTask.java:139)
	at org.junit.platform.engine.support.hierarchical.ThrowableCollector.execute(ThrowableCollector.java:73)
	at org.junit.platform.engine.support.hierarchical.NodeTestTask.executeRecursively(NodeTestTask.java:138)
	at org.junit.platform.engine.support.hierarchical.NodeTestTask.execute(NodeTestTask.java:95)
	at java.base/java.util.ArrayList.forEach(ArrayList.java:1511)
	at org.junit.platform.engine.support.hierarchical.SameThreadHierarchicalTestExecutorService.invokeAll(SameThreadHierarchicalTestExecutorService.java:41)
	at org.junit.platform.engine.support.hierarchical.NodeTestTask.lambda$executeRecursively$6(NodeTestTask.java:155)
	at org.junit.platform.engine.support.hierarchical.ThrowableCollector.execute(ThrowableCollector.java:73)
	at org.junit.platform.engine.support.hierarchical.NodeTestTask.lambda$executeRecursively$8(NodeTestTask.java:141)
	at org.junit.platform.engine.support.hierarchical.Node.around(Node.java:137)
	at org.junit.platform.engine.support.hierarchical.NodeTestTask.lambda$executeRecursively$9(NodeTestTask.java:139)
	at org.junit.platform.engine.support.hierarchical.ThrowableCollector.execute(ThrowableCollector.java:73)
	at org.junit.platform.engine.support.hierarchical.NodeTestTask.executeRecursively(NodeTestTask.java:138)
	at org.junit.platform.engine.support.hierarchical.NodeTestTask.execute(NodeTestTask.java:95)
	at org.junit.platform.engine.support.hierarchical.SameThreadHierarchicalTestExecutorService.submit(SameThreadHierarchicalTestExecutorService.java:35)
	at org.junit.platform.engine.support.hierarchical.HierarchicalTestExecutor.execute(HierarchicalTestExecutor.java:57)
	at org.junit.platform.engine.support.hierarchical.HierarchicalTestEngine.execute(HierarchicalTestEngine.java:54)
	at org.junit.platform.launcher.core.EngineExecutionOrchestrator.execute(EngineExecutionOrchestrator.java:147)
	at org.junit.platform.launcher.core.EngineExecutionOrchestrator.execute(EngineExecutionOrchestrator.java:127)
	at org.junit.platform.launcher.core.EngineExecutionOrchestrator.execute(EngineExecutionOrchestrator.java:90)
	at org.junit.platform.launcher.core.EngineExecutionOrchestrator.execute(EngineExecutionOrchestrator.java:73)
	at org.junit.platform.suite.engine.SuiteLauncher.execute(SuiteLauncher.java:63)
	at org.junit.platform.suite.engine.SuiteTestDescriptor.execute(SuiteTestDescriptor.java:150)
	at org.junit.platform.suite.engine.SuiteTestEngine.lambda$execute$0(SuiteTestEngine.java:73)
	at java.base/java.util.stream.ForEachOps$ForEachOp$OfRef.accept(ForEachOps.java:183)
	at java.base/java.util.stream.ReferencePipeline$3$1.accept(ReferencePipeline.java:197)
	at java.base/java.util.Iterator.forEachRemaining(Iterator.java:133)
	at java.base/java.util.Spliterators$IteratorSpliterator.forEachRemaining(Spliterators.java:1845)
	at java.base/java.util.stream.AbstractPipeline.copyInto(AbstractPipeline.java:509)
	at java.base/java.util.stream.AbstractPipeline.wrapAndCopyInto(AbstractPipeline.java:499)
	at java.base/java.util.stream.ForEachOps$ForEachOp.evaluateSequential(ForEachOps.java:150)
	at java.base/java.util.stream.ForEachOps$ForEachOp$OfRef.evaluateSequential(ForEachOps.java:173)
	at java.base/java.util.stream.AbstractPipeline.evaluate(AbstractPipeline.java:234)
	at java.base/java.util.stream.ReferencePipeline.forEach(ReferencePipeline.java:596)
	at org.junit.platform.suite.engine.SuiteTestEngine.execute(SuiteTestEngine.java:73)
	at org.junit.platform.launcher.core.EngineExecutionOrchestrator.execute(EngineExecutionOrchestrator.java:147)
	at org.junit.platform.launcher.core.EngineExecutionOrchestrator.execute(EngineExecutionOrchestrator.java:127)
	at org.junit.platform.launcher.core.EngineExecutionOrchestrator.execute(EngineExecutionOrchestrator.java:90)
	at org.junit.platform.launcher.core.EngineExecutionOrchestrator.lambda$execute$0(EngineExecutionOrchestrator.java:55)
	at org.junit.platform.launcher.core.EngineExecutionOrchestrator.withInterceptedStreams(EngineExecutionOrchestrator.java:102)
	at org.junit.platform.launcher.core.EngineExecutionOrchestrator.execute(EngineExecutionOrchestrator.java:54)
	at org.junit.platform.launcher.core.DefaultLauncher.execute(DefaultLauncher.java:114)
	at org.junit.platform.launcher.core.DefaultLauncher.execute(DefaultLauncher.java:86)
	at org.junit.platform.launcher.core.DefaultLauncherSession$DelegatingLauncher.execute(DefaultLauncherSession.java:86)
	at org.apache.maven.surefire.junitplatform.LazyLauncher.execute(LazyLauncher.java:56)
	at org.apache.maven.surefire.junitplatform.JUnitPlatformProvider.execute(JUnitPlatformProvider.java:184)
	at org.apache.maven.surefire.junitplatform.JUnitPlatformProvider.invokeAllTests(JUnitPlatformProvider.java:148)
	at org.apache.maven.surefire.junitplatform.JUnitPlatformProvider.invoke(JUnitPlatformProvider.java:122)
	at org.apache.maven.surefire.booter.ForkedBooter.runSuitesInProcess(ForkedBooter.java:385)
	at org.apache.maven.surefire.booter.ForkedBooter.execute(ForkedBooter.java:162)
	at org.apache.maven.surefire.booter.ForkedBooter.run(ForkedBooter.java:507)
	at org.apache.maven.surefire.booter.ForkedBooter.main(ForkedBooter.java:495)
]]></system-err>
  </testcase>
  <testcase name="Send DT as data" classname="Lets use DT" time="0.226">
    <system-out><![CDATA[2024-07-01T13:19:08.175+01:00  INFO 18604 --- [           main] t.c.s.AnnotationConfigContextLoaderUtils : Could not detect default configuration classes for test class [code.with.vanilson.cucumber.config.CucumberSpringConfiguration]: CucumberSpringConfiguration does not declare any static, non-private, non-final, nested classes annotated with @Configuration.
2024-07-01T13:19:08.177+01:00  INFO 18604 --- [           main] .b.t.c.SpringBootTestContextBootstrapper : Found @SpringBootConfiguration code.with.vanilson.cucumber.DemoCucumberApplication for test class code.with.vanilson.cucumber.config.CucumberSpringConfiguration

Scenario: Send DT as data                                     &amp#27;[90m# features/datatable/ScenarioWithDataTable.feature:3&amp#27;[0m
| shipName    | fuel | maxSpeed |
| Eagle 2     | 99   | 4323.26  |
| Owl         | 28   | 553.1    |
| The sparrow | 65   | 6323.2   |
| R2D2        | 34   | 2313.3   |

[{shipName=Eagle 2, fuel=99, maxSpeed=4323.26}, {shipName=Owl, fuel=28, maxSpeed=553.1}, {shipName=The sparrow, fuel=65, maxSpeed=6323.2}, {shipName=R2D2, fuel=34, maxSpeed=2313.3}]
  &amp#27;[32mGiven &amp#27;[0m&amp#27;[32mWe have gaffa taped the following spaceships together&amp#27;[0m &amp#27;[90m# code.with.vanilson.cucumber.glue.CucumberMySteps.weHaveGaffaTapedTheFollowingSpaceshipsTogether(io.cucumber.datatable.DataTable)&amp#27;[0m
    | shipName    | fuel | maxSpeed |
    | Eagle 2     | 99   | 4323.26  |
    | Owl         | 28   | 553.1    |
    | The sparrow | 65   | 6323.2   |
    | R2D2        | 34   | 2313.3   |
Response from post SpaceShipDto[id=1, shipName=Eagle 2, fuel=99, maxSpeed=4323.26]
Response from post SpaceShipDto[id=2, shipName=Owl, fuel=28, maxSpeed=553.1]
Response from post SpaceShipDto[id=3, shipName=The sparrow, fuel=65, maxSpeed=6323.2]
Response from post SpaceShipDto[id=4, shipName=R2D2, fuel=34, maxSpeed=2313.3]
  &amp#27;[32mWhen &amp#27;[0m&amp#27;[32msend ships to rest controller&amp#27;[0m                          &amp#27;[90m# code.with.vanilson.cucumber.glue.CucumberMySteps.sendShipsToRestController()&amp#27;[0m
  &amp#27;[32mThen &amp#27;[0m&amp#27;[32mall ships should now have an id&amp#27;[0m                        &amp#27;[90m# code.with.vanilson.cucumber.glue.CucumberMySteps.shipsShouldHaveIds(io.cucumber.datatable.DataTable)&amp#27;[0m
    | shipName    |
    | R2D2        |
    | Owl         |
    | The sparrow |
    | Eagle 2     |
]]></system-out>
  </testcase>
  <testcase name="Example #1" classname="Examples" time="0.027">
    <system-out><![CDATA[2024-07-01T13:19:08.404+01:00  INFO 18604 --- [           main] t.c.s.AnnotationConfigContextLoaderUtils : Could not detect default configuration classes for test class [code.with.vanilson.cucumber.config.CucumberSpringConfiguration]: CucumberSpringConfiguration does not declare any static, non-private, non-final, nested classes annotated with @Configuration.
2024-07-01T13:19:08.406+01:00  INFO 18604 --- [           main] .b.t.c.SpringBootTestContextBootstrapper : Found @SpringBootConfiguration code.with.vanilson.cucumber.DemoCucumberApplication for test class code.with.vanilson.cucumber.config.CucumberSpringConfiguration

Scenario Outline: Introduce yourself and then say hi &amp#27;[90m# features/greetings/GreetingsTest.feature:11&amp#27;[0m
  &amp#27;[32mWhen &amp#27;[0m&amp#27;[32mwe introduce ourselves as &amp#27;[0m&amp#27;[32m&amp#27;[1m"Mike"&amp#27;[0m              &amp#27;[90m# code.with.vanilson.cucumber.glue.GreetingStepdefs.introduceOurselves(java.lang.String)&amp#27;[0m
  &amp#27;[32mAnd &amp#27;[0m&amp#27;[32mwe say we want greeting &amp#27;[0m&amp#27;[32m&amp#27;[1m"hi"&amp#27;[0m                   &amp#27;[90m# code.with.vanilson.cucumber.glue.GreetingStepdefs.greeting(java.lang.String)&amp#27;[0m
hi Mike
  &amp#27;[32mThen &amp#27;[0m&amp#27;[32mplease say &amp#27;[0m&amp#27;[32m&amp#27;[1m"hi Mike"&amp#27;[0m                          &amp#27;[90m# code.with.vanilson.cucumber.glue.GreetingStepdefs.assertGreeting(java.lang.String)&amp#27;[0m
]]></system-out>
  </testcase>
  <testcase name="Example #2" classname="Examples" time="0.023">
    <system-out><![CDATA[2024-07-01T13:19:08.431+01:00  INFO 18604 --- [           main] t.c.s.AnnotationConfigContextLoaderUtils : Could not detect default configuration classes for test class [code.with.vanilson.cucumber.config.CucumberSpringConfiguration]: CucumberSpringConfiguration does not declare any static, non-private, non-final, nested classes annotated with @Configuration.
2024-07-01T13:19:08.434+01:00  INFO 18604 --- [           main] .b.t.c.SpringBootTestContextBootstrapper : Found @SpringBootConfiguration code.with.vanilson.cucumber.DemoCucumberApplication for test class code.with.vanilson.cucumber.config.CucumberSpringConfiguration

Scenario Outline: Introduce yourself and then say hi &amp#27;[90m# features/greetings/GreetingsTest.feature:12&amp#27;[0m
  &amp#27;[32mWhen &amp#27;[0m&amp#27;[32mwe introduce ourselves as &amp#27;[0m&amp#27;[32m&amp#27;[1m"Nikolai"&amp#27;[0m           &amp#27;[90m# code.with.vanilson.cucumber.glue.GreetingStepdefs.introduceOurselves(java.lang.String)&amp#27;[0m
  &amp#27;[32mAnd &amp#27;[0m&amp#27;[32mwe say we want greeting &amp#27;[0m&amp#27;[32m&amp#27;[1m"yo"&amp#27;[0m                   &amp#27;[90m# code.with.vanilson.cucumber.glue.GreetingStepdefs.greeting(java.lang.String)&amp#27;[0m
yo Nikolai
  &amp#27;[32mThen &amp#27;[0m&amp#27;[32mplease say &amp#27;[0m&amp#27;[32m&amp#27;[1m"yo Nikolai"&amp#27;[0m                       &amp#27;[90m# code.with.vanilson.cucumber.glue.GreetingStepdefs.assertGreeting(java.lang.String)&amp#27;[0m
]]></system-out>
  </testcase>
  <testcase name="Example #3" classname="Examples" time="0.027">
    <system-out><![CDATA[2024-07-01T13:19:08.455+01:00  INFO 18604 --- [           main] t.c.s.AnnotationConfigContextLoaderUtils : Could not detect default configuration classes for test class [code.with.vanilson.cucumber.config.CucumberSpringConfiguration]: CucumberSpringConfiguration does not declare any static, non-private, non-final, nested classes annotated with @Configuration.
2024-07-01T13:19:08.457+01:00  INFO 18604 --- [           main] .b.t.c.SpringBootTestContextBootstrapper : Found @SpringBootConfiguration code.with.vanilson.cucumber.DemoCucumberApplication for test class code.with.vanilson.cucumber.config.CucumberSpringConfiguration

Scenario Outline: Introduce yourself and then say hi &amp#27;[90m# features/greetings/GreetingsTest.feature:13&amp#27;[0m
  &amp#27;[32mWhen &amp#27;[0m&amp#27;[32mwe introduce ourselves as &amp#27;[0m&amp#27;[32m&amp#27;[1m"Lillian"&amp#27;[0m           &amp#27;[90m# code.with.vanilson.cucumber.glue.GreetingStepdefs.introduceOurselves(java.lang.String)&amp#27;[0m
  &amp#27;[32mAnd &amp#27;[0m&amp#27;[32mwe say we want greeting &amp#27;[0m&amp#27;[32m&amp#27;[1m"yiiihaaa"&amp#27;[0m             &amp#27;[90m# code.with.vanilson.cucumber.glue.GreetingStepdefs.greeting(java.lang.String)&amp#27;[0m
yiiihaaa Lillian
  &amp#27;[32mThen &amp#27;[0m&amp#27;[32mplease say &amp#27;[0m&amp#27;[32m&amp#27;[1m"yiiihaaa Lillian"&amp#27;[0m                 &amp#27;[90m# code.with.vanilson.cucumber.glue.GreetingStepdefs.assertGreeting(java.lang.String)&amp#27;[0m
]]></system-out>
  </testcase>
  <testcase name="Example #4" classname="Examples" time="0.024">
    <system-out><![CDATA[2024-07-01T13:19:08.485+01:00  INFO 18604 --- [           main] t.c.s.AnnotationConfigContextLoaderUtils : Could not detect default configuration classes for test class [code.with.vanilson.cucumber.config.CucumberSpringConfiguration]: CucumberSpringConfiguration does not declare any static, non-private, non-final, nested classes annotated with @Configuration.
2024-07-01T13:19:08.488+01:00  INFO 18604 --- [           main] .b.t.c.SpringBootTestContextBootstrapper : Found @SpringBootConfiguration code.with.vanilson.cucumber.DemoCucumberApplication for test class code.with.vanilson.cucumber.config.CucumberSpringConfiguration

Scenario Outline: Introduce yourself and then say hi &amp#27;[90m# features/greetings/GreetingsTest.feature:14&amp#27;[0m
  &amp#27;[32mWhen &amp#27;[0m&amp#27;[32mwe introduce ourselves as &amp#27;[0m&amp#27;[32m&amp#27;[1m"SÃ¸ren"&amp#27;[0m             &amp#27;[90m# code.with.vanilson.cucumber.glue.GreetingStepdefs.introduceOurselves(java.lang.String)&amp#27;[0m
  &amp#27;[32mAnd &amp#27;[0m&amp#27;[32mwe say we want greeting &amp#27;[0m&amp#27;[32m&amp#27;[1m"hello"&amp#27;[0m                &amp#27;[90m# code.with.vanilson.cucumber.glue.GreetingStepdefs.greeting(java.lang.String)&amp#27;[0m
hello Søren
  &amp#27;[32mThen &amp#27;[0m&amp#27;[32mplease say &amp#27;[0m&amp#27;[32m&amp#27;[1m"hello SÃ¸ren"&amp#27;[0m                      &amp#27;[90m# code.with.vanilson.cucumber.glue.GreetingStepdefs.assertGreeting(java.lang.String)&amp#27;[0m
]]></system-out>
  </testcase>
  <testcase name="Example #5" classname="Examples" time="0.033">
    <system-out><![CDATA[2024-07-01T13:19:08.508+01:00  INFO 18604 --- [           main] t.c.s.AnnotationConfigContextLoaderUtils : Could not detect default configuration classes for test class [code.with.vanilson.cucumber.config.CucumberSpringConfiguration]: CucumberSpringConfiguration does not declare any static, non-private, non-final, nested classes annotated with @Configuration.
2024-07-01T13:19:08.511+01:00  INFO 18604 --- [           main] .b.t.c.SpringBootTestContextBootstrapper : Found @SpringBootConfiguration code.with.vanilson.cucumber.DemoCucumberApplication for test class code.with.vanilson.cucumber.config.CucumberSpringConfiguration

Scenario Outline: Introduce yourself and then say hi &amp#27;[90m# features/greetings/GreetingsTest.feature:15&amp#27;[0m
  &amp#27;[32mWhen &amp#27;[0m&amp#27;[32mwe introduce ourselves as &amp#27;[0m&amp#27;[32m&amp#27;[1m"Paulina"&amp#27;[0m           &amp#27;[90m# code.with.vanilson.cucumber.glue.GreetingStepdefs.introduceOurselves(java.lang.String)&amp#27;[0m
  &amp#27;[32mAnd &amp#27;[0m&amp#27;[32mwe say we want greeting &amp#27;[0m&amp#27;[32m&amp#27;[1m"Goodday"&amp#27;[0m              &amp#27;[90m# code.with.vanilson.cucumber.glue.GreetingStepdefs.greeting(java.lang.String)&amp#27;[0m
Goodday Paulina
  &amp#27;[32mThen &amp#27;[0m&amp#27;[32mplease say &amp#27;[0m&amp#27;[32m&amp#27;[1m"Goodday Paulina"&amp#27;[0m                  &amp#27;[90m# code.with.vanilson.cucumber.glue.GreetingStepdefs.assertGreeting(java.lang.String)&amp#27;[0m
]]></system-out>
  </testcase>
  <testcase name="Example #6" classname="Examples" time="0.029">
    <system-out><![CDATA[2024-07-01T13:19:08.542+01:00  INFO 18604 --- [           main] t.c.s.AnnotationConfigContextLoaderUtils : Could not detect default configuration classes for test class [code.with.vanilson.cucumber.config.CucumberSpringConfiguration]: CucumberSpringConfiguration does not declare any static, non-private, non-final, nested classes annotated with @Configuration.
2024-07-01T13:19:08.544+01:00  INFO 18604 --- [           main] .b.t.c.SpringBootTestContextBootstrapper : Found @SpringBootConfiguration code.with.vanilson.cucumber.DemoCucumberApplication for test class code.with.vanilson.cucumber.config.CucumberSpringConfiguration

Scenario Outline: Introduce yourself and then say hi &amp#27;[90m# features/greetings/GreetingsTest.feature:16&amp#27;[0m
  &amp#27;[32mWhen &amp#27;[0m&amp#27;[32mwe introduce ourselves as &amp#27;[0m&amp#27;[32m&amp#27;[1m"My friend"&amp#27;[0m         &amp#27;[90m# code.with.vanilson.cucumber.glue.GreetingStepdefs.introduceOurselves(java.lang.String)&amp#27;[0m
  &amp#27;[32mAnd &amp#27;[0m&amp#27;[32mwe say we want greeting &amp#27;[0m&amp#27;[32m&amp#27;[1m"Goodmorning"&amp#27;[0m          &amp#27;[90m# code.with.vanilson.cucumber.glue.GreetingStepdefs.greeting(java.lang.String)&amp#27;[0m
Goodmorning My friend
  &amp#27;[32mThen &amp#27;[0m&amp#27;[32mplease say &amp#27;[0m&amp#27;[32m&amp#27;[1m"Goodmorning My friend"&amp#27;[0m            &amp#27;[90m# code.with.vanilson.cucumber.glue.GreetingStepdefs.assertGreeting(java.lang.String)&amp#27;[0m
]]></system-out>
  </testcase>
</testsuite>